mode: atomic
github.com/spiffe/spike/app/bootstrap/cmd/main.go:27.13,37.12 5 0
github.com/spiffe/spike/app/bootstrap/cmd/main.go:37.12,43.3 5 0
github.com/spiffe/spike/app/bootstrap/cmd/main.go:45.2,46.10 2 0
github.com/spiffe/spike/app/bootstrap/cmd/main.go:46.10,52.3 3 0
github.com/spiffe/spike/app/bootstrap/cmd/main.go:54.2,57.16 4 0
github.com/spiffe/spike/app/bootstrap/cmd/main.go:57.16,63.3 3 0
github.com/spiffe/spike/app/bootstrap/cmd/main.go:65.2,65.39 1 0
github.com/spiffe/spike/app/bootstrap/cmd/main.go:65.39,71.3 3 0
github.com/spiffe/spike/app/bootstrap/cmd/main.go:73.2,83.53 4 0
github.com/spiffe/spike/app/bootstrap/cmd/main.go:83.53,86.48 2 0
github.com/spiffe/spike/app/bootstrap/cmd/main.go:86.48,99.18 3 0
github.com/spiffe/spike/app/bootstrap/cmd/main.go:99.18,102.5 2 0
github.com/spiffe/spike/app/bootstrap/cmd/main.go:104.4,105.20 2 0
github.com/spiffe/spike/app/bootstrap/cmd/main.go:114.3,114.17 1 0
github.com/spiffe/spike/app/bootstrap/cmd/main.go:114.17,116.4 1 0
github.com/spiffe/spike/app/bootstrap/cmd/main.go:120.2,123.58 2 0
github.com/spiffe/spike/app/bootstrap/cmd/main.go:123.58,127.3 1 0
github.com/spiffe/spike/app/bootstrap/cmd/main.go:129.2,129.50 1 0
github.com/spiffe/spike/app/bootstrap/internal/env/env.go:30.25,32.13 2 0
github.com/spiffe/spike/app/bootstrap/internal/env/env.go:32.13,34.27 2 0
github.com/spiffe/spike/app/bootstrap/internal/env/env.go:34.27,36.4 1 0
github.com/spiffe/spike/app/bootstrap/internal/env/env.go:39.2,39.10 1 0
github.com/spiffe/spike/app/bootstrap/internal/env/env.go:56.28,58.13 2 0
github.com/spiffe/spike/app/bootstrap/internal/env/env.go:58.13,60.27 2 0
github.com/spiffe/spike/app/bootstrap/internal/env/env.go:60.27,62.4 1 0
github.com/spiffe/spike/app/bootstrap/internal/env/env.go:65.2,65.10 1 0
github.com/spiffe/spike/app/bootstrap/internal/env/env.go:69.35,71.16 2 0
github.com/spiffe/spike/app/bootstrap/internal/env/env.go:71.16,73.3 1 0
github.com/spiffe/spike/app/bootstrap/internal/env/env.go:74.2,74.46 1 0
github.com/spiffe/spike/app/bootstrap/internal/env/env.go:92.34,95.13 2 0
github.com/spiffe/spike/app/bootstrap/internal/env/env.go:95.13,96.76 1 0
github.com/spiffe/spike/app/bootstrap/internal/env/env.go:99.2,103.25 3 0
github.com/spiffe/spike/app/bootstrap/internal/env/env.go:103.25,105.23 2 0
github.com/spiffe/spike/app/bootstrap/internal/env/env.go:105.23,106.70 1 0
github.com/spiffe/spike/app/bootstrap/internal/env/env.go:110.3,110.28 1 0
github.com/spiffe/spike/app/bootstrap/internal/env/env.go:110.28,115.5 1 0
github.com/spiffe/spike/app/bootstrap/internal/env/env.go:118.3,118.25 1 0
github.com/spiffe/spike/app/bootstrap/internal/env/env.go:118.25,119.57 1 0
github.com/spiffe/spike/app/bootstrap/internal/env/env.go:122.3,122.28 1 0
github.com/spiffe/spike/app/bootstrap/internal/env/env.go:127.2,128.25 2 0
github.com/spiffe/spike/app/bootstrap/internal/env/env.go:128.25,130.3 1 0
github.com/spiffe/spike/app/bootstrap/internal/env/env.go:132.2,132.14 1 0
github.com/spiffe/spike/app/bootstrap/internal/env/env.go:144.29,146.14 2 0
github.com/spiffe/spike/app/bootstrap/internal/env/env.go:146.14,148.3 1 0
github.com/spiffe/spike/app/bootstrap/internal/env/env.go:149.2,149.11 1 0
github.com/spiffe/spike/app/bootstrap/internal/env/env.go:186.35,189.29 2 0
github.com/spiffe/spike/app/bootstrap/internal/env/env.go:190.20,191.14 1 0
github.com/spiffe/spike/app/bootstrap/internal/env/env.go:192.22,193.16 1 0
github.com/spiffe/spike/app/bootstrap/internal/env/env.go:194.22,195.16 1 0
github.com/spiffe/spike/app/bootstrap/internal/env/env.go:196.10,197.16 1 0
github.com/spiffe/spike/app/bootstrap/internal/lifecycle/lifecycle.go:42.29,46.48 2 0
github.com/spiffe/spike/app/bootstrap/internal/lifecycle/lifecycle.go:46.48,50.3 2 0
github.com/spiffe/spike/app/bootstrap/internal/lifecycle/lifecycle.go:53.2,53.46 1 0
github.com/spiffe/spike/app/bootstrap/internal/lifecycle/lifecycle.go:53.46,57.3 2 0
github.com/spiffe/spike/app/bootstrap/internal/lifecycle/lifecycle.go:60.2,60.46 1 0
github.com/spiffe/spike/app/bootstrap/internal/lifecycle/lifecycle.go:60.46,63.3 2 0
github.com/spiffe/spike/app/bootstrap/internal/lifecycle/lifecycle.go:69.2,70.16 2 0
github.com/spiffe/spike/app/bootstrap/internal/lifecycle/lifecycle.go:70.16,73.43 1 0
github.com/spiffe/spike/app/bootstrap/internal/lifecycle/lifecycle.go:73.43,78.4 2 0
github.com/spiffe/spike/app/bootstrap/internal/lifecycle/lifecycle.go:81.3,85.15 2 0
github.com/spiffe/spike/app/bootstrap/internal/lifecycle/lifecycle.go:89.2,90.16 2 0
github.com/spiffe/spike/app/bootstrap/internal/lifecycle/lifecycle.go:90.16,97.3 2 0
github.com/spiffe/spike/app/bootstrap/internal/lifecycle/lifecycle.go:99.2,101.73 2 0
github.com/spiffe/spike/app/bootstrap/internal/lifecycle/lifecycle.go:101.73,103.3 1 0
github.com/spiffe/spike/app/bootstrap/internal/lifecycle/lifecycle.go:105.2,110.16 2 0
github.com/spiffe/spike/app/bootstrap/internal/lifecycle/lifecycle.go:110.16,117.3 2 0
github.com/spiffe/spike/app/bootstrap/internal/lifecycle/lifecycle.go:119.2,123.24 4 0
github.com/spiffe/spike/app/bootstrap/internal/lifecycle/lifecycle.go:123.24,133.3 3 0
github.com/spiffe/spike/app/bootstrap/internal/lifecycle/lifecycle.go:136.2,136.13 1 0
github.com/spiffe/spike/app/bootstrap/internal/lifecycle/lifecycle.go:152.36,157.16 3 0
github.com/spiffe/spike/app/bootstrap/internal/lifecycle/lifecycle.go:157.16,158.43 1 0
github.com/spiffe/spike/app/bootstrap/internal/lifecycle/lifecycle.go:158.43,163.4 2 0
github.com/spiffe/spike/app/bootstrap/internal/lifecycle/lifecycle.go:164.3,164.13 1 0
github.com/spiffe/spike/app/bootstrap/internal/lifecycle/lifecycle.go:167.2,168.16 2 0
github.com/spiffe/spike/app/bootstrap/internal/lifecycle/lifecycle.go:168.16,170.3 1 0
github.com/spiffe/spike/app/bootstrap/internal/lifecycle/lifecycle.go:172.2,173.73 2 0
github.com/spiffe/spike/app/bootstrap/internal/lifecycle/lifecycle.go:173.73,175.3 1 0
github.com/spiffe/spike/app/bootstrap/internal/lifecycle/lifecycle.go:178.2,193.16 4 0
github.com/spiffe/spike/app/bootstrap/internal/lifecycle/lifecycle.go:193.16,198.3 1 0
github.com/spiffe/spike/app/bootstrap/internal/lifecycle/lifecycle.go:200.2,200.16 1 0
github.com/spiffe/spike/app/bootstrap/internal/lifecycle/lifecycle.go:200.16,204.3 2 0
github.com/spiffe/spike/app/bootstrap/internal/lifecycle/lifecycle.go:206.2,208.12 2 0
github.com/spiffe/spike/app/bootstrap/internal/net/net.go:30.39,35.16 3 0
github.com/spiffe/spike/app/bootstrap/internal/net/net.go:35.16,37.3 1 0
github.com/spiffe/spike/app/bootstrap/internal/net/net.go:38.2,38.15 1 0
github.com/spiffe/spike/app/bootstrap/internal/net/net.go:46.62,51.16 3 0
github.com/spiffe/spike/app/bootstrap/internal/net/net.go:51.16,55.3 1 0
github.com/spiffe/spike/app/bootstrap/internal/net/net.go:56.2,56.15 1 0
github.com/spiffe/spike/app/bootstrap/internal/net/net.go:65.65,69.16 3 0
github.com/spiffe/spike/app/bootstrap/internal/net/net.go:69.16,72.3 1 0
github.com/spiffe/spike/app/bootstrap/internal/net/net.go:74.2,74.47 1 0
github.com/spiffe/spike/app/bootstrap/internal/net/net.go:74.47,78.3 1 0
github.com/spiffe/spike/app/bootstrap/internal/net/net.go:80.2,86.16 6 0
github.com/spiffe/spike/app/bootstrap/internal/net/net.go:86.16,90.3 1 0
github.com/spiffe/spike/app/bootstrap/internal/net/net.go:92.2,92.11 1 0
github.com/spiffe/spike/app/bootstrap/internal/net/net.go:99.76,105.16 4 1
github.com/spiffe/spike/app/bootstrap/internal/net/net.go:105.16,109.3 1 0
github.com/spiffe/spike/app/bootstrap/internal/net/net.go:110.2,110.12 1 1
github.com/spiffe/spike/app/bootstrap/internal/state/state.go:29.34,33.53 3 4
github.com/spiffe/spike/app/bootstrap/internal/state/state.go:33.53,35.3 1 0
github.com/spiffe/spike/app/bootstrap/internal/state/state.go:38.2,47.67 6 4
github.com/spiffe/spike/app/bootstrap/internal/state/state.go:47.67,49.3 1 0
github.com/spiffe/spike/app/bootstrap/internal/state/state.go:57.2,68.11 7 4
github.com/spiffe/spike/app/bootstrap/internal/state/state.go:80.16,84.32 3 1
github.com/spiffe/spike/app/bootstrap/internal/state/state.go:84.32,86.17 2 1
github.com/spiffe/spike/app/bootstrap/internal/state/state.go:86.17,89.4 1 0
github.com/spiffe/spike/app/bootstrap/internal/state/state.go:91.3,91.67 1 1
github.com/spiffe/spike/app/bootstrap/internal/state/state.go:91.67,93.9 2 1
github.com/spiffe/spike/app/bootstrap/internal/state/state.go:97.2,97.23 1 1
github.com/spiffe/spike/app/bootstrap/internal/state/state.go:97.23,100.3 1 0
github.com/spiffe/spike/app/bootstrap/internal/state/state.go:102.2,102.14 1 1
github.com/spiffe/spike/app/bootstrap/internal/state/test_helper.go:16.67,22.25 4 2
github.com/spiffe/spike/app/bootstrap/internal/state/test_helper.go:22.25,24.3 1 64
github.com/spiffe/spike/app/bootstrap/internal/state/test_helper.go:26.2,27.16 2 2
github.com/spiffe/spike/app/bootstrap/internal/state/test_helper.go:27.16,29.3 1 0
github.com/spiffe/spike/app/bootstrap/internal/state/test_helper.go:32.2,36.34 4 2
github.com/spiffe/spike/app/bootstrap/internal/url/url.go:19.50,25.16 3 0
github.com/spiffe/spike/app/bootstrap/internal/url/url.go:25.16,29.3 1 0
github.com/spiffe/spike/app/bootstrap/internal/url/url.go:30.2,30.10 1 0
github.com/spiffe/spike/app/bootstrap/internal/validation/validation.go:39.62,46.15 4 0
github.com/spiffe/spike/app/bootstrap/internal/validation/validation.go:46.15,47.27 1 0
github.com/spiffe/spike/app/bootstrap/internal/validation/validation.go:47.27,49.4 1 0
github.com/spiffe/spike/app/bootstrap/internal/validation/validation.go:50.3,50.29 1 0
github.com/spiffe/spike/app/bootstrap/internal/validation/validation.go:53.2,53.16 1 0
github.com/spiffe/spike/app/bootstrap/internal/validation/validation.go:53.16,58.3 2 0
github.com/spiffe/spike/app/bootstrap/internal/validation/validation.go:59.2,59.36 1 0
github.com/spiffe/spike/app/bootstrap/internal/validation/validation.go:59.36,64.3 2 0
github.com/spiffe/spike/app/demo/cmd/main.go:13.13,35.16 7 0
github.com/spiffe/spike/app/demo/cmd/main.go:35.16,38.3 2 0
github.com/spiffe/spike/app/demo/cmd/main.go:42.2,43.16 2 0
github.com/spiffe/spike/app/demo/cmd/main.go:43.16,46.3 2 0
github.com/spiffe/spike/app/demo/cmd/main.go:48.2,48.19 1 0
github.com/spiffe/spike/app/demo/cmd/main.go:48.19,51.3 2 0
github.com/spiffe/spike/app/demo/cmd/main.go:53.2,56.25 3 0
github.com/spiffe/spike/app/demo/cmd/main.go:56.25,58.3 1 0
github.com/spiffe/spike/app/keeper/cmd/main.go:24.13,25.25 1 0
github.com/spiffe/spike/app/keeper/cmd/main.go:25.25,33.3 1 0
github.com/spiffe/spike/app/keeper/cmd/main.go:35.2,35.16 1 0
github.com/spiffe/spike/app/keeper/cmd/main.go:35.16,37.3 1 0
github.com/spiffe/spike/app/keeper/cmd/main.go:37.8,40.3 1 0
github.com/spiffe/spike/app/keeper/cmd/main.go:42.2,46.16 4 0
github.com/spiffe/spike/app/keeper/cmd/main.go:46.16,48.3 1 0
github.com/spiffe/spike/app/keeper/cmd/main.go:49.2,52.38 2 0
github.com/spiffe/spike/app/keeper/cmd/main.go:52.38,56.3 1 0
github.com/spiffe/spike/app/keeper/cmd/main.go:58.2,64.28 2 0
github.com/spiffe/spike/app/keeper/internal/env/out.go:24.27,27.13 3 0
github.com/spiffe/spike/app/keeper/internal/env/out.go:27.13,29.3 1 0
github.com/spiffe/spike/app/keeper/internal/env/out.go:30.2,30.20 1 0
github.com/spiffe/spike/app/keeper/internal/env/tls.go:20.23,23.13 2 2
github.com/spiffe/spike/app/keeper/internal/env/tls.go:23.13,25.3 1 2
github.com/spiffe/spike/app/keeper/internal/env/tls.go:27.2,27.16 1 0
github.com/spiffe/spike/app/keeper/internal/net/serve.go:32.60,35.10 1 0
github.com/spiffe/spike/app/keeper/internal/net/serve.go:35.10,35.45 1 0
github.com/spiffe/spike/app/keeper/internal/net/serve.go:40.16,42.3 1 0
github.com/spiffe/spike/app/keeper/internal/route/base/route.go:33.9,38.51 1 0
github.com/spiffe/spike/app/keeper/internal/route/base/route.go:38.51,39.11 1 0
github.com/spiffe/spike/app/keeper/internal/route/base/route.go:41.61,42.33 1 0
github.com/spiffe/spike/app/keeper/internal/route/base/route.go:44.56,45.28 1 0
github.com/spiffe/spike/app/keeper/internal/route/base/route.go:46.12,47.24 1 0
github.com/spiffe/spike/app/keeper/internal/route/store/contribute.go:54.9,59.24 4 0
github.com/spiffe/spike/app/keeper/internal/route/store/contribute.go:59.24,61.3 1 0
github.com/spiffe/spike/app/keeper/internal/route/store/contribute.go:63.2,68.20 2 0
github.com/spiffe/spike/app/keeper/internal/route/store/contribute.go:68.20,70.3 1 0
github.com/spiffe/spike/app/keeper/internal/route/store/contribute.go:72.2,72.26 1 0
github.com/spiffe/spike/app/keeper/internal/route/store/contribute.go:72.26,78.3 3 0
github.com/spiffe/spike/app/keeper/internal/route/store/contribute.go:82.2,82.15 1 0
github.com/spiffe/spike/app/keeper/internal/route/store/contribute.go:82.15,84.3 1 0
github.com/spiffe/spike/app/keeper/internal/route/store/contribute.go:89.2,89.33 1 0
github.com/spiffe/spike/app/keeper/internal/route/store/contribute.go:89.33,95.3 3 0
github.com/spiffe/spike/app/keeper/internal/route/store/contribute.go:98.2,105.12 5 0
github.com/spiffe/spike/app/keeper/internal/route/store/shard.go:46.9,51.24 4 0
github.com/spiffe/spike/app/keeper/internal/route/store/shard.go:51.24,53.3 1 0
github.com/spiffe/spike/app/keeper/internal/route/store/shard.go:55.2,60.20 2 0
github.com/spiffe/spike/app/keeper/internal/route/store/shard.go:60.20,62.3 1 0
github.com/spiffe/spike/app/keeper/internal/route/store/shard.go:64.2,70.22 4 0
github.com/spiffe/spike/app/keeper/internal/route/store/shard.go:70.22,79.3 4 0
github.com/spiffe/spike/app/keeper/internal/route/store/shard.go:81.2,85.15 2 0
github.com/spiffe/spike/app/keeper/internal/route/store/shard.go:85.15,87.3 1 0
github.com/spiffe/spike/app/keeper/internal/route/store/shard.go:89.2,92.12 3 0
github.com/spiffe/spike/app/keeper/internal/state/shard.go:27.46,32.19 4 5041
github.com/spiffe/spike/app/keeper/internal/state/shard.go:32.19,33.16 1 5184
github.com/spiffe/spike/app/keeper/internal/state/shard.go:33.16,35.9 2 5039
github.com/spiffe/spike/app/keeper/internal/state/shard.go:40.2,40.12 1 5041
github.com/spiffe/spike/app/keeper/internal/state/shard.go:40.12,42.3 1 2
github.com/spiffe/spike/app/keeper/internal/state/shard.go:44.2,44.22 1 5039
github.com/spiffe/spike/app/keeper/internal/state/shard.go:50.48,52.2 1 56384
github.com/spiffe/spike/app/keeper/internal/state/shard.go:57.19,59.2 1 56385
github.com/spiffe/spike/app/keeper/internal/state/shard.go:63.21,65.2 1 56385
github.com/spiffe/spike/app/keeper/internal/state/test_helper.go:8.19,11.23 3 11
github.com/spiffe/spike/app/keeper/internal/state/test_helper.go:11.23,13.3 1 352
github.com/spiffe/spike/app/nexus/cmd/main.go:26.13,27.25 1 0
github.com/spiffe/spike/app/nexus/cmd/main.go:27.25,35.3 1 0
github.com/spiffe/spike/app/nexus/cmd/main.go:37.2,37.16 1 0
github.com/spiffe/spike/app/nexus/cmd/main.go:37.16,39.3 1 0
github.com/spiffe/spike/app/nexus/cmd/main.go:39.8,42.3 1 0
github.com/spiffe/spike/app/nexus/cmd/main.go:44.2,52.16 5 0
github.com/spiffe/spike/app/nexus/cmd/main.go:52.16,54.3 1 0
github.com/spiffe/spike/app/nexus/cmd/main.go:55.2,60.37 3 0
github.com/spiffe/spike/app/nexus/cmd/main.go:60.37,65.3 1 0
github.com/spiffe/spike/app/nexus/cmd/main.go:67.2,75.28 3 0
github.com/spiffe/spike/app/nexus/internal/env/backend.go:48.35,51.29 2 37
github.com/spiffe/spike/app/nexus/internal/env/backend.go:52.20,53.14 1 7
github.com/spiffe/spike/app/nexus/internal/env/backend.go:54.22,55.16 1 7
github.com/spiffe/spike/app/nexus/internal/env/backend.go:56.22,57.16 1 6
github.com/spiffe/spike/app/nexus/internal/env/backend.go:58.10,59.16 1 17
github.com/spiffe/spike/app/nexus/internal/env/database.go:21.35,23.13 2 0
github.com/spiffe/spike/app/nexus/internal/env/database.go:23.13,25.3 1 0
github.com/spiffe/spike/app/nexus/internal/env/database.go:26.2,26.14 1 0
github.com/spiffe/spike/app/nexus/internal/env/database.go:35.34,37.13 2 0
github.com/spiffe/spike/app/nexus/internal/env/database.go:37.13,39.27 2 0
github.com/spiffe/spike/app/nexus/internal/env/database.go:39.27,41.4 1 0
github.com/spiffe/spike/app/nexus/internal/env/database.go:44.2,44.13 1 0
github.com/spiffe/spike/app/nexus/internal/env/database.go:53.33,55.13 2 0
github.com/spiffe/spike/app/nexus/internal/env/database.go:55.13,57.28 2 0
github.com/spiffe/spike/app/nexus/internal/env/database.go:57.28,59.4 1 0
github.com/spiffe/spike/app/nexus/internal/env/database.go:62.2,62.11 1 0
github.com/spiffe/spike/app/nexus/internal/env/database.go:71.33,73.13 2 0
github.com/spiffe/spike/app/nexus/internal/env/database.go:73.13,75.28 2 0
github.com/spiffe/spike/app/nexus/internal/env/database.go:75.28,77.4 1 0
github.com/spiffe/spike/app/nexus/internal/env/database.go:80.2,80.10 1 0
github.com/spiffe/spike/app/nexus/internal/env/database.go:90.49,92.13 2 0
github.com/spiffe/spike/app/nexus/internal/env/database.go:92.13,94.17 2 0
github.com/spiffe/spike/app/nexus/internal/env/database.go:94.17,96.4 1 0
github.com/spiffe/spike/app/nexus/internal/env/database.go:99.2,99.18 1 0
github.com/spiffe/spike/app/nexus/internal/env/database.go:108.47,110.13 2 0
github.com/spiffe/spike/app/nexus/internal/env/database.go:110.13,112.17 2 0
github.com/spiffe/spike/app/nexus/internal/env/database.go:112.17,114.4 1 0
github.com/spiffe/spike/app/nexus/internal/env/database.go:117.2,117.25 1 0
github.com/spiffe/spike/app/nexus/internal/env/database.go:127.52,129.13 2 0
github.com/spiffe/spike/app/nexus/internal/env/database.go:129.13,131.17 2 0
github.com/spiffe/spike/app/nexus/internal/env/database.go:131.17,133.4 1 0
github.com/spiffe/spike/app/nexus/internal/env/database.go:135.2,135.25 1 0
github.com/spiffe/spike/app/nexus/internal/env/database.go:142.40,144.13 2 0
github.com/spiffe/spike/app/nexus/internal/env/database.go:144.13,146.17 2 0
github.com/spiffe/spike/app/nexus/internal/env/database.go:146.17,148.4 1 0
github.com/spiffe/spike/app/nexus/internal/env/database.go:150.2,150.14 1 0
github.com/spiffe/spike/app/nexus/internal/env/keeper.go:18.35,20.16 2 0
github.com/spiffe/spike/app/nexus/internal/env/keeper.go:20.16,22.3 1 0
github.com/spiffe/spike/app/nexus/internal/env/keeper.go:23.2,23.46 1 0
github.com/spiffe/spike/app/nexus/internal/env/keeper.go:41.34,44.13 2 0
github.com/spiffe/spike/app/nexus/internal/env/keeper.go:44.13,45.76 1 0
github.com/spiffe/spike/app/nexus/internal/env/keeper.go:48.2,52.25 3 0
github.com/spiffe/spike/app/nexus/internal/env/keeper.go:52.25,54.23 2 0
github.com/spiffe/spike/app/nexus/internal/env/keeper.go:54.23,55.70 1 0
github.com/spiffe/spike/app/nexus/internal/env/keeper.go:59.3,59.28 1 0
github.com/spiffe/spike/app/nexus/internal/env/keeper.go:59.28,64.5 1 0
github.com/spiffe/spike/app/nexus/internal/env/keeper.go:67.3,67.25 1 0
github.com/spiffe/spike/app/nexus/internal/env/keeper.go:67.25,68.57 1 0
github.com/spiffe/spike/app/nexus/internal/env/keeper.go:71.3,71.28 1 0
github.com/spiffe/spike/app/nexus/internal/env/keeper.go:76.2,77.25 2 0
github.com/spiffe/spike/app/nexus/internal/env/keeper.go:77.25,79.3 1 0
github.com/spiffe/spike/app/nexus/internal/env/keeper.go:81.2,81.14 1 0
github.com/spiffe/spike/app/nexus/internal/env/net.go:16.23,18.13 2 0
github.com/spiffe/spike/app/nexus/internal/env/net.go:18.13,20.3 1 0
github.com/spiffe/spike/app/nexus/internal/env/net.go:22.2,22.16 1 0
github.com/spiffe/spike/app/nexus/internal/env/out.go:24.27,27.13 3 0
github.com/spiffe/spike/app/nexus/internal/env/out.go:27.13,29.3 1 0
github.com/spiffe/spike/app/nexus/internal/env/out.go:30.2,30.20 1 0
github.com/spiffe/spike/app/nexus/internal/env/recovery.go:20.51,22.13 2 0
github.com/spiffe/spike/app/nexus/internal/env/recovery.go:22.13,23.50 1 0
github.com/spiffe/spike/app/nexus/internal/env/recovery.go:23.50,25.4 1 0
github.com/spiffe/spike/app/nexus/internal/env/recovery.go:27.2,27.25 1 0
github.com/spiffe/spike/app/nexus/internal/env/recovery.go:36.51,38.13 2 0
github.com/spiffe/spike/app/nexus/internal/env/recovery.go:38.13,39.50 1 0
github.com/spiffe/spike/app/nexus/internal/env/recovery.go:39.50,41.4 1 0
github.com/spiffe/spike/app/nexus/internal/env/recovery.go:44.2,44.24 1 0
github.com/spiffe/spike/app/nexus/internal/env/secret.go:19.30,21.13 2 0
github.com/spiffe/spike/app/nexus/internal/env/secret.go:21.13,23.27 2 0
github.com/spiffe/spike/app/nexus/internal/env/secret.go:23.27,25.4 1 0
github.com/spiffe/spike/app/nexus/internal/env/secret.go:28.2,28.11 1 0
github.com/spiffe/spike/app/nexus/internal/env/shamir.go:27.25,29.13 2 0
github.com/spiffe/spike/app/nexus/internal/env/shamir.go:29.13,31.27 2 0
github.com/spiffe/spike/app/nexus/internal/env/shamir.go:31.27,33.4 1 0
github.com/spiffe/spike/app/nexus/internal/env/shamir.go:36.2,36.10 1 0
github.com/spiffe/spike/app/nexus/internal/env/shamir.go:53.28,55.13 2 0
github.com/spiffe/spike/app/nexus/internal/env/shamir.go:55.13,57.27 2 0
github.com/spiffe/spike/app/nexus/internal/env/shamir.go:57.27,59.4 1 0
github.com/spiffe/spike/app/nexus/internal/env/shamir.go:62.2,62.10 1 0
github.com/spiffe/spike/app/nexus/internal/initialization/initialization.go:40.49,46.36 3 0
github.com/spiffe/spike/app/nexus/internal/initialization/initialization.go:46.36,59.3 3 0
github.com/spiffe/spike/app/nexus/internal/initialization/initialization.go:61.2,63.13 2 0
github.com/spiffe/spike/app/nexus/internal/initialization/initialization.go:63.13,74.3 5 0
github.com/spiffe/spike/app/nexus/internal/initialization/initialization.go:78.2,82.3 1 0
github.com/spiffe/spike/app/nexus/internal/initialization/recovery/keeper.go:58.8,61.42 2 5
github.com/spiffe/spike/app/nexus/internal/initialization/recovery/keeper.go:61.42,65.3 2 3
github.com/spiffe/spike/app/nexus/internal/initialization/recovery/keeper.go:67.2,67.53 1 2
github.com/spiffe/spike/app/nexus/internal/initialization/recovery/keeper.go:67.53,71.14 3 3
github.com/spiffe/spike/app/nexus/internal/initialization/recovery/keeper.go:71.14,72.12 1 0
github.com/spiffe/spike/app/nexus/internal/initialization/recovery/keeper.go:75.3,76.21 2 3
github.com/spiffe/spike/app/nexus/internal/initialization/recovery/keeper.go:76.21,77.12 1 3
github.com/spiffe/spike/app/nexus/internal/initialization/recovery/keeper.go:80.3,84.17 3 0
github.com/spiffe/spike/app/nexus/internal/initialization/recovery/keeper.go:84.17,85.12 1 0
github.com/spiffe/spike/app/nexus/internal/initialization/recovery/keeper.go:88.3,88.30 1 0
github.com/spiffe/spike/app/nexus/internal/initialization/recovery/keeper.go:88.30,90.12 2 0
github.com/spiffe/spike/app/nexus/internal/initialization/recovery/keeper.go:93.3,94.59 2 0
github.com/spiffe/spike/app/nexus/internal/initialization/recovery/keeper.go:94.59,95.12 1 0
github.com/spiffe/spike/app/nexus/internal/initialization/recovery/keeper.go:102.3,103.49 2 0
github.com/spiffe/spike/app/nexus/internal/initialization/recovery/keeper.go:103.49,105.18 2 0
github.com/spiffe/spike/app/nexus/internal/initialization/recovery/keeper.go:105.18,112.5 2 0
github.com/spiffe/spike/app/nexus/internal/initialization/recovery/keeper.go:114.4,117.6 1 0
github.com/spiffe/spike/app/nexus/internal/initialization/recovery/keeper.go:120.3,123.36 2 0
github.com/spiffe/spike/app/nexus/internal/initialization/recovery/keeper.go:123.36,125.4 1 0
github.com/spiffe/spike/app/nexus/internal/initialization/recovery/keeper.go:129.3,138.14 4 0
github.com/spiffe/spike/app/nexus/internal/initialization/recovery/keeper.go:142.2,142.14 1 2
github.com/spiffe/spike/app/nexus/internal/initialization/recovery/recovery.go:48.72,56.15 4 0
github.com/spiffe/spike/app/nexus/internal/initialization/recovery/recovery.go:56.15,58.42 2 0
github.com/spiffe/spike/app/nexus/internal/initialization/recovery/recovery.go:58.42,62.4 1 0
github.com/spiffe/spike/app/nexus/internal/initialization/recovery/recovery.go:65.2,70.47 3 0
github.com/spiffe/spike/app/nexus/internal/initialization/recovery/recovery.go:70.47,76.21 3 0
github.com/spiffe/spike/app/nexus/internal/initialization/recovery/recovery.go:76.21,79.4 2 0
github.com/spiffe/spike/app/nexus/internal/initialization/recovery/recovery.go:81.3,85.33 2 0
github.com/spiffe/spike/app/nexus/internal/initialization/recovery/recovery.go:94.2,94.16 1 0
github.com/spiffe/spike/app/nexus/internal/initialization/recovery/recovery.go:94.16,96.3 1 0
github.com/spiffe/spike/app/nexus/internal/initialization/recovery/recovery.go:118.63,124.28 3 1
github.com/spiffe/spike/app/nexus/internal/initialization/recovery/recovery.go:124.28,129.53 3 2
github.com/spiffe/spike/app/nexus/internal/initialization/recovery/recovery.go:129.53,136.4 2 0
github.com/spiffe/spike/app/nexus/internal/initialization/recovery/recovery.go:139.2,146.41 2 1
github.com/spiffe/spike/app/nexus/internal/initialization/recovery/recovery.go:146.41,150.3 2 1
github.com/spiffe/spike/app/nexus/internal/initialization/recovery/recovery.go:152.2,158.35 3 0
github.com/spiffe/spike/app/nexus/internal/initialization/recovery/recovery.go:158.35,160.3 1 0
github.com/spiffe/spike/app/nexus/internal/initialization/recovery/recovery.go:163.2,163.15 1 0
github.com/spiffe/spike/app/nexus/internal/initialization/recovery/recovery.go:163.15,165.3 1 0
github.com/spiffe/spike/app/nexus/internal/initialization/recovery/recovery.go:167.2,173.16 4 0
github.com/spiffe/spike/app/nexus/internal/initialization/recovery/recovery.go:173.16,176.3 2 0
github.com/spiffe/spike/app/nexus/internal/initialization/recovery/recovery.go:177.2,181.44 2 0
github.com/spiffe/spike/app/nexus/internal/initialization/recovery/recovery.go:197.61,205.21 5 0
github.com/spiffe/spike/app/nexus/internal/initialization/recovery/recovery.go:205.21,209.26 2 0
github.com/spiffe/spike/app/nexus/internal/initialization/recovery/recovery.go:209.26,211.12 2 0
github.com/spiffe/spike/app/nexus/internal/initialization/recovery/recovery.go:214.3,215.40 2 0
github.com/spiffe/spike/app/nexus/internal/initialization/recovery/recovery.go:215.40,217.4 1 0
github.com/spiffe/spike/app/nexus/internal/initialization/recovery/recovery.go:219.3,219.39 1 0
github.com/spiffe/spike/app/nexus/internal/initialization/recovery/recovery.go:248.67,252.25 3 1
github.com/spiffe/spike/app/nexus/internal/initialization/recovery/recovery.go:252.25,255.3 2 1
github.com/spiffe/spike/app/nexus/internal/initialization/recovery/recovery.go:257.2,261.15 3 0
github.com/spiffe/spike/app/nexus/internal/initialization/recovery/recovery.go:261.15,263.29 2 0
github.com/spiffe/spike/app/nexus/internal/initialization/recovery/recovery.go:263.29,265.4 1 0
github.com/spiffe/spike/app/nexus/internal/initialization/recovery/recovery.go:268.2,270.35 2 0
github.com/spiffe/spike/app/nexus/internal/initialization/recovery/recovery.go:270.35,274.17 3 0
github.com/spiffe/spike/app/nexus/internal/initialization/recovery/recovery.go:274.17,277.4 2 0
github.com/spiffe/spike/app/nexus/internal/initialization/recovery/recovery.go:279.3,279.48 1 0
github.com/spiffe/spike/app/nexus/internal/initialization/recovery/recovery.go:279.48,282.4 2 0
github.com/spiffe/spike/app/nexus/internal/initialization/recovery/recovery.go:284.3,285.17 2 0
github.com/spiffe/spike/app/nexus/internal/initialization/recovery/recovery.go:285.17,288.4 2 0
github.com/spiffe/spike/app/nexus/internal/initialization/recovery/recovery.go:290.3,293.48 3 0
github.com/spiffe/spike/app/nexus/internal/initialization/recovery/recovery.go:293.48,296.4 2 0
github.com/spiffe/spike/app/nexus/internal/initialization/recovery/recovery.go:298.3,303.24 4 0
github.com/spiffe/spike/app/nexus/internal/initialization/recovery/recovery.go:306.2,308.15 2 0
github.com/spiffe/spike/app/nexus/internal/initialization/recovery/root_key.go:46.77,52.15 4 1
github.com/spiffe/spike/app/nexus/internal/initialization/recovery/root_key.go:52.15,53.28 1 1
github.com/spiffe/spike/app/nexus/internal/initialization/recovery/root_key.go:53.28,56.4 2 2
github.com/spiffe/spike/app/nexus/internal/initialization/recovery/root_key.go:60.2,60.33 1 1
github.com/spiffe/spike/app/nexus/internal/initialization/recovery/root_key.go:60.33,72.17 4 2
github.com/spiffe/spike/app/nexus/internal/initialization/recovery/root_key.go:72.17,74.4 1 0
github.com/spiffe/spike/app/nexus/internal/initialization/recovery/root_key.go:76.3,76.33 1 2
github.com/spiffe/spike/app/nexus/internal/initialization/recovery/root_key.go:82.2,84.16 3 1
github.com/spiffe/spike/app/nexus/internal/initialization/recovery/root_key.go:84.16,87.28 1 0
github.com/spiffe/spike/app/nexus/internal/initialization/recovery/root_key.go:87.28,90.4 2 0
github.com/spiffe/spike/app/nexus/internal/initialization/recovery/root_key.go:92.3,92.61 1 0
github.com/spiffe/spike/app/nexus/internal/initialization/recovery/root_key.go:95.2,95.26 1 1
github.com/spiffe/spike/app/nexus/internal/initialization/recovery/root_key.go:95.26,98.28 1 0
github.com/spiffe/spike/app/nexus/internal/initialization/recovery/root_key.go:98.28,101.4 2 0
github.com/spiffe/spike/app/nexus/internal/initialization/recovery/root_key.go:103.3,103.62 1 0
github.com/spiffe/spike/app/nexus/internal/initialization/recovery/root_key.go:106.2,106.26 1 1
github.com/spiffe/spike/app/nexus/internal/initialization/recovery/root_key.go:106.26,108.17 2 1
github.com/spiffe/spike/app/nexus/internal/initialization/recovery/root_key.go:108.17,114.4 3 0
github.com/spiffe/spike/app/nexus/internal/initialization/recovery/root_key.go:116.3,116.45 1 1
github.com/spiffe/spike/app/nexus/internal/initialization/recovery/root_key.go:116.45,119.4 2 0
github.com/spiffe/spike/app/nexus/internal/initialization/recovery/root_key.go:121.3,126.17 4 1
github.com/spiffe/spike/app/nexus/internal/initialization/recovery/root_key.go:129.2,129.38 1 0
github.com/spiffe/spike/app/nexus/internal/initialization/recovery/shamir.go:42.62,49.15 4 0
github.com/spiffe/spike/app/nexus/internal/initialization/recovery/shamir.go:49.15,50.27 1 0
github.com/spiffe/spike/app/nexus/internal/initialization/recovery/shamir.go:50.27,52.4 1 0
github.com/spiffe/spike/app/nexus/internal/initialization/recovery/shamir.go:53.3,53.29 1 0
github.com/spiffe/spike/app/nexus/internal/initialization/recovery/shamir.go:56.2,56.16 1 0
github.com/spiffe/spike/app/nexus/internal/initialization/recovery/shamir.go:56.16,61.3 2 0
github.com/spiffe/spike/app/nexus/internal/initialization/recovery/shamir.go:62.2,62.36 1 0
github.com/spiffe/spike/app/nexus/internal/initialization/recovery/shamir.go:62.36,67.3 2 0
github.com/spiffe/spike/app/nexus/internal/initialization/recovery/shamir.go:75.53,84.35 6 0
github.com/spiffe/spike/app/nexus/internal/initialization/recovery/shamir.go:84.35,86.3 1 0
github.com/spiffe/spike/app/nexus/internal/initialization/recovery/shamir.go:89.2,98.54 6 0
github.com/spiffe/spike/app/nexus/internal/initialization/recovery/shamir.go:98.54,100.3 1 0
github.com/spiffe/spike/app/nexus/internal/initialization/recovery/shamir.go:108.2,117.31 5 0
github.com/spiffe/spike/app/nexus/internal/initialization/recovery/shard.go:21.44,25.16 3 10
github.com/spiffe/spike/app/nexus/internal/initialization/recovery/shard.go:25.16,30.3 2 2
github.com/spiffe/spike/app/nexus/internal/initialization/recovery/shard.go:31.2,31.10 1 8
github.com/spiffe/spike/app/nexus/internal/initialization/recovery/shard.go:34.69,37.19 2 3
github.com/spiffe/spike/app/nexus/internal/initialization/recovery/shard.go:37.19,40.3 2 3
github.com/spiffe/spike/app/nexus/internal/initialization/recovery/shard.go:42.2,44.16 3 0
github.com/spiffe/spike/app/nexus/internal/initialization/recovery/shard.go:44.16,49.3 2 0
github.com/spiffe/spike/app/nexus/internal/initialization/recovery/shard.go:51.2,57.16 2 0
github.com/spiffe/spike/app/nexus/internal/initialization/recovery/shard.go:57.16,62.3 2 0
github.com/spiffe/spike/app/nexus/internal/initialization/recovery/shard.go:64.2,65.16 2 0
github.com/spiffe/spike/app/nexus/internal/initialization/recovery/shard.go:65.16,69.3 1 0
github.com/spiffe/spike/app/nexus/internal/initialization/recovery/shard.go:71.2,71.20 1 0
github.com/spiffe/spike/app/nexus/internal/initialization/recovery/shard.go:71.20,74.3 2 0
github.com/spiffe/spike/app/nexus/internal/initialization/recovery/shard.go:76.2,76.13 1 0
github.com/spiffe/spike/app/nexus/internal/initialization/recovery/shard.go:79.64,84.16 4 4
github.com/spiffe/spike/app/nexus/internal/initialization/recovery/shard.go:84.16,88.3 2 3
github.com/spiffe/spike/app/nexus/internal/initialization/recovery/shard.go:89.2,89.13 1 1
github.com/spiffe/spike/app/nexus/internal/initialization/recovery/test_helper.go:10.52,12.16 2 5
github.com/spiffe/spike/app/nexus/internal/initialization/recovery/test_helper.go:12.16,14.3 1 0
github.com/spiffe/spike/app/nexus/internal/initialization/recovery/test_helper.go:17.2,18.47 2 5
github.com/spiffe/spike/app/nexus/internal/initialization/recovery/test_helper.go:18.47,20.3 1 5
github.com/spiffe/spike/app/nexus/internal/initialization/recovery/test_helper.go:22.2,24.36 1 5
github.com/spiffe/spike/app/nexus/internal/initialization/recovery/update.go:44.3,47.47 2 0
github.com/spiffe/spike/app/nexus/internal/initialization/recovery/update.go:47.47,52.17 2 0
github.com/spiffe/spike/app/nexus/internal/initialization/recovery/update.go:52.17,56.12 2 0
github.com/spiffe/spike/app/nexus/internal/initialization/recovery/update.go:60.3,64.17 2 0
github.com/spiffe/spike/app/nexus/internal/initialization/recovery/update.go:64.17,68.12 2 0
github.com/spiffe/spike/app/nexus/internal/initialization/recovery/update.go:71.3,71.26 1 0
github.com/spiffe/spike/app/nexus/internal/initialization/recovery/update.go:71.26,73.12 2 0
github.com/spiffe/spike/app/nexus/internal/initialization/recovery/update.go:76.3,80.33 4 0
github.com/spiffe/spike/app/nexus/internal/initialization/recovery/update.go:80.33,82.18 2 0
github.com/spiffe/spike/app/nexus/internal/initialization/recovery/update.go:82.18,85.13 2 0
github.com/spiffe/spike/app/nexus/internal/initialization/recovery/update.go:88.4,88.68 1 0
github.com/spiffe/spike/app/nexus/internal/initialization/recovery/update.go:88.68,90.10 2 0
github.com/spiffe/spike/app/nexus/internal/initialization/recovery/update.go:94.3,94.24 1 0
github.com/spiffe/spike/app/nexus/internal/initialization/recovery/update.go:94.24,97.12 2 0
github.com/spiffe/spike/app/nexus/internal/initialization/recovery/update.go:100.3,103.17 3 0
github.com/spiffe/spike/app/nexus/internal/initialization/recovery/update.go:103.17,117.30 4 0
github.com/spiffe/spike/app/nexus/internal/initialization/recovery/update.go:117.30,119.5 1 0
github.com/spiffe/spike/app/nexus/internal/initialization/recovery/update.go:121.4,124.12 2 0
github.com/spiffe/spike/app/nexus/internal/initialization/recovery/update.go:127.3,127.48 1 0
github.com/spiffe/spike/app/nexus/internal/initialization/recovery/update.go:127.48,142.30 3 0
github.com/spiffe/spike/app/nexus/internal/initialization/recovery/update.go:142.30,144.5 1 0
github.com/spiffe/spike/app/nexus/internal/initialization/recovery/update.go:146.4,149.12 2 0
github.com/spiffe/spike/app/nexus/internal/initialization/recovery/update.go:152.3,175.29 9 0
github.com/spiffe/spike/app/nexus/internal/initialization/recovery/update.go:175.29,177.4 1 0
github.com/spiffe/spike/app/nexus/internal/initialization/recovery/update.go:179.3,179.17 1 0
github.com/spiffe/spike/app/nexus/internal/initialization/recovery/update.go:179.17,183.12 2 0
github.com/spiffe/spike/app/nexus/internal/initialization/recovery/update.go:186.3,191.17 3 0
github.com/spiffe/spike/app/nexus/internal/initialization/recovery/update.go:191.17,195.12 2 0
github.com/spiffe/spike/app/nexus/internal/net/serve.go:31.60,34.10 1 0
github.com/spiffe/spike/app/nexus/internal/net/serve.go:34.10,34.45 1 0
github.com/spiffe/spike/app/nexus/internal/net/serve.go:36.16,38.3 1 0
github.com/spiffe/spike/app/nexus/internal/route/acl/policy/create.go:64.9,69.24 4 0
github.com/spiffe/spike/app/nexus/internal/route/acl/policy/create.go:69.24,71.3 1 0
github.com/spiffe/spike/app/nexus/internal/route/acl/policy/create.go:73.2,78.20 2 0
github.com/spiffe/spike/app/nexus/internal/route/acl/policy/create.go:78.20,80.3 1 0
github.com/spiffe/spike/app/nexus/internal/route/acl/policy/create.go:82.2,83.16 2 0
github.com/spiffe/spike/app/nexus/internal/route/acl/policy/create.go:83.16,85.3 1 0
github.com/spiffe/spike/app/nexus/internal/route/acl/policy/create.go:87.2,101.16 6 0
github.com/spiffe/spike/app/nexus/internal/route/acl/policy/create.go:101.16,112.3 5 0
github.com/spiffe/spike/app/nexus/internal/route/acl/policy/create.go:114.2,121.12 4 0
github.com/spiffe/spike/app/nexus/internal/route/acl/policy/create_intercept.go:23.9,30.16 6 0
github.com/spiffe/spike/app/nexus/internal/route/acl/policy/create_intercept.go:30.16,36.3 3 0
github.com/spiffe/spike/app/nexus/internal/route/acl/policy/create_intercept.go:38.2,38.16 1 0
github.com/spiffe/spike/app/nexus/internal/route/acl/policy/create_intercept.go:38.16,44.3 3 0
github.com/spiffe/spike/app/nexus/internal/route/acl/policy/create_intercept.go:46.2,47.16 2 0
github.com/spiffe/spike/app/nexus/internal/route/acl/policy/create_intercept.go:47.16,53.3 3 0
github.com/spiffe/spike/app/nexus/internal/route/acl/policy/create_intercept.go:56.2,60.14 2 0
github.com/spiffe/spike/app/nexus/internal/route/acl/policy/create_intercept.go:60.14,66.3 3 0
github.com/spiffe/spike/app/nexus/internal/route/acl/policy/create_intercept.go:68.2,69.16 2 0
github.com/spiffe/spike/app/nexus/internal/route/acl/policy/create_intercept.go:69.16,75.3 3 0
github.com/spiffe/spike/app/nexus/internal/route/acl/policy/create_intercept.go:77.2,78.16 2 0
github.com/spiffe/spike/app/nexus/internal/route/acl/policy/create_intercept.go:78.16,84.3 3 0
github.com/spiffe/spike/app/nexus/internal/route/acl/policy/create_intercept.go:86.2,87.16 2 0
github.com/spiffe/spike/app/nexus/internal/route/acl/policy/create_intercept.go:87.16,94.3 3 0
github.com/spiffe/spike/app/nexus/internal/route/acl/policy/create_intercept.go:96.2,97.16 2 0
github.com/spiffe/spike/app/nexus/internal/route/acl/policy/create_intercept.go:97.16,103.3 3 0
github.com/spiffe/spike/app/nexus/internal/route/acl/policy/create_intercept.go:105.2,105.12 1 0
github.com/spiffe/spike/app/nexus/internal/route/acl/policy/delete.go:60.9,65.24 4 0
github.com/spiffe/spike/app/nexus/internal/route/acl/policy/delete.go:65.24,67.3 1 0
github.com/spiffe/spike/app/nexus/internal/route/acl/policy/delete.go:69.2,74.20 2 0
github.com/spiffe/spike/app/nexus/internal/route/acl/policy/delete.go:74.20,76.3 1 0
github.com/spiffe/spike/app/nexus/internal/route/acl/policy/delete.go:78.2,81.16 3 0
github.com/spiffe/spike/app/nexus/internal/route/acl/policy/delete.go:81.16,83.3 1 0
github.com/spiffe/spike/app/nexus/internal/route/acl/policy/delete.go:85.2,86.16 2 0
github.com/spiffe/spike/app/nexus/internal/route/acl/policy/delete.go:86.16,92.26 3 0
github.com/spiffe/spike/app/nexus/internal/route/acl/policy/delete.go:92.26,94.4 1 0
github.com/spiffe/spike/app/nexus/internal/route/acl/policy/delete.go:96.3,98.13 3 0
github.com/spiffe/spike/app/nexus/internal/route/acl/policy/delete.go:101.2,102.25 2 0
github.com/spiffe/spike/app/nexus/internal/route/acl/policy/delete.go:102.25,104.3 1 0
github.com/spiffe/spike/app/nexus/internal/route/acl/policy/delete.go:106.2,108.12 3 0
github.com/spiffe/spike/app/nexus/internal/route/acl/policy/delete_intercept.go:23.9,27.16 3 0
github.com/spiffe/spike/app/nexus/internal/route/acl/policy/delete_intercept.go:27.16,33.3 3 0
github.com/spiffe/spike/app/nexus/internal/route/acl/policy/delete_intercept.go:35.2,35.16 1 0
github.com/spiffe/spike/app/nexus/internal/route/acl/policy/delete_intercept.go:35.16,41.3 3 0
github.com/spiffe/spike/app/nexus/internal/route/acl/policy/delete_intercept.go:43.2,44.16 2 0
github.com/spiffe/spike/app/nexus/internal/route/acl/policy/delete_intercept.go:44.16,50.3 3 0
github.com/spiffe/spike/app/nexus/internal/route/acl/policy/delete_intercept.go:52.2,53.16 2 0
github.com/spiffe/spike/app/nexus/internal/route/acl/policy/delete_intercept.go:53.16,57.26 2 0
github.com/spiffe/spike/app/nexus/internal/route/acl/policy/delete_intercept.go:57.26,59.4 1 0
github.com/spiffe/spike/app/nexus/internal/route/acl/policy/delete_intercept.go:61.3,62.32 2 0
github.com/spiffe/spike/app/nexus/internal/route/acl/policy/delete_intercept.go:65.2,69.14 2 0
github.com/spiffe/spike/app/nexus/internal/route/acl/policy/delete_intercept.go:69.14,75.3 3 0
github.com/spiffe/spike/app/nexus/internal/route/acl/policy/delete_intercept.go:77.2,77.12 1 0
github.com/spiffe/spike/app/nexus/internal/route/acl/policy/list.go:59.9,64.24 4 0
github.com/spiffe/spike/app/nexus/internal/route/acl/policy/list.go:64.24,66.3 1 0
github.com/spiffe/spike/app/nexus/internal/route/acl/policy/list.go:68.2,73.20 2 0
github.com/spiffe/spike/app/nexus/internal/route/acl/policy/list.go:73.20,75.3 1 0
github.com/spiffe/spike/app/nexus/internal/route/acl/policy/list.go:77.2,78.16 2 0
github.com/spiffe/spike/app/nexus/internal/route/acl/policy/list.go:78.16,80.3 1 0
github.com/spiffe/spike/app/nexus/internal/route/acl/policy/list.go:82.2,87.9 4 0
github.com/spiffe/spike/app/nexus/internal/route/acl/policy/list.go:88.29,90.17 2 0
github.com/spiffe/spike/app/nexus/internal/route/acl/policy/list.go:90.17,92.4 1 0
github.com/spiffe/spike/app/nexus/internal/route/acl/policy/list.go:93.25,95.17 2 0
github.com/spiffe/spike/app/nexus/internal/route/acl/policy/list.go:95.17,97.4 1 0
github.com/spiffe/spike/app/nexus/internal/route/acl/policy/list.go:98.10,100.17 2 0
github.com/spiffe/spike/app/nexus/internal/route/acl/policy/list.go:100.17,102.4 1 0
github.com/spiffe/spike/app/nexus/internal/route/acl/policy/list.go:105.2,108.25 2 0
github.com/spiffe/spike/app/nexus/internal/route/acl/policy/list.go:108.25,110.3 1 0
github.com/spiffe/spike/app/nexus/internal/route/acl/policy/list.go:112.2,114.12 3 0
github.com/spiffe/spike/app/nexus/internal/route/acl/policy/list_intercept.go:23.9,25.16 2 0
github.com/spiffe/spike/app/nexus/internal/route/acl/policy/list_intercept.go:25.16,31.3 3 0
github.com/spiffe/spike/app/nexus/internal/route/acl/policy/list_intercept.go:33.2,33.16 1 0
github.com/spiffe/spike/app/nexus/internal/route/acl/policy/list_intercept.go:33.16,39.3 3 0
github.com/spiffe/spike/app/nexus/internal/route/acl/policy/list_intercept.go:41.2,42.16 2 0
github.com/spiffe/spike/app/nexus/internal/route/acl/policy/list_intercept.go:42.16,48.3 3 0
github.com/spiffe/spike/app/nexus/internal/route/acl/policy/list_intercept.go:50.2,54.14 2 0
github.com/spiffe/spike/app/nexus/internal/route/acl/policy/list_intercept.go:54.14,60.3 3 0
github.com/spiffe/spike/app/nexus/internal/route/acl/policy/list_intercept.go:62.2,62.12 1 0
github.com/spiffe/spike/app/nexus/internal/route/acl/policy/read.go:86.9,91.24 4 0
github.com/spiffe/spike/app/nexus/internal/route/acl/policy/read.go:91.24,93.3 1 0
github.com/spiffe/spike/app/nexus/internal/route/acl/policy/read.go:95.2,100.20 2 0
github.com/spiffe/spike/app/nexus/internal/route/acl/policy/read.go:100.20,102.3 1 0
github.com/spiffe/spike/app/nexus/internal/route/acl/policy/read.go:104.2,105.16 2 0
github.com/spiffe/spike/app/nexus/internal/route/acl/policy/read.go:105.16,107.3 1 0
github.com/spiffe/spike/app/nexus/internal/route/acl/policy/read.go:109.2,112.16 3 0
github.com/spiffe/spike/app/nexus/internal/route/acl/policy/read.go:112.16,114.3 1 0
github.com/spiffe/spike/app/nexus/internal/route/acl/policy/read.go:114.8,114.52 1 0
github.com/spiffe/spike/app/nexus/internal/route/acl/policy/read.go:114.52,119.26 4 0
github.com/spiffe/spike/app/nexus/internal/route/acl/policy/read.go:119.26,121.4 1 0
github.com/spiffe/spike/app/nexus/internal/route/acl/policy/read.go:123.3,125.13 3 0
github.com/spiffe/spike/app/nexus/internal/route/acl/policy/read.go:126.8,134.26 3 0
github.com/spiffe/spike/app/nexus/internal/route/acl/policy/read.go:134.26,136.4 1 0
github.com/spiffe/spike/app/nexus/internal/route/acl/policy/read.go:138.3,142.13 3 0
github.com/spiffe/spike/app/nexus/internal/route/acl/policy/read.go:145.2,148.25 2 0
github.com/spiffe/spike/app/nexus/internal/route/acl/policy/read.go:148.25,150.3 1 0
github.com/spiffe/spike/app/nexus/internal/route/acl/policy/read.go:152.2,155.12 3 0
github.com/spiffe/spike/app/nexus/internal/route/acl/policy/read_intercept.go:23.9,27.16 3 0
github.com/spiffe/spike/app/nexus/internal/route/acl/policy/read_intercept.go:27.16,33.3 3 0
github.com/spiffe/spike/app/nexus/internal/route/acl/policy/read_intercept.go:35.2,35.16 1 0
github.com/spiffe/spike/app/nexus/internal/route/acl/policy/read_intercept.go:35.16,41.3 3 0
github.com/spiffe/spike/app/nexus/internal/route/acl/policy/read_intercept.go:43.2,44.16 2 0
github.com/spiffe/spike/app/nexus/internal/route/acl/policy/read_intercept.go:44.16,50.3 3 0
github.com/spiffe/spike/app/nexus/internal/route/acl/policy/read_intercept.go:52.2,53.16 2 0
github.com/spiffe/spike/app/nexus/internal/route/acl/policy/read_intercept.go:53.16,57.26 2 0
github.com/spiffe/spike/app/nexus/internal/route/acl/policy/read_intercept.go:57.26,59.4 1 0
github.com/spiffe/spike/app/nexus/internal/route/acl/policy/read_intercept.go:60.3,60.32 1 0
github.com/spiffe/spike/app/nexus/internal/route/acl/policy/read_intercept.go:63.2,67.14 2 0
github.com/spiffe/spike/app/nexus/internal/route/acl/policy/read_intercept.go:67.14,73.3 3 0
github.com/spiffe/spike/app/nexus/internal/route/acl/policy/read_intercept.go:75.2,75.12 1 0
github.com/spiffe/spike/app/nexus/internal/route/base/impl.go:17.71,18.9 1 0
github.com/spiffe/spike/app/nexus/internal/route/base/impl.go:19.55,20.31 1 0
github.com/spiffe/spike/app/nexus/internal/route/base/impl.go:21.51,22.31 1 0
github.com/spiffe/spike/app/nexus/internal/route/base/impl.go:23.54,24.34 1 0
github.com/spiffe/spike/app/nexus/internal/route/base/impl.go:25.56,26.36 1 0
github.com/spiffe/spike/app/nexus/internal/route/base/impl.go:27.52,28.31 1 0
github.com/spiffe/spike/app/nexus/internal/route/base/impl.go:29.54,30.31 1 0
github.com/spiffe/spike/app/nexus/internal/route/base/impl.go:31.50,32.31 1 0
github.com/spiffe/spike/app/nexus/internal/route/base/impl.go:33.53,34.34 1 0
github.com/spiffe/spike/app/nexus/internal/route/base/impl.go:35.51,36.34 1 0
github.com/spiffe/spike/app/nexus/internal/route/base/impl.go:37.59,38.39 1 0
github.com/spiffe/spike/app/nexus/internal/route/base/impl.go:39.63,40.31 1 0
github.com/spiffe/spike/app/nexus/internal/route/base/impl.go:41.63,42.31 1 0
github.com/spiffe/spike/app/nexus/internal/route/base/impl.go:43.61,44.29 1 0
github.com/spiffe/spike/app/nexus/internal/route/base/impl.go:45.61,46.29 1 0
github.com/spiffe/spike/app/nexus/internal/route/base/impl.go:47.10,48.22 1 0
github.com/spiffe/spike/app/nexus/internal/route/base/impl.go:52.73,53.9 1 0
github.com/spiffe/spike/app/nexus/internal/route/base/impl.go:54.63,55.31 1 0
github.com/spiffe/spike/app/nexus/internal/route/base/impl.go:56.63,57.31 1 0
github.com/spiffe/spike/app/nexus/internal/route/base/impl.go:58.61,59.29 1 0
github.com/spiffe/spike/app/nexus/internal/route/base/impl.go:60.61,61.29 1 0
github.com/spiffe/spike/app/nexus/internal/route/base/impl.go:62.10,63.22 1 0
github.com/spiffe/spike/app/nexus/internal/route/base/route.go:34.9,39.51 1 0
github.com/spiffe/spike/app/nexus/internal/route/base/route.go:39.51,51.49 6 0
github.com/spiffe/spike/app/nexus/internal/route/base/route.go:51.49,53.5 1 0
github.com/spiffe/spike/app/nexus/internal/route/base/route.go:55.4,55.23 1 0
github.com/spiffe/spike/app/nexus/internal/route/base/route.go:55.23,57.5 1 0
github.com/spiffe/spike/app/nexus/internal/route/base/route.go:61.4,61.40 1 0
github.com/spiffe/spike/app/nexus/internal/route/cipher/decrypt.go:56.9,66.14 6 0
github.com/spiffe/spike/app/nexus/internal/route/cipher/decrypt.go:66.14,67.23 1 0
github.com/spiffe/spike/app/nexus/internal/route/cipher/decrypt.go:67.23,70.4 2 0
github.com/spiffe/spike/app/nexus/internal/route/cipher/decrypt.go:71.3,74.26 2 0
github.com/spiffe/spike/app/nexus/internal/route/cipher/decrypt.go:74.26,76.4 1 0
github.com/spiffe/spike/app/nexus/internal/route/cipher/decrypt.go:77.3,78.44 2 0
github.com/spiffe/spike/app/nexus/internal/route/cipher/decrypt.go:81.2,85.22 4 0
github.com/spiffe/spike/app/nexus/internal/route/cipher/decrypt.go:85.22,87.17 2 0
github.com/spiffe/spike/app/nexus/internal/route/cipher/decrypt.go:87.17,89.4 1 0
github.com/spiffe/spike/app/nexus/internal/route/cipher/decrypt.go:92.3,94.27 3 0
github.com/spiffe/spike/app/nexus/internal/route/cipher/decrypt.go:94.27,98.4 3 0
github.com/spiffe/spike/app/nexus/internal/route/cipher/decrypt.go:99.3,105.37 5 0
github.com/spiffe/spike/app/nexus/internal/route/cipher/decrypt.go:105.37,109.4 3 0
github.com/spiffe/spike/app/nexus/internal/route/cipher/decrypt.go:112.3,113.24 2 0
github.com/spiffe/spike/app/nexus/internal/route/cipher/decrypt.go:113.24,115.4 1 0
github.com/spiffe/spike/app/nexus/internal/route/cipher/decrypt.go:116.8,119.25 2 0
github.com/spiffe/spike/app/nexus/internal/route/cipher/decrypt.go:119.25,121.4 1 0
github.com/spiffe/spike/app/nexus/internal/route/cipher/decrypt.go:123.3,128.21 2 0
github.com/spiffe/spike/app/nexus/internal/route/cipher/decrypt.go:128.21,130.4 1 0
github.com/spiffe/spike/app/nexus/internal/route/cipher/decrypt.go:132.3,133.17 2 0
github.com/spiffe/spike/app/nexus/internal/route/cipher/decrypt.go:133.17,135.4 1 0
github.com/spiffe/spike/app/nexus/internal/route/cipher/decrypt.go:137.3,139.34 3 0
github.com/spiffe/spike/app/nexus/internal/route/cipher/decrypt.go:143.2,143.26 1 0
github.com/spiffe/spike/app/nexus/internal/route/cipher/decrypt.go:143.26,144.23 1 0
github.com/spiffe/spike/app/nexus/internal/route/cipher/decrypt.go:144.23,147.4 2 0
github.com/spiffe/spike/app/nexus/internal/route/cipher/decrypt.go:148.3,151.26 2 0
github.com/spiffe/spike/app/nexus/internal/route/cipher/decrypt.go:151.26,153.4 1 0
github.com/spiffe/spike/app/nexus/internal/route/cipher/decrypt.go:154.3,155.56 2 0
github.com/spiffe/spike/app/nexus/internal/route/cipher/decrypt.go:159.2,159.33 1 0
github.com/spiffe/spike/app/nexus/internal/route/cipher/decrypt.go:159.33,160.23 1 0
github.com/spiffe/spike/app/nexus/internal/route/cipher/decrypt.go:160.23,164.4 2 0
github.com/spiffe/spike/app/nexus/internal/route/cipher/decrypt.go:165.3,168.26 2 0
github.com/spiffe/spike/app/nexus/internal/route/cipher/decrypt.go:168.26,170.4 1 0
github.com/spiffe/spike/app/nexus/internal/route/cipher/decrypt.go:171.3,173.30 2 0
github.com/spiffe/spike/app/nexus/internal/route/cipher/decrypt.go:177.2,182.16 3 0
github.com/spiffe/spike/app/nexus/internal/route/cipher/decrypt.go:182.16,184.23 2 0
github.com/spiffe/spike/app/nexus/internal/route/cipher/decrypt.go:184.23,187.4 2 0
github.com/spiffe/spike/app/nexus/internal/route/cipher/decrypt.go:188.3,191.26 2 0
github.com/spiffe/spike/app/nexus/internal/route/cipher/decrypt.go:191.26,193.4 1 0
github.com/spiffe/spike/app/nexus/internal/route/cipher/decrypt.go:194.3,195.50 2 0
github.com/spiffe/spike/app/nexus/internal/route/cipher/decrypt.go:198.2,198.22 1 0
github.com/spiffe/spike/app/nexus/internal/route/cipher/decrypt.go:198.22,201.47 2 0
github.com/spiffe/spike/app/nexus/internal/route/cipher/decrypt.go:201.47,203.4 1 0
github.com/spiffe/spike/app/nexus/internal/route/cipher/decrypt.go:204.3,205.13 2 0
github.com/spiffe/spike/app/nexus/internal/route/cipher/decrypt.go:209.2,213.25 2 0
github.com/spiffe/spike/app/nexus/internal/route/cipher/decrypt.go:213.25,215.3 1 0
github.com/spiffe/spike/app/nexus/internal/route/cipher/decrypt.go:217.2,219.12 3 0
github.com/spiffe/spike/app/nexus/internal/route/cipher/decrypt_intercept.go:24.9,26.16 2 0
github.com/spiffe/spike/app/nexus/internal/route/cipher/decrypt_intercept.go:26.16,32.3 3 0
github.com/spiffe/spike/app/nexus/internal/route/cipher/decrypt_intercept.go:34.2,34.16 1 0
github.com/spiffe/spike/app/nexus/internal/route/cipher/decrypt_intercept.go:34.16,40.3 3 0
github.com/spiffe/spike/app/nexus/internal/route/cipher/decrypt_intercept.go:42.2,43.16 2 0
github.com/spiffe/spike/app/nexus/internal/route/cipher/decrypt_intercept.go:43.16,49.3 3 0
github.com/spiffe/spike/app/nexus/internal/route/cipher/decrypt_intercept.go:52.2,53.43 2 0
github.com/spiffe/spike/app/nexus/internal/route/cipher/decrypt_intercept.go:53.43,55.3 1 0
github.com/spiffe/spike/app/nexus/internal/route/cipher/decrypt_intercept.go:57.2,57.14 1 0
github.com/spiffe/spike/app/nexus/internal/route/cipher/decrypt_intercept.go:57.14,63.3 1 0
github.com/spiffe/spike/app/nexus/internal/route/cipher/decrypt_intercept.go:65.2,65.14 1 0
github.com/spiffe/spike/app/nexus/internal/route/cipher/decrypt_intercept.go:65.14,71.3 3 0
github.com/spiffe/spike/app/nexus/internal/route/cipher/decrypt_intercept.go:73.2,73.12 1 0
github.com/spiffe/spike/app/nexus/internal/route/cipher/encrypt.go:56.9,66.14 6 0
github.com/spiffe/spike/app/nexus/internal/route/cipher/encrypt.go:66.14,67.23 1 0
github.com/spiffe/spike/app/nexus/internal/route/cipher/encrypt.go:67.23,70.4 2 0
github.com/spiffe/spike/app/nexus/internal/route/cipher/encrypt.go:71.3,74.26 2 0
github.com/spiffe/spike/app/nexus/internal/route/cipher/encrypt.go:74.26,76.4 1 0
github.com/spiffe/spike/app/nexus/internal/route/cipher/encrypt.go:77.3,78.44 2 0
github.com/spiffe/spike/app/nexus/internal/route/cipher/encrypt.go:81.2,83.22 2 0
github.com/spiffe/spike/app/nexus/internal/route/cipher/encrypt.go:83.22,85.17 2 0
github.com/spiffe/spike/app/nexus/internal/route/cipher/encrypt.go:85.17,87.4 1 0
github.com/spiffe/spike/app/nexus/internal/route/cipher/encrypt.go:90.3,91.25 2 0
github.com/spiffe/spike/app/nexus/internal/route/cipher/encrypt.go:91.25,93.4 1 0
github.com/spiffe/spike/app/nexus/internal/route/cipher/encrypt.go:95.3,95.26 1 0
github.com/spiffe/spike/app/nexus/internal/route/cipher/encrypt.go:96.8,99.25 2 0
github.com/spiffe/spike/app/nexus/internal/route/cipher/encrypt.go:99.25,101.4 1 0
github.com/spiffe/spike/app/nexus/internal/route/cipher/encrypt.go:103.3,108.21 2 0
github.com/spiffe/spike/app/nexus/internal/route/cipher/encrypt.go:108.21,110.4 1 0
github.com/spiffe/spike/app/nexus/internal/route/cipher/encrypt.go:112.3,113.17 2 0
github.com/spiffe/spike/app/nexus/internal/route/cipher/encrypt.go:113.17,115.4 1 0
github.com/spiffe/spike/app/nexus/internal/route/cipher/encrypt.go:117.3,117.32 1 0
github.com/spiffe/spike/app/nexus/internal/route/cipher/encrypt.go:121.2,122.59 2 0
github.com/spiffe/spike/app/nexus/internal/route/cipher/encrypt.go:122.59,123.23 1 0
github.com/spiffe/spike/app/nexus/internal/route/cipher/encrypt.go:123.23,126.4 2 0
github.com/spiffe/spike/app/nexus/internal/route/cipher/encrypt.go:129.3,132.26 2 0
github.com/spiffe/spike/app/nexus/internal/route/cipher/encrypt.go:132.26,134.4 1 0
github.com/spiffe/spike/app/nexus/internal/route/cipher/encrypt.go:135.3,136.57 2 0
github.com/spiffe/spike/app/nexus/internal/route/cipher/encrypt.go:140.2,146.22 4 0
github.com/spiffe/spike/app/nexus/internal/route/cipher/encrypt.go:146.22,150.47 3 0
github.com/spiffe/spike/app/nexus/internal/route/cipher/encrypt.go:150.47,152.4 1 0
github.com/spiffe/spike/app/nexus/internal/route/cipher/encrypt.go:153.3,153.43 1 0
github.com/spiffe/spike/app/nexus/internal/route/cipher/encrypt.go:153.43,155.4 1 0
github.com/spiffe/spike/app/nexus/internal/route/cipher/encrypt.go:156.3,156.48 1 0
github.com/spiffe/spike/app/nexus/internal/route/cipher/encrypt.go:156.48,158.4 1 0
github.com/spiffe/spike/app/nexus/internal/route/cipher/encrypt.go:159.3,160.13 2 0
github.com/spiffe/spike/app/nexus/internal/route/cipher/encrypt.go:164.2,170.25 2 0
github.com/spiffe/spike/app/nexus/internal/route/cipher/encrypt.go:170.25,172.3 1 0
github.com/spiffe/spike/app/nexus/internal/route/cipher/encrypt.go:174.2,176.12 3 0
github.com/spiffe/spike/app/nexus/internal/route/cipher/encrypt_intercept.go:24.9,26.16 2 0
github.com/spiffe/spike/app/nexus/internal/route/cipher/encrypt_intercept.go:26.16,32.3 3 0
github.com/spiffe/spike/app/nexus/internal/route/cipher/encrypt_intercept.go:34.2,34.16 1 0
github.com/spiffe/spike/app/nexus/internal/route/cipher/encrypt_intercept.go:34.16,40.3 3 0
github.com/spiffe/spike/app/nexus/internal/route/cipher/encrypt_intercept.go:42.2,43.16 2 0
github.com/spiffe/spike/app/nexus/internal/route/cipher/encrypt_intercept.go:43.16,49.3 3 0
github.com/spiffe/spike/app/nexus/internal/route/cipher/encrypt_intercept.go:52.2,53.43 2 0
github.com/spiffe/spike/app/nexus/internal/route/cipher/encrypt_intercept.go:53.43,55.3 1 0
github.com/spiffe/spike/app/nexus/internal/route/cipher/encrypt_intercept.go:57.2,57.14 1 0
github.com/spiffe/spike/app/nexus/internal/route/cipher/encrypt_intercept.go:57.14,63.3 1 0
github.com/spiffe/spike/app/nexus/internal/route/cipher/encrypt_intercept.go:65.2,65.14 1 0
github.com/spiffe/spike/app/nexus/internal/route/cipher/encrypt_intercept.go:65.14,71.3 3 0
github.com/spiffe/spike/app/nexus/internal/route/cipher/encrypt_intercept.go:73.2,73.12 1 0
github.com/spiffe/spike/app/nexus/internal/route/operator/recover.go:48.9,53.24 4 0
github.com/spiffe/spike/app/nexus/internal/route/operator/recover.go:53.24,56.3 2 0
github.com/spiffe/spike/app/nexus/internal/route/operator/recover.go:58.2,63.20 2 0
github.com/spiffe/spike/app/nexus/internal/route/operator/recover.go:63.20,66.3 2 0
github.com/spiffe/spike/app/nexus/internal/route/operator/recover.go:68.2,69.16 2 0
github.com/spiffe/spike/app/nexus/internal/route/operator/recover.go:69.16,71.3 1 0
github.com/spiffe/spike/app/nexus/internal/route/operator/recover.go:73.2,78.15 3 0
github.com/spiffe/spike/app/nexus/internal/route/operator/recover.go:78.15,79.25 1 0
github.com/spiffe/spike/app/nexus/internal/route/operator/recover.go:79.25,81.4 1 0
github.com/spiffe/spike/app/nexus/internal/route/operator/recover.go:84.2,84.41 1 0
github.com/spiffe/spike/app/nexus/internal/route/operator/recover.go:84.41,87.3 2 0
github.com/spiffe/spike/app/nexus/internal/route/operator/recover.go:90.2,92.33 2 0
github.com/spiffe/spike/app/nexus/internal/route/operator/recover.go:92.33,93.23 1 0
github.com/spiffe/spike/app/nexus/internal/route/operator/recover.go:93.23,97.4 2 0
github.com/spiffe/spike/app/nexus/internal/route/operator/recover.go:103.3,106.19 2 0
github.com/spiffe/spike/app/nexus/internal/route/operator/recover.go:106.19,109.4 2 0
github.com/spiffe/spike/app/nexus/internal/route/operator/recover.go:112.3,113.28 2 0
github.com/spiffe/spike/app/nexus/internal/route/operator/recover.go:113.28,114.14 1 0
github.com/spiffe/spike/app/nexus/internal/route/operator/recover.go:114.14,116.10 2 0
github.com/spiffe/spike/app/nexus/internal/route/operator/recover.go:119.3,119.13 1 0
github.com/spiffe/spike/app/nexus/internal/route/operator/recover.go:119.13,122.4 2 0
github.com/spiffe/spike/app/nexus/internal/route/operator/recover.go:125.3,125.42 1 0
github.com/spiffe/spike/app/nexus/internal/route/operator/recover.go:125.42,128.4 2 0
github.com/spiffe/spike/app/nexus/internal/route/operator/recover.go:131.2,135.15 2 0
github.com/spiffe/spike/app/nexus/internal/route/operator/recover.go:135.15,137.3 1 0
github.com/spiffe/spike/app/nexus/internal/route/operator/recover.go:139.2,141.12 3 0
github.com/spiffe/spike/app/nexus/internal/route/operator/recover_intercept.go:21.9,23.16 2 0
github.com/spiffe/spike/app/nexus/internal/route/operator/recover_intercept.go:23.16,29.3 3 0
github.com/spiffe/spike/app/nexus/internal/route/operator/recover_intercept.go:31.2,31.25 1 0
github.com/spiffe/spike/app/nexus/internal/route/operator/recover_intercept.go:31.25,37.3 3 0
github.com/spiffe/spike/app/nexus/internal/route/operator/recover_intercept.go:39.2,39.53 1 0
github.com/spiffe/spike/app/nexus/internal/route/operator/recover_intercept.go:39.53,45.3 3 0
github.com/spiffe/spike/app/nexus/internal/route/operator/recover_intercept.go:47.2,47.12 1 0
github.com/spiffe/spike/app/nexus/internal/route/operator/restore.go:61.9,66.42 3 3
github.com/spiffe/spike/app/nexus/internal/route/operator/restore.go:66.42,69.3 2 1
github.com/spiffe/spike/app/nexus/internal/route/operator/restore.go:71.2,72.24 2 2
github.com/spiffe/spike/app/nexus/internal/route/operator/restore.go:72.24,74.3 1 0
github.com/spiffe/spike/app/nexus/internal/route/operator/restore.go:76.2,81.20 2 2
github.com/spiffe/spike/app/nexus/internal/route/operator/restore.go:81.20,83.3 1 2
github.com/spiffe/spike/app/nexus/internal/route/operator/restore.go:85.2,86.16 2 0
github.com/spiffe/spike/app/nexus/internal/route/operator/restore.go:86.16,88.3 1 0
github.com/spiffe/spike/app/nexus/internal/route/operator/restore.go:90.2,96.48 4 0
github.com/spiffe/spike/app/nexus/internal/route/operator/restore.go:96.48,105.26 2 0
github.com/spiffe/spike/app/nexus/internal/route/operator/restore.go:105.26,107.4 1 0
github.com/spiffe/spike/app/nexus/internal/route/operator/restore.go:108.3,109.13 2 0
github.com/spiffe/spike/app/nexus/internal/route/operator/restore.go:112.2,112.31 1 0
github.com/spiffe/spike/app/nexus/internal/route/operator/restore.go:112.31,113.34 1 0
github.com/spiffe/spike/app/nexus/internal/route/operator/restore.go:113.34,114.12 1 0
github.com/spiffe/spike/app/nexus/internal/route/operator/restore.go:119.3,127.26 2 0
github.com/spiffe/spike/app/nexus/internal/route/operator/restore.go:127.26,129.4 1 0
github.com/spiffe/spike/app/nexus/internal/route/operator/restore.go:131.3,132.13 2 0
github.com/spiffe/spike/app/nexus/internal/route/operator/restore.go:135.2,147.48 3 0
github.com/spiffe/spike/app/nexus/internal/route/operator/restore.go:147.48,150.25 2 0
github.com/spiffe/spike/app/nexus/internal/route/operator/restore.go:150.25,153.4 2 0
github.com/spiffe/spike/app/nexus/internal/route/operator/restore.go:156.2,163.25 2 0
github.com/spiffe/spike/app/nexus/internal/route/operator/restore.go:163.25,165.3 1 0
github.com/spiffe/spike/app/nexus/internal/route/operator/restore.go:167.2,169.12 3 0
github.com/spiffe/spike/app/nexus/internal/route/operator/restore_intercept.go:21.9,23.16 2 0
github.com/spiffe/spike/app/nexus/internal/route/operator/restore_intercept.go:23.16,29.3 3 0
github.com/spiffe/spike/app/nexus/internal/route/operator/restore_intercept.go:31.2,31.25 1 0
github.com/spiffe/spike/app/nexus/internal/route/operator/restore_intercept.go:31.25,37.3 3 0
github.com/spiffe/spike/app/nexus/internal/route/operator/restore_intercept.go:39.2,39.53 1 0
github.com/spiffe/spike/app/nexus/internal/route/operator/restore_intercept.go:39.53,45.3 3 0
github.com/spiffe/spike/app/nexus/internal/route/operator/restore_intercept.go:49.2,50.47 2 0
github.com/spiffe/spike/app/nexus/internal/route/operator/restore_intercept.go:50.47,56.3 3 0
github.com/spiffe/spike/app/nexus/internal/route/operator/restore_intercept.go:58.2,59.34 2 0
github.com/spiffe/spike/app/nexus/internal/route/operator/restore_intercept.go:59.34,60.13 1 0
github.com/spiffe/spike/app/nexus/internal/route/operator/restore_intercept.go:60.13,62.9 2 0
github.com/spiffe/spike/app/nexus/internal/route/operator/restore_intercept.go:65.2,65.13 1 0
github.com/spiffe/spike/app/nexus/internal/route/operator/restore_intercept.go:65.13,71.3 3 0
github.com/spiffe/spike/app/nexus/internal/route/operator/restore_intercept.go:73.2,73.12 1 0
github.com/spiffe/spike/app/nexus/internal/route/operator/test_helper.go:15.20,19.2 3 10
github.com/spiffe/spike/app/nexus/internal/route/operator/test_helper.go:21.63,24.23 2 21
github.com/spiffe/spike/app/nexus/internal/route/operator/test_helper.go:24.23,26.3 1 672
github.com/spiffe/spike/app/nexus/internal/route/operator/test_helper.go:28.2,29.14 2 21
github.com/spiffe/spike/app/nexus/internal/route/secret/delete.go:58.9,63.24 4 0
github.com/spiffe/spike/app/nexus/internal/route/secret/delete.go:63.24,65.3 1 0
github.com/spiffe/spike/app/nexus/internal/route/secret/delete.go:67.2,72.20 2 0
github.com/spiffe/spike/app/nexus/internal/route/secret/delete.go:72.20,74.3 1 0
github.com/spiffe/spike/app/nexus/internal/route/secret/delete.go:76.2,77.16 2 0
github.com/spiffe/spike/app/nexus/internal/route/secret/delete.go:77.16,79.3 1 0
github.com/spiffe/spike/app/nexus/internal/route/secret/delete.go:81.2,84.24 3 0
github.com/spiffe/spike/app/nexus/internal/route/secret/delete.go:84.24,86.3 1 0
github.com/spiffe/spike/app/nexus/internal/route/secret/delete.go:88.2,89.16 2 0
github.com/spiffe/spike/app/nexus/internal/route/secret/delete.go:89.16,91.3 1 0
github.com/spiffe/spike/app/nexus/internal/route/secret/delete.go:91.8,93.3 1 0
github.com/spiffe/spike/app/nexus/internal/route/secret/delete.go:95.2,96.25 2 0
github.com/spiffe/spike/app/nexus/internal/route/secret/delete.go:96.25,98.3 1 0
github.com/spiffe/spike/app/nexus/internal/route/secret/delete.go:100.2,102.12 3 0
github.com/spiffe/spike/app/nexus/internal/route/secret/delete_intercept.go:22.9,26.16 3 0
github.com/spiffe/spike/app/nexus/internal/route/secret/delete_intercept.go:26.16,32.3 3 0
github.com/spiffe/spike/app/nexus/internal/route/secret/delete_intercept.go:34.2,34.16 1 0
github.com/spiffe/spike/app/nexus/internal/route/secret/delete_intercept.go:34.16,40.3 3 0
github.com/spiffe/spike/app/nexus/internal/route/secret/delete_intercept.go:42.2,43.16 2 0
github.com/spiffe/spike/app/nexus/internal/route/secret/delete_intercept.go:43.16,49.3 3 0
github.com/spiffe/spike/app/nexus/internal/route/secret/delete_intercept.go:51.2,52.16 2 0
github.com/spiffe/spike/app/nexus/internal/route/secret/delete_intercept.go:52.16,58.3 3 0
github.com/spiffe/spike/app/nexus/internal/route/secret/delete_intercept.go:60.2,65.14 2 0
github.com/spiffe/spike/app/nexus/internal/route/secret/delete_intercept.go:65.14,71.3 3 0
github.com/spiffe/spike/app/nexus/internal/route/secret/delete_intercept.go:73.2,73.12 1 0
github.com/spiffe/spike/app/nexus/internal/route/secret/errors.go:20.67,23.40 2 0
github.com/spiffe/spike/app/nexus/internal/route/secret/errors.go:23.40,28.26 4 0
github.com/spiffe/spike/app/nexus/internal/route/secret/errors.go:28.26,30.4 1 0
github.com/spiffe/spike/app/nexus/internal/route/secret/errors.go:32.3,34.13 3 0
github.com/spiffe/spike/app/nexus/internal/route/secret/errors.go:37.2,42.25 3 0
github.com/spiffe/spike/app/nexus/internal/route/secret/errors.go:42.25,44.3 1 0
github.com/spiffe/spike/app/nexus/internal/route/secret/errors.go:46.2,48.12 3 0
github.com/spiffe/spike/app/nexus/internal/route/secret/errors.go:51.75,54.40 2 0
github.com/spiffe/spike/app/nexus/internal/route/secret/errors.go:54.40,59.26 4 0
github.com/spiffe/spike/app/nexus/internal/route/secret/errors.go:59.26,61.4 1 0
github.com/spiffe/spike/app/nexus/internal/route/secret/errors.go:63.3,64.13 2 0
github.com/spiffe/spike/app/nexus/internal/route/secret/errors.go:67.2,72.25 3 0
github.com/spiffe/spike/app/nexus/internal/route/secret/errors.go:72.25,74.3 1 0
github.com/spiffe/spike/app/nexus/internal/route/secret/errors.go:76.2,77.12 2 0
github.com/spiffe/spike/app/nexus/internal/route/secret/get.go:64.9,69.24 4 0
github.com/spiffe/spike/app/nexus/internal/route/secret/get.go:69.24,71.3 1 0
github.com/spiffe/spike/app/nexus/internal/route/secret/get.go:73.2,78.20 2 0
github.com/spiffe/spike/app/nexus/internal/route/secret/get.go:78.20,80.3 1 0
github.com/spiffe/spike/app/nexus/internal/route/secret/get.go:82.2,86.16 4 0
github.com/spiffe/spike/app/nexus/internal/route/secret/get.go:86.16,88.3 1 0
github.com/spiffe/spike/app/nexus/internal/route/secret/get.go:90.2,91.16 2 0
github.com/spiffe/spike/app/nexus/internal/route/secret/get.go:91.16,93.3 1 0
github.com/spiffe/spike/app/nexus/internal/route/secret/get.go:94.2,94.16 1 0
github.com/spiffe/spike/app/nexus/internal/route/secret/get.go:94.16,96.3 1 0
github.com/spiffe/spike/app/nexus/internal/route/secret/get.go:98.2,101.25 2 0
github.com/spiffe/spike/app/nexus/internal/route/secret/get.go:101.25,103.3 1 0
github.com/spiffe/spike/app/nexus/internal/route/secret/get.go:105.2,107.12 3 0
github.com/spiffe/spike/app/nexus/internal/route/secret/get_intercept.go:22.9,26.16 3 0
github.com/spiffe/spike/app/nexus/internal/route/secret/get_intercept.go:26.16,32.3 3 0
github.com/spiffe/spike/app/nexus/internal/route/secret/get_intercept.go:34.2,34.16 1 0
github.com/spiffe/spike/app/nexus/internal/route/secret/get_intercept.go:34.16,40.3 3 0
github.com/spiffe/spike/app/nexus/internal/route/secret/get_intercept.go:42.2,43.16 2 0
github.com/spiffe/spike/app/nexus/internal/route/secret/get_intercept.go:43.16,49.3 3 0
github.com/spiffe/spike/app/nexus/internal/route/secret/get_intercept.go:51.2,52.16 2 0
github.com/spiffe/spike/app/nexus/internal/route/secret/get_intercept.go:52.16,58.3 3 0
github.com/spiffe/spike/app/nexus/internal/route/secret/get_intercept.go:60.2,66.14 2 0
github.com/spiffe/spike/app/nexus/internal/route/secret/get_intercept.go:66.14,72.3 3 0
github.com/spiffe/spike/app/nexus/internal/route/secret/get_intercept.go:74.2,74.12 1 0
github.com/spiffe/spike/app/nexus/internal/route/secret/list.go:59.9,64.24 4 0
github.com/spiffe/spike/app/nexus/internal/route/secret/list.go:64.24,66.3 1 0
github.com/spiffe/spike/app/nexus/internal/route/secret/list.go:68.2,73.20 2 0
github.com/spiffe/spike/app/nexus/internal/route/secret/list.go:73.20,75.3 1 0
github.com/spiffe/spike/app/nexus/internal/route/secret/list.go:77.2,78.16 2 0
github.com/spiffe/spike/app/nexus/internal/route/secret/list.go:78.16,80.3 1 0
github.com/spiffe/spike/app/nexus/internal/route/secret/list.go:82.2,84.25 3 0
github.com/spiffe/spike/app/nexus/internal/route/secret/list.go:84.25,86.3 1 0
github.com/spiffe/spike/app/nexus/internal/route/secret/list.go:88.2,90.12 3 0
github.com/spiffe/spike/app/nexus/internal/route/secret/list_intercept.go:23.9,26.16 2 0
github.com/spiffe/spike/app/nexus/internal/route/secret/list_intercept.go:26.16,32.3 3 0
github.com/spiffe/spike/app/nexus/internal/route/secret/list_intercept.go:34.2,34.16 1 0
github.com/spiffe/spike/app/nexus/internal/route/secret/list_intercept.go:34.16,40.3 3 0
github.com/spiffe/spike/app/nexus/internal/route/secret/list_intercept.go:42.2,43.16 2 0
github.com/spiffe/spike/app/nexus/internal/route/secret/list_intercept.go:43.16,49.3 3 0
github.com/spiffe/spike/app/nexus/internal/route/secret/list_intercept.go:51.2,55.14 2 0
github.com/spiffe/spike/app/nexus/internal/route/secret/list_intercept.go:55.14,61.3 3 0
github.com/spiffe/spike/app/nexus/internal/route/secret/list_intercept.go:63.2,63.12 1 0
github.com/spiffe/spike/app/nexus/internal/route/secret/map.go:15.33,17.42 2 0
github.com/spiffe/spike/app/nexus/internal/route/secret/map.go:17.42,23.3 1 0
github.com/spiffe/spike/app/nexus/internal/route/secret/map.go:25.2,36.3 1 0
github.com/spiffe/spike/app/nexus/internal/route/secret/metadata_get.go:78.9,89.24 5 0
github.com/spiffe/spike/app/nexus/internal/route/secret/metadata_get.go:89.24,91.3 1 0
github.com/spiffe/spike/app/nexus/internal/route/secret/metadata_get.go:93.2,98.20 2 0
github.com/spiffe/spike/app/nexus/internal/route/secret/metadata_get.go:98.20,100.3 1 0
github.com/spiffe/spike/app/nexus/internal/route/secret/metadata_get.go:102.2,103.16 2 0
github.com/spiffe/spike/app/nexus/internal/route/secret/metadata_get.go:103.16,105.3 1 0
github.com/spiffe/spike/app/nexus/internal/route/secret/metadata_get.go:107.2,111.16 4 0
github.com/spiffe/spike/app/nexus/internal/route/secret/metadata_get.go:111.16,113.3 1 0
github.com/spiffe/spike/app/nexus/internal/route/secret/metadata_get.go:115.2,118.25 3 0
github.com/spiffe/spike/app/nexus/internal/route/secret/metadata_get.go:118.25,120.3 1 0
github.com/spiffe/spike/app/nexus/internal/route/secret/metadata_get.go:122.2,124.12 3 0
github.com/spiffe/spike/app/nexus/internal/route/secret/metadata_get_intercept.go:22.9,26.16 3 0
github.com/spiffe/spike/app/nexus/internal/route/secret/metadata_get_intercept.go:26.16,32.3 3 0
github.com/spiffe/spike/app/nexus/internal/route/secret/metadata_get_intercept.go:34.2,34.16 1 0
github.com/spiffe/spike/app/nexus/internal/route/secret/metadata_get_intercept.go:34.16,40.3 3 0
github.com/spiffe/spike/app/nexus/internal/route/secret/metadata_get_intercept.go:42.2,43.16 2 0
github.com/spiffe/spike/app/nexus/internal/route/secret/metadata_get_intercept.go:43.16,49.3 3 0
github.com/spiffe/spike/app/nexus/internal/route/secret/metadata_get_intercept.go:51.2,52.16 2 0
github.com/spiffe/spike/app/nexus/internal/route/secret/metadata_get_intercept.go:52.16,58.3 3 0
github.com/spiffe/spike/app/nexus/internal/route/secret/metadata_get_intercept.go:60.2,64.14 2 0
github.com/spiffe/spike/app/nexus/internal/route/secret/metadata_get_intercept.go:64.14,70.3 3 0
github.com/spiffe/spike/app/nexus/internal/route/secret/metadata_get_intercept.go:72.2,72.12 1 0
github.com/spiffe/spike/app/nexus/internal/route/secret/put.go:51.9,56.24 4 0
github.com/spiffe/spike/app/nexus/internal/route/secret/put.go:56.24,58.3 1 0
github.com/spiffe/spike/app/nexus/internal/route/secret/put.go:60.2,65.20 2 0
github.com/spiffe/spike/app/nexus/internal/route/secret/put.go:65.20,67.3 1 0
github.com/spiffe/spike/app/nexus/internal/route/secret/put.go:69.2,70.16 2 0
github.com/spiffe/spike/app/nexus/internal/route/secret/put.go:70.16,72.3 1 0
github.com/spiffe/spike/app/nexus/internal/route/secret/put.go:74.2,78.16 4 0
github.com/spiffe/spike/app/nexus/internal/route/secret/put.go:78.16,80.3 1 0
github.com/spiffe/spike/app/nexus/internal/route/secret/put.go:82.2,85.25 3 0
github.com/spiffe/spike/app/nexus/internal/route/secret/put.go:85.25,87.3 1 0
github.com/spiffe/spike/app/nexus/internal/route/secret/put.go:89.2,91.12 3 0
github.com/spiffe/spike/app/nexus/internal/route/secret/put_intercept.go:22.9,27.16 4 0
github.com/spiffe/spike/app/nexus/internal/route/secret/put_intercept.go:27.16,33.3 3 0
github.com/spiffe/spike/app/nexus/internal/route/secret/put_intercept.go:35.2,35.21 1 0
github.com/spiffe/spike/app/nexus/internal/route/secret/put_intercept.go:35.21,41.3 3 0
github.com/spiffe/spike/app/nexus/internal/route/secret/put_intercept.go:43.2,44.16 2 0
github.com/spiffe/spike/app/nexus/internal/route/secret/put_intercept.go:44.16,50.3 3 0
github.com/spiffe/spike/app/nexus/internal/route/secret/put_intercept.go:52.2,53.16 2 0
github.com/spiffe/spike/app/nexus/internal/route/secret/put_intercept.go:53.16,59.3 3 0
github.com/spiffe/spike/app/nexus/internal/route/secret/put_intercept.go:61.2,61.24 1 0
github.com/spiffe/spike/app/nexus/internal/route/secret/put_intercept.go:61.24,63.17 2 0
github.com/spiffe/spike/app/nexus/internal/route/secret/put_intercept.go:63.17,69.4 3 0
github.com/spiffe/spike/app/nexus/internal/route/secret/put_intercept.go:72.2,76.14 2 0
github.com/spiffe/spike/app/nexus/internal/route/secret/put_intercept.go:76.14,82.3 3 0
github.com/spiffe/spike/app/nexus/internal/route/secret/put_intercept.go:84.2,84.12 1 0
github.com/spiffe/spike/app/nexus/internal/route/secret/undelete.go:55.9,60.24 4 0
github.com/spiffe/spike/app/nexus/internal/route/secret/undelete.go:60.24,62.3 1 0
github.com/spiffe/spike/app/nexus/internal/route/secret/undelete.go:64.2,69.16 2 0
github.com/spiffe/spike/app/nexus/internal/route/secret/undelete.go:69.16,71.3 1 0
github.com/spiffe/spike/app/nexus/internal/route/secret/undelete.go:73.2,74.16 2 0
github.com/spiffe/spike/app/nexus/internal/route/secret/undelete.go:74.16,76.3 1 0
github.com/spiffe/spike/app/nexus/internal/route/secret/undelete.go:78.2,80.24 3 0
github.com/spiffe/spike/app/nexus/internal/route/secret/undelete.go:80.24,82.3 1 0
github.com/spiffe/spike/app/nexus/internal/route/secret/undelete.go:84.2,85.16 2 0
github.com/spiffe/spike/app/nexus/internal/route/secret/undelete.go:85.16,87.3 1 0
github.com/spiffe/spike/app/nexus/internal/route/secret/undelete.go:87.8,89.3 1 0
github.com/spiffe/spike/app/nexus/internal/route/secret/undelete.go:91.2,92.25 2 0
github.com/spiffe/spike/app/nexus/internal/route/secret/undelete.go:92.25,94.3 1 0
github.com/spiffe/spike/app/nexus/internal/route/secret/undelete.go:96.2,98.12 3 0
github.com/spiffe/spike/app/nexus/internal/route/secret/undelete_intercept.go:23.9,27.16 3 0
github.com/spiffe/spike/app/nexus/internal/route/secret/undelete_intercept.go:27.16,33.3 3 0
github.com/spiffe/spike/app/nexus/internal/route/secret/undelete_intercept.go:35.2,35.16 1 0
github.com/spiffe/spike/app/nexus/internal/route/secret/undelete_intercept.go:35.16,41.3 3 0
github.com/spiffe/spike/app/nexus/internal/route/secret/undelete_intercept.go:43.2,44.16 2 0
github.com/spiffe/spike/app/nexus/internal/route/secret/undelete_intercept.go:44.16,50.3 3 0
github.com/spiffe/spike/app/nexus/internal/route/secret/undelete_intercept.go:52.2,53.16 2 0
github.com/spiffe/spike/app/nexus/internal/route/secret/undelete_intercept.go:53.16,59.3 3 0
github.com/spiffe/spike/app/nexus/internal/route/secret/undelete_intercept.go:61.2,66.14 2 0
github.com/spiffe/spike/app/nexus/internal/route/secret/undelete_intercept.go:66.14,72.3 3 0
github.com/spiffe/spike/app/nexus/internal/route/secret/undelete_intercept.go:74.2,74.12 1 0
github.com/spiffe/spike/app/nexus/internal/state/backend/lite/initialize.go:27.72,29.16 2 15
github.com/spiffe/spike/app/nexus/internal/state/backend/lite/initialize.go:29.16,31.3 1 0
github.com/spiffe/spike/app/nexus/internal/state/backend/lite/initialize.go:33.2,34.16 2 15
github.com/spiffe/spike/app/nexus/internal/state/backend/lite/initialize.go:34.16,36.3 1 0
github.com/spiffe/spike/app/nexus/internal/state/backend/lite/initialize.go:38.2,40.8 1 15
github.com/spiffe/spike/app/nexus/internal/state/backend/lite/initialize.go:44.42,46.2 1 11
github.com/spiffe/spike/app/nexus/internal/state/backend/memory/memory.go:42.67,50.2 1 19
github.com/spiffe/spike/app/nexus/internal/state/backend/memory/memory.go:53.53,56.2 1 1
github.com/spiffe/spike/app/nexus/internal/state/backend/memory/memory.go:59.48,62.2 1 1
github.com/spiffe/spike/app/nexus/internal/state/backend/memory/memory.go:67.9,77.2 4 60
github.com/spiffe/spike/app/nexus/internal/state/backend/memory/memory.go:82.22,87.54 4 3
github.com/spiffe/spike/app/nexus/internal/state/backend/memory/memory.go:87.54,91.3 1 1
github.com/spiffe/spike/app/nexus/internal/state/backend/memory/memory.go:91.8,91.23 1 2
github.com/spiffe/spike/app/nexus/internal/state/backend/memory/memory.go:91.23,93.3 1 0
github.com/spiffe/spike/app/nexus/internal/state/backend/memory/memory.go:95.2,95.23 1 2
github.com/spiffe/spike/app/nexus/internal/state/backend/memory/memory.go:101.3,111.29 5 14
github.com/spiffe/spike/app/nexus/internal/state/backend/memory/memory.go:111.29,113.17 2 108
github.com/spiffe/spike/app/nexus/internal/state/backend/memory/memory.go:113.17,114.12 1 0
github.com/spiffe/spike/app/nexus/internal/state/backend/memory/memory.go:116.3,116.24 1 108
github.com/spiffe/spike/app/nexus/internal/state/backend/memory/memory.go:119.2,119.20 1 14
github.com/spiffe/spike/app/nexus/internal/state/backend/memory/memory.go:123.74,127.21 3 41
github.com/spiffe/spike/app/nexus/internal/state/backend/memory/memory.go:127.21,129.3 1 1
github.com/spiffe/spike/app/nexus/internal/state/backend/memory/memory.go:131.2,132.12 2 40
github.com/spiffe/spike/app/nexus/internal/state/backend/memory/memory.go:138.25,143.13 4 4
github.com/spiffe/spike/app/nexus/internal/state/backend/memory/memory.go:143.13,145.3 1 2
github.com/spiffe/spike/app/nexus/internal/state/backend/memory/memory.go:147.2,147.20 1 2
github.com/spiffe/spike/app/nexus/internal/state/backend/memory/memory.go:153.36,159.37 4 14
github.com/spiffe/spike/app/nexus/internal/state/backend/memory/memory.go:159.37,161.3 1 88
github.com/spiffe/spike/app/nexus/internal/state/backend/memory/memory.go:163.2,163.20 1 14
github.com/spiffe/spike/app/nexus/internal/state/backend/memory/memory.go:167.66,173.2 4 2
github.com/spiffe/spike/app/nexus/internal/state/backend/memory/memory.go:176.41,178.2 1 1
github.com/spiffe/spike/app/nexus/internal/state/backend/memory/test_helper.go:14.49,16.42 2 19
github.com/spiffe/spike/app/nexus/internal/state/backend/memory/test_helper.go:16.42,18.3 1 0
github.com/spiffe/spike/app/nexus/internal/state/backend/memory/test_helper.go:20.2,21.16 2 19
github.com/spiffe/spike/app/nexus/internal/state/backend/memory/test_helper.go:21.16,23.3 1 0
github.com/spiffe/spike/app/nexus/internal/state/backend/memory/test_helper.go:25.2,26.16 2 19
[...]
github.com/spiffe/spike/app/spike/internal/cmd/secret/delete.go:88.22,90.5 1 0
github.com/spiffe/spike/app/spike/internal/cmd/secret/delete.go:93.4,94.34 2 0
github.com/spiffe/spike/app/spike/internal/cmd/secret/delete.go:94.34,97.19 2 0
github.com/spiffe/spike/app/spike/internal/cmd/secret/delete.go:97.19,100.6 2 0
github.com/spiffe/spike/app/spike/internal/cmd/secret/delete.go:102.5,102.20 1 0
github.com/spiffe/spike/app/spike/internal/cmd/secret/delete.go:102.20,107.6 2 0
github.com/spiffe/spike/app/spike/internal/cmd/secret/delete.go:110.4,111.34 2 0
github.com/spiffe/spike/app/spike/internal/cmd/secret/delete.go:111.34,113.19 2 0
github.com/spiffe/spike/app/spike/internal/cmd/secret/delete.go:113.19,115.6 1 0
github.com/spiffe/spike/app/spike/internal/cmd/secret/delete.go:117.4,117.17 1 0
github.com/spiffe/spike/app/spike/internal/cmd/secret/delete.go:117.17,119.5 1 0
github.com/spiffe/spike/app/spike/internal/cmd/secret/delete.go:121.4,122.18 2 0
github.com/spiffe/spike/app/spike/internal/cmd/secret/delete.go:122.18,123.35 1 0
github.com/spiffe/spike/app/spike/internal/cmd/secret/delete.go:123.35,126.6 2 0
github.com/spiffe/spike/app/spike/internal/cmd/secret/delete.go:128.5,129.11 2 0
github.com/spiffe/spike/app/spike/internal/cmd/secret/delete.go:132.4,132.21 1 0
github.com/spiffe/spike/app/spike/internal/cmd/secret/delete.go:136.2,139.18 2 0
github.com/spiffe/spike/app/spike/internal/cmd/secret/get.go:49.18,54.55 1 0
github.com/spiffe/spike/app/spike/internal/cmd/secret/get.go:54.55,64.45 6 0
github.com/spiffe/spike/app/spike/internal/cmd/secret/get.go:64.45,66.5 1 0
github.com/spiffe/spike/app/spike/internal/cmd/secret/get.go:68.4,68.30 1 0
github.com/spiffe/spike/app/spike/internal/cmd/secret/get.go:68.30,70.5 1 0
github.com/spiffe/spike/app/spike/internal/cmd/secret/get.go:72.4,73.18 2 0
github.com/spiffe/spike/app/spike/internal/cmd/secret/get.go:73.18,74.35 1 0
github.com/spiffe/spike/app/spike/internal/cmd/secret/get.go:74.35,77.6 2 0
github.com/spiffe/spike/app/spike/internal/cmd/secret/get.go:79.5,79.65 1 0
github.com/spiffe/spike/app/spike/internal/cmd/secret/get.go:82.4,82.21 1 0
github.com/spiffe/spike/app/spike/internal/cmd/secret/get.go:82.21,84.5 1 0
github.com/spiffe/spike/app/spike/internal/cmd/secret/get.go:86.4,86.26 1 0
github.com/spiffe/spike/app/spike/internal/cmd/secret/get.go:86.26,88.5 1 0
github.com/spiffe/spike/app/spike/internal/cmd/secret/get.go:90.4,92.42 3 0
github.com/spiffe/spike/app/spike/internal/cmd/secret/get.go:92.42,93.25 1 0
github.com/spiffe/spike/app/spike/internal/cmd/secret/get.go:93.25,94.40 1 0
github.com/spiffe/spike/app/spike/internal/cmd/secret/get.go:94.40,97.7 2 0
github.com/spiffe/spike/app/spike/internal/cmd/secret/get.go:97.12,97.29 1 0
github.com/spiffe/spike/app/spike/internal/cmd/secret/get.go:97.29,100.12 3 0
github.com/spiffe/spike/app/spike/internal/cmd/secret/get.go:103.5,103.15 1 0
github.com/spiffe/spike/app/spike/internal/cmd/secret/get.go:103.15,105.6 1 0
github.com/spiffe/spike/app/spike/internal/cmd/secret/get.go:106.10,108.39 2 0
github.com/spiffe/spike/app/spike/internal/cmd/secret/get.go:108.39,109.43 1 0
github.com/spiffe/spike/app/spike/internal/cmd/secret/get.go:109.43,111.7 1 0
github.com/spiffe/spike/app/spike/internal/cmd/secret/get.go:111.12,113.7 1 0
github.com/spiffe/spike/app/spike/internal/cmd/secret/get.go:114.6,114.18 1 0
github.com/spiffe/spike/app/spike/internal/cmd/secret/get.go:115.11,116.26 1 0
github.com/spiffe/spike/app/spike/internal/cmd/secret/get.go:116.26,117.23 1 0
github.com/spiffe/spike/app/spike/internal/cmd/secret/get.go:117.23,118.45 1 0
github.com/spiffe/spike/app/spike/internal/cmd/secret/get.go:118.45,120.9 1 0
github.com/spiffe/spike/app/spike/internal/cmd/secret/get.go:120.14,122.9 1 0
github.com/spiffe/spike/app/spike/internal/cmd/secret/get.go:123.8,124.13 2 0
github.com/spiffe/spike/app/spike/internal/cmd/secret/get.go:128.5,128.19 1 0
github.com/spiffe/spike/app/spike/internal/cmd/secret/get.go:128.19,130.6 1 0
github.com/spiffe/spike/app/spike/internal/cmd/secret/get.go:131.5,131.15 1 0
github.com/spiffe/spike/app/spike/internal/cmd/secret/get.go:131.15,133.6 1 0
github.com/spiffe/spike/app/spike/internal/cmd/secret/get.go:134.5,134.34 1 0
github.com/spiffe/spike/app/spike/internal/cmd/secret/get.go:136.4,136.14 1 0
github.com/spiffe/spike/app/spike/internal/cmd/secret/get.go:140.2,144.15 3 0
github.com/spiffe/spike/app/spike/internal/cmd/secret/list.go:44.18,48.48 1 0
github.com/spiffe/spike/app/spike/internal/cmd/secret/list.go:48.48,54.18 4 0
github.com/spiffe/spike/app/spike/internal/cmd/secret/list.go:54.18,55.35 1 0
github.com/spiffe/spike/app/spike/internal/cmd/secret/list.go:55.35,58.6 2 0
github.com/spiffe/spike/app/spike/internal/cmd/secret/list.go:60.5,61.11 2 0
github.com/spiffe/spike/app/spike/internal/cmd/secret/list.go:63.4,63.19 1 0
github.com/spiffe/spike/app/spike/internal/cmd/secret/list.go:63.19,66.5 2 0
github.com/spiffe/spike/app/spike/internal/cmd/secret/list.go:68.4,68.23 1 0
github.com/spiffe/spike/app/spike/internal/cmd/secret/list.go:68.23,71.5 2 0
github.com/spiffe/spike/app/spike/internal/cmd/secret/list.go:73.4,73.30 1 0
github.com/spiffe/spike/app/spike/internal/cmd/secret/list.go:73.30,75.5 1 0
github.com/spiffe/spike/app/spike/internal/cmd/secret/list.go:79.2,79.16 1 0
github.com/spiffe/spike/app/spike/internal/cmd/secret/metadata_get.go:45.18,55.48 2 0
github.com/spiffe/spike/app/spike/internal/cmd/secret/metadata_get.go:55.48,64.18 6 0
github.com/spiffe/spike/app/spike/internal/cmd/secret/metadata_get.go:64.18,65.35 1 0
github.com/spiffe/spike/app/spike/internal/cmd/secret/metadata_get.go:65.35,68.6 2 0
github.com/spiffe/spike/app/spike/internal/cmd/secret/metadata_get.go:70.5,71.11 2 0
github.com/spiffe/spike/app/spike/internal/cmd/secret/metadata_get.go:74.4,74.21 1 0
github.com/spiffe/spike/app/spike/internal/cmd/secret/metadata_get.go:74.21,77.5 2 0
github.com/spiffe/spike/app/spike/internal/cmd/secret/metadata_get.go:79.4,79.31 1 0
github.com/spiffe/spike/app/spike/internal/cmd/secret/metadata_get.go:83.2,87.12 3 0
github.com/spiffe/spike/app/spike/internal/cmd/secret/new.go:15.18,32.2 8 0
github.com/spiffe/spike/app/spike/internal/cmd/secret/print.go:13.37,15.2 1 0
github.com/spiffe/spike/app/spike/internal/cmd/secret/print.go:18.57,19.27 1 0
github.com/spiffe/spike/app/spike/internal/cmd/secret/print.go:19.27,21.3 1 0
github.com/spiffe/spike/app/spike/internal/cmd/secret/print.go:23.2,25.17 3 0
github.com/spiffe/spike/app/spike/internal/cmd/secret/print.go:25.17,34.3 8 0
github.com/spiffe/spike/app/spike/internal/cmd/secret/print.go:36.2,36.32 1 0
github.com/spiffe/spike/app/spike/internal/cmd/secret/print.go:36.32,40.55 3 0
github.com/spiffe/spike/app/spike/internal/cmd/secret/print.go:40.55,43.38 3 0
github.com/spiffe/spike/app/spike/internal/cmd/secret/print.go:43.38,45.5 1 0
github.com/spiffe/spike/app/spike/internal/cmd/secret/print.go:46.4,46.20 1 0
github.com/spiffe/spike/app/spike/internal/cmd/secret/put.go:51.18,56.48 1 0
github.com/spiffe/spike/app/spike/internal/cmd/secret/put.go:56.48,63.30 4 0
github.com/spiffe/spike/app/spike/internal/cmd/secret/put.go:63.30,66.5 2 0
github.com/spiffe/spike/app/spike/internal/cmd/secret/put.go:68.4,70.31 3 0
github.com/spiffe/spike/app/spike/internal/cmd/secret/put.go:70.31,71.35 1 0
github.com/spiffe/spike/app/spike/internal/cmd/secret/put.go:71.35,73.14 2 0
github.com/spiffe/spike/app/spike/internal/cmd/secret/put.go:75.5,76.28 2 0
github.com/spiffe/spike/app/spike/internal/cmd/secret/put.go:79.4,79.24 1 0
github.com/spiffe/spike/app/spike/internal/cmd/secret/put.go:79.24,82.5 2 0
github.com/spiffe/spike/app/spike/internal/cmd/secret/put.go:84.4,85.18 2 0
github.com/spiffe/spike/app/spike/internal/cmd/secret/put.go:85.18,86.35 1 0
github.com/spiffe/spike/app/spike/internal/cmd/secret/put.go:86.35,89.6 2 0
github.com/spiffe/spike/app/spike/internal/cmd/secret/put.go:91.5,92.11 2 0
github.com/spiffe/spike/app/spike/internal/cmd/secret/put.go:95.4,95.21 1 0
github.com/spiffe/spike/app/spike/internal/cmd/secret/put.go:99.2,99.15 1 0
github.com/spiffe/spike/app/spike/internal/cmd/secret/undelete.go:54.18,69.48 1 0
github.com/spiffe/spike/app/spike/internal/cmd/secret/undelete.go:69.48,76.30 4 0
github.com/spiffe/spike/app/spike/internal/cmd/secret/undelete.go:76.30,79.5 2 0
github.com/spiffe/spike/app/spike/internal/cmd/secret/undelete.go:81.4,82.22 2 0
github.com/spiffe/spike/app/spike/internal/cmd/secret/undelete.go:82.22,84.5 1 0
github.com/spiffe/spike/app/spike/internal/cmd/secret/undelete.go:87.4,88.34 2 0
github.com/spiffe/spike/app/spike/internal/cmd/secret/undelete.go:88.34,91.19 2 0
github.com/spiffe/spike/app/spike/internal/cmd/secret/undelete.go:91.19,94.6 2 0
github.com/spiffe/spike/app/spike/internal/cmd/secret/undelete.go:96.5,96.20 1 0
github.com/spiffe/spike/app/spike/internal/cmd/secret/undelete.go:96.20,101.6 2 0
github.com/spiffe/spike/app/spike/internal/cmd/secret/undelete.go:104.4,105.34 2 0
github.com/spiffe/spike/app/spike/internal/cmd/secret/undelete.go:105.34,107.19 2 0
github.com/spiffe/spike/app/spike/internal/cmd/secret/undelete.go:107.19,109.6 1 0
github.com/spiffe/spike/app/spike/internal/cmd/secret/undelete.go:111.4,111.17 1 0
github.com/spiffe/spike/app/spike/internal/cmd/secret/undelete.go:111.17,113.5 1 0
github.com/spiffe/spike/app/spike/internal/cmd/secret/undelete.go:115.4,116.18 2 0
github.com/spiffe/spike/app/spike/internal/cmd/secret/undelete.go:116.18,117.35 1 0
github.com/spiffe/spike/app/spike/internal/cmd/secret/undelete.go:117.35,120.6 2 0
github.com/spiffe/spike/app/spike/internal/cmd/secret/undelete.go:122.5,123.11 2 0
github.com/spiffe/spike/app/spike/internal/cmd/secret/undelete.go:126.4,126.21 1 0
github.com/spiffe/spike/app/spike/internal/cmd/secret/undelete.go:130.2,133.20 2 0
github.com/spiffe/spike/app/spike/internal/env/out.go:29.31,32.13 3 0
github.com/spiffe/spike/app/spike/internal/env/out.go:32.13,34.3 1 0
github.com/spiffe/spike/app/spike/internal/env/out.go:35.2,35.20 1 0
github.com/spiffe/spike/app/spike/internal/stdout/stdout.go:17.22,28.17 1 0
github.com/spiffe/spike/app/spike/internal/stdout/stdout.go:28.17,30.3 1 0
github.com/spiffe/spike/app/spike/internal/trust/spiffeid.go:21.44,23.29 2 0
github.com/spiffe/spike/app/spike/internal/trust/spiffeid.go:23.29,35.3 2 0
github.com/spiffe/spike/app/spike/internal/trust/spiffeid.go:42.51,45.36 2 0
github.com/spiffe/spike/app/spike/internal/trust/spiffeid.go:45.36,58.3 2 0
github.com/spiffe/spike/app/spike/internal/trust/spiffeid.go:65.51,68.36 2 0
github.com/spiffe/spike/app/spike/internal/trust/spiffeid.go:68.36,81.3 2 0
github.com/spiffe/spike/ci/test/main.go:17.42,20.26 3 0
github.com/spiffe/spike/ci/test/main.go:20.26,23.3 2 0
github.com/spiffe/spike/ci/test/main.go:24.2,24.25 1 0
github.com/spiffe/spike/ci/test/main.go:27.13,35.16 5 0
github.com/spiffe/spike/ci/test/main.go:35.16,37.3 1 0
github.com/spiffe/spike/ci/test/main.go:38.2,38.36 1 0
github.com/spiffe/spike/ci/test/main.go:38.36,40.3 1 0
github.com/spiffe/spike/ci/test/main.go:42.2,43.16 2 0
github.com/spiffe/spike/ci/test/main.go:43.16,45.3 1 0
github.com/spiffe/spike/ci/test/main.go:46.2,47.16 2 0
github.com/spiffe/spike/ci/test/main.go:47.16,50.3 2 0
github.com/spiffe/spike/ci/test/main.go:52.2,53.16 2 0
github.com/spiffe/spike/ci/test/main.go:53.16,55.3 1 0
github.com/spiffe/spike/ci/test/main.go:56.2,57.16 2 0
github.com/spiffe/spike/ci/test/main.go:57.16,60.3 2 0
github.com/spiffe/spike/ci/test/main.go:62.2,63.16 2 0
github.com/spiffe/spike/ci/test/main.go:63.16,65.3 1 0
github.com/spiffe/spike/ci/test/main.go:67.2,72.16 3 0
github.com/spiffe/spike/ci/test/main.go:72.16,74.3 1 0
github.com/spiffe/spike/ci/test/main.go:75.2,75.36 1 0
github.com/spiffe/spike/ci/test/main.go:75.36,77.3 1 0
github.com/spiffe/spike/ci/test/main.go:79.2,80.16 2 0
github.com/spiffe/spike/ci/test/main.go:80.16,82.3 1 0
github.com/spiffe/spike/ci/test/main.go:83.2,84.16 2 0
github.com/spiffe/spike/ci/test/main.go:84.16,87.3 2 0
github.com/spiffe/spike/ci/test/main.go:89.2,90.16 2 0
github.com/spiffe/spike/ci/test/main.go:90.16,92.3 1 0
github.com/spiffe/spike/ci/test/main.go:96.2,97.16 2 0
github.com/spiffe/spike/ci/test/main.go:97.16,99.3 1 0
github.com/spiffe/spike/ci/test/main.go:101.2,102.16 2 0
github.com/spiffe/spike/ci/test/main.go:102.16,104.3 1 0
github.com/spiffe/spike/ci/test/main.go:108.2,109.16 2 0
github.com/spiffe/spike/ci/test/main.go:109.16,111.3 1 0
github.com/spiffe/spike/ci/test/main.go:113.2,114.16 2 0
github.com/spiffe/spike/ci/test/main.go:114.16,116.3 1 0
github.com/spiffe/spike/ci/test/main.go:118.2,118.39 1 0
github.com/spiffe/spike/internal/config/config.go:37.46,38.15 1 0
github.com/spiffe/spike/internal/config/config.go:38.15,40.3 1 0
github.com/spiffe/spike/internal/config/config.go:43.2,44.16 2 0
github.com/spiffe/spike/internal/config/config.go:44.16,46.3 1 0
github.com/spiffe/spike/internal/config/config.go:49.2,49.45 1 0
github.com/spiffe/spike/internal/config/config.go:49.45,50.74 1 0
github.com/spiffe/spike/internal/config/config.go:50.74,54.4 1 0
github.com/spiffe/spike/internal/config/config.go:58.2,58.90 1 0
github.com/spiffe/spike/internal/config/config.go:58.90,63.3 1 0
github.com/spiffe/spike/internal/config/config.go:66.2,67.16 2 0
github.com/spiffe/spike/internal/config/config.go:67.16,68.26 1 0
github.com/spiffe/spike/internal/config/config.go:68.26,70.4 1 0
github.com/spiffe/spike/internal/config/config.go:72.3,73.47 2 0
github.com/spiffe/spike/internal/config/config.go:73.47,77.4 1 0
github.com/spiffe/spike/internal/config/config.go:78.8,80.20 1 0
github.com/spiffe/spike/internal/config/config.go:80.20,82.4 1 0
github.com/spiffe/spike/internal/config/config.go:85.2,85.12 1 0
github.com/spiffe/spike/internal/config/config.go:95.31,99.69 2 0
github.com/spiffe/spike/internal/config/config.go:99.69,100.58 1 0
github.com/spiffe/spike/internal/config/config.go:100.58,103.54 2 0
github.com/spiffe/spike/internal/config/config.go:103.54,109.5 1 0
github.com/spiffe/spike/internal/config/config.go:109.10,111.5 1 0
github.com/spiffe/spike/internal/config/config.go:112.9,118.4 1 0
github.com/spiffe/spike/internal/config/config.go:122.2,123.16 2 0
github.com/spiffe/spike/internal/config/config.go:123.16,126.17 2 0
github.com/spiffe/spike/internal/config/config.go:126.17,128.4 1 0
github.com/spiffe/spike/internal/config/config.go:129.3,132.17 4 0
github.com/spiffe/spike/internal/config/config.go:132.17,133.14 1 0
github.com/spiffe/spike/internal/config/config.go:135.3,135.18 1 0
github.com/spiffe/spike/internal/config/config.go:138.2,145.16 4 0
github.com/spiffe/spike/internal/config/config.go:145.16,146.13 1 0
github.com/spiffe/spike/internal/config/config.go:149.2,149.17 1 0
github.com/spiffe/spike/internal/config/config.go:160.35,164.67 2 0
github.com/spiffe/spike/internal/config/config.go:164.67,165.58 1 0
github.com/spiffe/spike/internal/config/config.go:165.58,168.57 2 0
github.com/spiffe/spike/internal/config/config.go:168.57,174.5 1 0
github.com/spiffe/spike/internal/config/config.go:174.10,176.5 1 0
github.com/spiffe/spike/internal/config/config.go:177.9,183.4 1 0
github.com/spiffe/spike/internal/config/config.go:187.2,188.16 2 0
github.com/spiffe/spike/internal/config/config.go:188.16,191.17 2 0
github.com/spiffe/spike/internal/config/config.go:191.17,193.4 1 0
github.com/spiffe/spike/internal/config/config.go:194.3,197.17 4 0
github.com/spiffe/spike/internal/config/config.go:197.17,198.14 1 0
github.com/spiffe/spike/internal/config/config.go:200.3,200.21 1 0
github.com/spiffe/spike/internal/config/config.go:203.2,210.16 4 0
github.com/spiffe/spike/internal/config/config.go:210.16,211.13 1 0
github.com/spiffe/spike/internal/config/config.go:214.2,214.20 1 0
github.com/spiffe/spike/internal/journal/audit.go:79.30,86.16 3 0
github.com/spiffe/spike/internal/journal/audit.go:86.16,92.3 2 0
github.com/spiffe/spike/internal/journal/audit.go:94.2,94.27 1 0
github.com/spiffe/spike/internal/journal/audit.go:107.58,113.2 5 0
github.com/spiffe/spike/internal/net/factory.go:31.62,35.26 2 0
github.com/spiffe/spike/internal/net/factory.go:35.26,37.3 1 0
github.com/spiffe/spike/internal/net/factory.go:39.2,39.25 1 0
github.com/spiffe/spike/internal/net/handle.go:29.29,32.4 1 0
github.com/spiffe/spike/internal/net/handle.go:32.4,47.17 5 0
github.com/spiffe/spike/internal/net/handle.go:47.17,50.4 2 0
github.com/spiffe/spike/internal/net/handle.go:50.9,54.4 3 0
github.com/spiffe/spike/internal/net/handle.go:56.3,57.23 2 0
github.com/spiffe/spike/internal/net/post.go:17.53,19.16 2 0
github.com/spiffe/spike/internal/net/post.go:19.16,21.3 1 0
github.com/spiffe/spike/internal/net/post.go:23.2,23.18 1 0
github.com/spiffe/spike/internal/net/post.go:56.72,61.16 3 0
github.com/spiffe/spike/internal/net/post.go:61.16,66.3 1 0
github.com/spiffe/spike/internal/net/post.go:69.2,73.16 3 0
github.com/spiffe/spike/internal/net/post.go:73.16,78.3 1 0
github.com/spiffe/spike/internal/net/post.go:80.2,80.35 1 0
github.com/spiffe/spike/internal/net/post.go:80.35,81.42 1 0
github.com/spiffe/spike/internal/net/post.go:81.42,83.4 1 0
github.com/spiffe/spike/internal/net/post.go:85.3,85.46 1 0
github.com/spiffe/spike/internal/net/post.go:85.46,87.4 1 0
github.com/spiffe/spike/internal/net/post.go:89.3,89.44 1 0
github.com/spiffe/spike/internal/net/post.go:92.2,93.16 2 0
github.com/spiffe/spike/internal/net/post.go:93.16,98.3 1 0
github.com/spiffe/spike/internal/net/post.go:100.2,100.30 1 0
github.com/spiffe/spike/internal/net/post.go:100.30,101.15 1 0
github.com/spiffe/spike/internal/net/post.go:101.15,103.4 1 0
github.com/spiffe/spike/internal/net/post.go:104.3,104.36 1 0
github.com/spiffe/spike/internal/net/post.go:107.2,107.15 1 0
github.com/spiffe/spike/internal/net/request.go:22.69,24.16 2 0
github.com/spiffe/spike/internal/net/request.go:24.16,31.17 4 0
github.com/spiffe/spike/internal/net/request.go:31.17,35.4 1 0
github.com/spiffe/spike/internal/net/request.go:37.3,37.18 1 0
github.com/spiffe/spike/internal/net/request.go:40.2,40.17 1 0
github.com/spiffe/spike/internal/net/request.go:40.17,45.17 4 0
github.com/spiffe/spike/internal/net/request.go:45.17,49.4 1 0
github.com/spiffe/spike/internal/net/request.go:50.3,50.18 1 0
github.com/spiffe/spike/internal/net/request.go:53.2,53.13 1 0
github.com/spiffe/spike/internal/net/request.go:60.65,61.16 1 0
github.com/spiffe/spike/internal/net/request.go:61.16,63.3 1 0
github.com/spiffe/spike/internal/net/request.go:65.2,68.35 3 0
github.com/spiffe/spike/internal/net/request.go:96.8,101.16 2 0
github.com/spiffe/spike/internal/net/request.go:101.16,107.26 3 0
github.com/spiffe/spike/internal/net/request.go:107.26,109.4 1 0
github.com/spiffe/spike/internal/net/request.go:111.3,112.13 2 0
github.com/spiffe/spike/internal/net/request.go:115.2,115.17 1 0
github.com/spiffe/spike/internal/net/response.go:32.57,35.16 2 0
github.com/spiffe/spike/internal/net/response.go:35.16,44.17 5 0
github.com/spiffe/spike/internal/net/response.go:44.17,49.4 2 0
github.com/spiffe/spike/internal/net/response.go:51.3,51.13 1 0
github.com/spiffe/spike/internal/net/response.go:54.2,54.13 1 0
github.com/spiffe/spike/internal/net/response.go:68.66,82.16 7 0
github.com/spiffe/spike/internal/net/response.go:82.16,86.3 1 0
github.com/spiffe/spike/internal/net/response.go:106.9,114.17 4 0
github.com/spiffe/spike/internal/net/response.go:114.17,116.3 1 0
github.com/spiffe/spike/internal/net/response.go:118.2,121.41 3 0
github.com/spiffe/spike/internal/net/response.go:121.41,126.3 2 0
github.com/spiffe/spike/internal/net/response.go:128.2,128.12 1 0
github.com/spiffe/spike/internal/net/response.go:152.9,160.17 4 0
github.com/spiffe/spike/internal/net/response.go:160.17,162.3 1 0
github.com/spiffe/spike/internal/net/response.go:164.2,167.41 3 0
github.com/spiffe/spike/internal/net/response.go:167.41,172.3 2 0
github.com/spiffe/spike/internal/net/response.go:174.2,174.12 1 0
