mode: set
github.com/spiffe/spike/app/bootstrap/cmd/main.go:27.13,37.26 3 0
github.com/spiffe/spike/app/bootstrap/cmd/main.go:37.26,43.43 2 0
github.com/spiffe/spike/app/bootstrap/cmd/main.go:43.43,49.4 1 0
github.com/spiffe/spike/app/bootstrap/cmd/main.go:52.2,54.12 3 0
github.com/spiffe/spike/app/bootstrap/cmd/main.go:54.12,59.3 4 0
github.com/spiffe/spike/app/bootstrap/cmd/main.go:68.2,69.10 2 0
github.com/spiffe/spike/app/bootstrap/cmd/main.go:69.10,72.3 2 0
github.com/spiffe/spike/app/bootstrap/cmd/main.go:74.2,86.15 5 0
github.com/spiffe/spike/app/bootstrap/cmd/main.go:86.15,88.22 2 0
github.com/spiffe/spike/app/bootstrap/cmd/main.go:88.22,90.4 1 0
github.com/spiffe/spike/app/bootstrap/cmd/main.go:91.3,93.33 3 0
github.com/spiffe/spike/app/bootstrap/cmd/main.go:96.2,117.58 8 0
github.com/spiffe/spike/app/bootstrap/cmd/main.go:117.58,121.3 3 0
github.com/spiffe/spike/app/bootstrap/cmd/main.go:123.2,123.46 1 0
github.com/spiffe/spike/app/bootstrap/internal/lifecycle/lifecycle.go:47.29,51.45 2 0
github.com/spiffe/spike/app/bootstrap/internal/lifecycle/lifecycle.go:51.45,57.3 2 0
github.com/spiffe/spike/app/bootstrap/internal/lifecycle/lifecycle.go:60.2,60.43 1 0
github.com/spiffe/spike/app/bootstrap/internal/lifecycle/lifecycle.go:60.43,66.3 2 0
github.com/spiffe/spike/app/bootstrap/internal/lifecycle/lifecycle.go:69.2,69.46 1 0
github.com/spiffe/spike/app/bootstrap/internal/lifecycle/lifecycle.go:69.46,72.3 2 0
github.com/spiffe/spike/app/bootstrap/internal/lifecycle/lifecycle.go:78.2,79.19 2 0
github.com/spiffe/spike/app/bootstrap/internal/lifecycle/lifecycle.go:79.19,82.46 1 0
github.com/spiffe/spike/app/bootstrap/internal/lifecycle/lifecycle.go:82.46,89.4 2 0
github.com/spiffe/spike/app/bootstrap/internal/lifecycle/lifecycle.go:92.3,95.15 4 0
github.com/spiffe/spike/app/bootstrap/internal/lifecycle/lifecycle.go:99.2,100.22 2 0
github.com/spiffe/spike/app/bootstrap/internal/lifecycle/lifecycle.go:100.22,106.3 4 0
github.com/spiffe/spike/app/bootstrap/internal/lifecycle/lifecycle.go:108.2,110.81 2 0
github.com/spiffe/spike/app/bootstrap/internal/lifecycle/lifecycle.go:110.81,112.3 1 0
github.com/spiffe/spike/app/bootstrap/internal/lifecycle/lifecycle.go:114.2,119.19 2 0
github.com/spiffe/spike/app/bootstrap/internal/lifecycle/lifecycle.go:119.19,125.3 4 0
github.com/spiffe/spike/app/bootstrap/internal/lifecycle/lifecycle.go:127.2,131.24 4 0
github.com/spiffe/spike/app/bootstrap/internal/lifecycle/lifecycle.go:131.24,144.3 3 0
github.com/spiffe/spike/app/bootstrap/internal/lifecycle/lifecycle.go:147.2,147.13 1 0
github.com/spiffe/spike/app/bootstrap/internal/lifecycle/lifecycle.go:163.50,168.19 3 0
github.com/spiffe/spike/app/bootstrap/internal/lifecycle/lifecycle.go:168.19,169.46 1 0
github.com/spiffe/spike/app/bootstrap/internal/lifecycle/lifecycle.go:169.46,176.4 2 0
github.com/spiffe/spike/app/bootstrap/internal/lifecycle/lifecycle.go:178.3,180.30 3 0
github.com/spiffe/spike/app/bootstrap/internal/lifecycle/lifecycle.go:183.2,184.22 2 0
github.com/spiffe/spike/app/bootstrap/internal/lifecycle/lifecycle.go:184.22,188.3 3 0
github.com/spiffe/spike/app/bootstrap/internal/lifecycle/lifecycle.go:190.2,193.20 2 0
github.com/spiffe/spike/app/bootstrap/internal/lifecycle/lifecycle.go:193.20,195.3 1 0
github.com/spiffe/spike/app/bootstrap/internal/lifecycle/lifecycle.go:195.8,200.3 3 0
github.com/spiffe/spike/app/bootstrap/internal/lifecycle/lifecycle.go:203.2,218.22 4 0
github.com/spiffe/spike/app/bootstrap/internal/lifecycle/lifecycle.go:218.22,223.23 2 0
github.com/spiffe/spike/app/bootstrap/internal/lifecycle/lifecycle.go:223.23,227.4 3 0
github.com/spiffe/spike/app/bootstrap/internal/lifecycle/lifecycle.go:230.2,234.12 2 0
github.com/spiffe/spike/app/bootstrap/internal/net/broadcast.go:52.60,61.36 5 0
github.com/spiffe/spike/app/bootstrap/internal/net/broadcast.go:61.36,71.3 4 0
github.com/spiffe/spike/app/bootstrap/internal/net/broadcast.go:73.2,83.52 7 0
github.com/spiffe/spike/app/bootstrap/internal/net/broadcast.go:83.52,87.17 2 0
github.com/spiffe/spike/app/bootstrap/internal/net/broadcast.go:87.17,96.4 4 0
github.com/spiffe/spike/app/bootstrap/internal/net/broadcast.go:119.23,128.38 5 0
github.com/spiffe/spike/app/bootstrap/internal/net/broadcast.go:128.38,138.28 3 0
github.com/spiffe/spike/app/bootstrap/internal/net/broadcast.go:138.28,143.5 4 0
github.com/spiffe/spike/app/bootstrap/internal/net/broadcast.go:144.4,144.20 1 0
github.com/spiffe/spike/app/bootstrap/internal/net/broadcast.go:152.2,152.12 1 0
github.com/spiffe/spike/app/bootstrap/internal/net/broadcast.go:166.64,174.16 5 0
github.com/spiffe/spike/app/bootstrap/internal/net/broadcast.go:174.16,178.3 3 0
github.com/spiffe/spike/app/bootstrap/internal/net/broadcast.go:179.2,186.19 6 0
github.com/spiffe/spike/app/bootstrap/internal/net/broadcast.go:186.19,190.3 3 0
github.com/spiffe/spike/app/bootstrap/internal/net/broadcast.go:192.2,193.19 2 0
github.com/spiffe/spike/app/bootstrap/internal/net/broadcast.go:193.19,197.3 3 0
github.com/spiffe/spike/app/bootstrap/internal/net/broadcast.go:199.2,200.69 2 0
github.com/spiffe/spike/app/bootstrap/internal/net/broadcast.go:200.69,204.3 3 0
github.com/spiffe/spike/app/bootstrap/internal/net/broadcast.go:206.2,212.66 2 0
github.com/spiffe/spike/app/bootstrap/internal/net/broadcast.go:212.66,214.23 2 0
github.com/spiffe/spike/app/bootstrap/internal/net/broadcast.go:214.23,219.4 4 0
github.com/spiffe/spike/app/bootstrap/internal/net/broadcast.go:220.3,220.19 1 0
github.com/spiffe/spike/app/bootstrap/internal/net/broadcast.go:225.2,225.21 1 0
github.com/spiffe/spike/app/bootstrap/internal/net/broadcast.go:225.21,229.3 3 0
github.com/spiffe/spike/app/bootstrap/internal/net/broadcast.go:243.46,253.16 5 0
github.com/spiffe/spike/app/bootstrap/internal/net/broadcast.go:253.16,256.3 2 0
github.com/spiffe/spike/app/bootstrap/internal/net/broadcast.go:258.2,258.33 1 0
github.com/spiffe/spike/app/bootstrap/internal/net/broadcast.go:258.33,263.3 4 0
github.com/spiffe/spike/app/bootstrap/internal/net/broadcast.go:265.2,265.12 1 0
github.com/spiffe/spike/app/bootstrap/internal/net/broadcast.go:296.9,299.12 2 0
github.com/spiffe/spike/app/bootstrap/internal/net/broadcast.go:299.12,304.27 2 0
github.com/spiffe/spike/app/bootstrap/internal/net/broadcast.go:304.27,307.4 2 0
github.com/spiffe/spike/app/bootstrap/internal/net/broadcast.go:308.3,308.24 1 0
github.com/spiffe/spike/app/bootstrap/internal/net/broadcast.go:311.2,311.9 1 0
github.com/spiffe/spike/app/bootstrap/internal/net/broadcast.go:312.21,313.13 1 0
github.com/spiffe/spike/app/bootstrap/internal/net/broadcast.go:314.20,315.19 1 0
github.com/spiffe/spike/app/bootstrap/internal/state/state.go:25.48,29.2 3 0
github.com/spiffe/spike/app/bootstrap/internal/state/state.go:41.54,43.2 1 0
github.com/spiffe/spike/app/bootstrap/internal/state/state.go:51.24,53.2 1 0
github.com/spiffe/spike/app/bootstrap/internal/state/state.go:57.26,59.2 1 0
github.com/spiffe/spike/app/bootstrap/internal/state/state.go:80.16,84.32 3 1
github.com/spiffe/spike/app/bootstrap/internal/state/state.go:84.32,86.17 2 1
github.com/spiffe/spike/app/bootstrap/internal/state/state.go:86.17,92.4 3 0
github.com/spiffe/spike/app/bootstrap/internal/state/state.go:94.3,94.67 1 1
github.com/spiffe/spike/app/bootstrap/internal/state/state.go:94.67,96.9 2 1
github.com/spiffe/spike/app/bootstrap/internal/state/state.go:100.2,100.23 1 1
github.com/spiffe/spike/app/bootstrap/internal/state/state.go:100.23,104.3 3 0
github.com/spiffe/spike/app/bootstrap/internal/state/state.go:106.2,106.14 1 1
github.com/spiffe/spike/app/bootstrap/internal/state/test_helper.go:17.67,23.25 4 1
github.com/spiffe/spike/app/bootstrap/internal/state/test_helper.go:23.25,25.3 1 1
github.com/spiffe/spike/app/bootstrap/internal/state/test_helper.go:27.2,28.16 2 1
github.com/spiffe/spike/app/bootstrap/internal/state/test_helper.go:28.16,30.3 1 0
github.com/spiffe/spike/app/bootstrap/internal/state/test_helper.go:33.2,37.34 4 1
github.com/spiffe/spike/app/demo/cmd/main.go:13.13,22.20 3 0
github.com/spiffe/spike/app/demo/cmd/main.go:22.20,25.3 2 0
github.com/spiffe/spike/app/demo/cmd/main.go:27.2,30.15 2 0
github.com/spiffe/spike/app/demo/cmd/main.go:30.15,33.22 2 0
github.com/spiffe/spike/app/demo/cmd/main.go:33.22,35.4 1 0
github.com/spiffe/spike/app/demo/cmd/main.go:39.2,47.19 3 0
github.com/spiffe/spike/app/demo/cmd/main.go:47.19,50.3 2 0
github.com/spiffe/spike/app/demo/cmd/main.go:54.2,55.19 2 0
github.com/spiffe/spike/app/demo/cmd/main.go:55.19,58.3 2 0
github.com/spiffe/spike/app/demo/cmd/main.go:60.2,60.19 1 0
github.com/spiffe/spike/app/demo/cmd/main.go:60.19,63.3 2 0
github.com/spiffe/spike/app/demo/cmd/main.go:65.2,66.32 2 0
github.com/spiffe/spike/app/demo/cmd/main.go:66.32,68.3 1 0
github.com/spiffe/spike/app/keeper/cmd/main.go:24.13,31.16 5 0
github.com/spiffe/spike/app/keeper/cmd/main.go:31.16,33.3 1 0
github.com/spiffe/spike/app/keeper/cmd/main.go:34.2,34.15 1 0
github.com/spiffe/spike/app/keeper/cmd/main.go:34.15,36.22 2 0
github.com/spiffe/spike/app/keeper/cmd/main.go:36.22,40.4 1 0
github.com/spiffe/spike/app/keeper/cmd/main.go:44.2,44.38 1 0
github.com/spiffe/spike/app/keeper/cmd/main.go:44.38,48.3 3 0
github.com/spiffe/spike/app/keeper/cmd/main.go:50.2,63.3 2 0
github.com/spiffe/spike/app/keeper/internal/route/base/route.go:34.23,39.51 1 0
github.com/spiffe/spike/app/keeper/internal/route/base/route.go:39.51,40.11 1 0
github.com/spiffe/spike/app/keeper/internal/route/base/route.go:42.61,43.33 1 0
github.com/spiffe/spike/app/keeper/internal/route/base/route.go:45.56,46.28 1 0
github.com/spiffe/spike/app/keeper/internal/route/base/route.go:47.12,48.24 1 0
github.com/spiffe/spike/app/keeper/internal/route/store/contribute.go:63.23,73.54 4 0
github.com/spiffe/spike/app/keeper/internal/route/store/contribute.go:73.54,75.3 1 0
github.com/spiffe/spike/app/keeper/internal/route/store/contribute.go:77.2,77.26 1 0
github.com/spiffe/spike/app/keeper/internal/route/store/contribute.go:77.26,81.21 2 0
github.com/spiffe/spike/app/keeper/internal/route/store/contribute.go:81.21,83.4 1 0
github.com/spiffe/spike/app/keeper/internal/route/store/contribute.go:84.3,84.37 1 0
github.com/spiffe/spike/app/keeper/internal/route/store/contribute.go:89.2,89.15 1 0
github.com/spiffe/spike/app/keeper/internal/route/store/contribute.go:89.15,91.3 1 0
github.com/spiffe/spike/app/keeper/internal/route/store/contribute.go:96.2,96.33 1 0
github.com/spiffe/spike/app/keeper/internal/route/store/contribute.go:96.33,100.21 2 0
github.com/spiffe/spike/app/keeper/internal/route/store/contribute.go:100.21,102.4 1 0
github.com/spiffe/spike/app/keeper/internal/route/store/contribute.go:103.3,103.39 1 0
github.com/spiffe/spike/app/keeper/internal/route/store/contribute.go:107.2,109.60 2 0
github.com/spiffe/spike/app/keeper/internal/route/store/contribute_intercept.go:33.23,37.2 1 0
github.com/spiffe/spike/app/keeper/internal/route/store/shard.go:54.23,64.54 4 0
github.com/spiffe/spike/app/keeper/internal/route/store/shard.go:64.54,66.3 1 0
github.com/spiffe/spike/app/keeper/internal/route/store/shard.go:68.2,74.22 4 0
github.com/spiffe/spike/app/keeper/internal/route/store/shard.go:74.22,78.21 2 0
github.com/spiffe/spike/app/keeper/internal/route/store/shard.go:78.21,80.4 1 0
github.com/spiffe/spike/app/keeper/internal/route/store/shard.go:81.3,81.39 1 0
github.com/spiffe/spike/app/keeper/internal/route/store/shard.go:84.2,87.23 2 0
github.com/spiffe/spike/app/keeper/internal/route/store/shard.go:87.23,90.3 2 0
github.com/spiffe/spike/app/keeper/internal/route/store/shard.go:92.2,92.15 1 0
github.com/spiffe/spike/app/keeper/internal/route/store/shard.go:92.15,94.3 1 0
github.com/spiffe/spike/app/keeper/internal/route/store/shard.go:95.2,95.12 1 0
github.com/spiffe/spike/app/keeper/internal/route/store/shard_intercept.go:33.23,37.2 1 0
github.com/spiffe/spike/app/keeper/internal/state/shard.go:22.46,27.19 4 1
github.com/spiffe/spike/app/keeper/internal/state/shard.go:27.19,28.16 1 1
github.com/spiffe/spike/app/keeper/internal/state/shard.go:28.16,30.9 2 1
github.com/spiffe/spike/app/keeper/internal/state/shard.go:35.2,35.12 1 1
github.com/spiffe/spike/app/keeper/internal/state/shard.go:35.12,37.3 1 1
github.com/spiffe/spike/app/keeper/internal/state/shard.go:39.2,39.22 1 1
github.com/spiffe/spike/app/keeper/internal/state/shard.go:45.48,47.2 1 1
github.com/spiffe/spike/app/keeper/internal/state/shard.go:52.19,54.2 1 1
github.com/spiffe/spike/app/keeper/internal/state/shard.go:58.21,60.2 1 1
github.com/spiffe/spike/app/keeper/internal/state/test_helper.go:8.19,11.23 3 1
github.com/spiffe/spike/app/keeper/internal/state/test_helper.go:11.23,13.3 1 1
github.com/spiffe/spike/app/nexus/cmd/main.go:26.13,39.16 6 0
github.com/spiffe/spike/app/nexus/cmd/main.go:39.16,43.3 3 0
github.com/spiffe/spike/app/nexus/cmd/main.go:44.2,44.15 1 0
github.com/spiffe/spike/app/nexus/cmd/main.go:44.15,46.17 2 0
github.com/spiffe/spike/app/nexus/cmd/main.go:46.17,48.4 1 0
github.com/spiffe/spike/app/nexus/cmd/main.go:51.2,58.37 2 0
github.com/spiffe/spike/app/nexus/cmd/main.go:58.37,62.3 3 0
github.com/spiffe/spike/app/nexus/cmd/main.go:64.2,85.3 3 0
github.com/spiffe/spike/app/nexus/internal/initialization/initialization.go:44.49,50.36 3 0
github.com/spiffe/spike/app/nexus/internal/initialization/initialization.go:50.36,63.3 3 0
github.com/spiffe/spike/app/nexus/internal/initialization/initialization.go:65.2,67.13 2 0
github.com/spiffe/spike/app/nexus/internal/initialization/initialization.go:67.13,77.3 3 0
github.com/spiffe/spike/app/nexus/internal/initialization/initialization.go:81.2,87.3 1 0
github.com/spiffe/spike/app/nexus/internal/initialization/recovery/keeper.go:59.8,63.45 2 1
github.com/spiffe/spike/app/nexus/internal/initialization/recovery/keeper.go:63.45,66.3 2 1
github.com/spiffe/spike/app/nexus/internal/initialization/recovery/keeper.go:73.2,73.19 1 1
github.com/spiffe/spike/app/nexus/internal/initialization/recovery/keeper.go:73.19,78.3 4 1
github.com/spiffe/spike/app/nexus/internal/initialization/recovery/keeper.go:80.2,80.56 1 0
github.com/spiffe/spike/app/nexus/internal/initialization/recovery/keeper.go:80.56,98.20 3 0
github.com/spiffe/spike/app/nexus/internal/initialization/recovery/keeper.go:98.20,100.12 2 0
github.com/spiffe/spike/app/nexus/internal/initialization/recovery/keeper.go:103.3,104.17 2 0
github.com/spiffe/spike/app/nexus/internal/initialization/recovery/keeper.go:104.17,108.12 4 0
github.com/spiffe/spike/app/nexus/internal/initialization/recovery/keeper.go:111.3,114.26 3 0
github.com/spiffe/spike/app/nexus/internal/initialization/recovery/keeper.go:114.26,118.12 4 0
github.com/spiffe/spike/app/nexus/internal/initialization/recovery/keeper.go:121.3,121.30 1 0
github.com/spiffe/spike/app/nexus/internal/initialization/recovery/keeper.go:121.30,125.12 4 0
github.com/spiffe/spike/app/nexus/internal/initialization/recovery/keeper.go:128.3,129.62 2 0
github.com/spiffe/spike/app/nexus/internal/initialization/recovery/keeper.go:129.62,138.12 2 0
github.com/spiffe/spike/app/nexus/internal/initialization/recovery/keeper.go:140.3,147.49 3 0
github.com/spiffe/spike/app/nexus/internal/initialization/recovery/keeper.go:147.49,149.18 2 0
github.com/spiffe/spike/app/nexus/internal/initialization/recovery/keeper.go:149.18,165.5 4 0
github.com/spiffe/spike/app/nexus/internal/initialization/recovery/keeper.go:167.4,170.6 1 0
github.com/spiffe/spike/app/nexus/internal/initialization/recovery/keeper.go:173.3,176.36 2 0
github.com/spiffe/spike/app/nexus/internal/initialization/recovery/keeper.go:176.36,180.4 3 0
github.com/spiffe/spike/app/nexus/internal/initialization/recovery/keeper.go:184.3,193.14 4 0
github.com/spiffe/spike/app/nexus/internal/initialization/recovery/keeper.go:197.2,197.14 1 0
github.com/spiffe/spike/app/nexus/internal/initialization/recovery/recovery.go:49.72,56.15 4 0
github.com/spiffe/spike/app/nexus/internal/initialization/recovery/recovery.go:56.15,57.42 1 0
github.com/spiffe/spike/app/nexus/internal/initialization/recovery/recovery.go:57.42,61.4 1 0
github.com/spiffe/spike/app/nexus/internal/initialization/recovery/recovery.go:64.2,76.66 3 0
github.com/spiffe/spike/app/nexus/internal/initialization/recovery/recovery.go:76.66,80.20 2 0
github.com/spiffe/spike/app/nexus/internal/initialization/recovery/recovery.go:80.20,85.4 4 0
github.com/spiffe/spike/app/nexus/internal/initialization/recovery/recovery.go:87.3,90.21 2 0
github.com/spiffe/spike/app/nexus/internal/initialization/recovery/recovery.go:90.21,93.4 2 0
github.com/spiffe/spike/app/nexus/internal/initialization/recovery/recovery.go:95.3,98.49 4 0
github.com/spiffe/spike/app/nexus/internal/initialization/recovery/recovery.go:102.2,102.16 1 0
github.com/spiffe/spike/app/nexus/internal/initialization/recovery/recovery.go:102.16,106.3 3 0
github.com/spiffe/spike/app/nexus/internal/initialization/recovery/recovery.go:128.63,137.28 3 1
github.com/spiffe/spike/app/nexus/internal/initialization/recovery/recovery.go:137.28,142.53 3 1
github.com/spiffe/spike/app/nexus/internal/initialization/recovery/recovery.go:142.53,147.4 4 1
github.com/spiffe/spike/app/nexus/internal/initialization/recovery/recovery.go:151.2,151.44 1 1
github.com/spiffe/spike/app/nexus/internal/initialization/recovery/recovery.go:151.44,156.3 4 1
github.com/spiffe/spike/app/nexus/internal/initialization/recovery/recovery.go:158.2,167.35 3 0
github.com/spiffe/spike/app/nexus/internal/initialization/recovery/recovery.go:167.35,171.3 3 0
github.com/spiffe/spike/app/nexus/internal/initialization/recovery/recovery.go:174.2,174.15 1 0
github.com/spiffe/spike/app/nexus/internal/initialization/recovery/recovery.go:174.15,176.3 1 0
github.com/spiffe/spike/app/nexus/internal/initialization/recovery/recovery.go:178.2,184.16 4 0
github.com/spiffe/spike/app/nexus/internal/initialization/recovery/recovery.go:184.16,189.3 4 0
github.com/spiffe/spike/app/nexus/internal/initialization/recovery/recovery.go:190.2,190.15 1 0
github.com/spiffe/spike/app/nexus/internal/initialization/recovery/recovery.go:190.15,192.22 2 0
github.com/spiffe/spike/app/nexus/internal/initialization/recovery/recovery.go:192.22,194.4 1 0
github.com/spiffe/spike/app/nexus/internal/initialization/recovery/recovery.go:199.2,199.47 1 0
github.com/spiffe/spike/app/nexus/internal/initialization/recovery/recovery.go:219.61,227.21 5 0
github.com/spiffe/spike/app/nexus/internal/initialization/recovery/recovery.go:227.21,231.20 2 0
github.com/spiffe/spike/app/nexus/internal/initialization/recovery/recovery.go:231.20,235.12 4 0
github.com/spiffe/spike/app/nexus/internal/initialization/recovery/recovery.go:239.3,239.26 1 0
github.com/spiffe/spike/app/nexus/internal/initialization/recovery/recovery.go:239.26,241.12 2 0
github.com/spiffe/spike/app/nexus/internal/initialization/recovery/recovery.go:245.3,248.37 3 0
github.com/spiffe/spike/app/nexus/internal/initialization/recovery/recovery.go:248.37,258.4 4 0
github.com/spiffe/spike/app/nexus/internal/initialization/recovery/recovery.go:260.3,260.39 1 0
github.com/spiffe/spike/app/nexus/internal/initialization/recovery/recovery.go:302.67,306.25 3 1
github.com/spiffe/spike/app/nexus/internal/initialization/recovery/recovery.go:306.25,309.3 2 1
github.com/spiffe/spike/app/nexus/internal/initialization/recovery/recovery.go:311.2,316.15 5 0
github.com/spiffe/spike/app/nexus/internal/initialization/recovery/recovery.go:316.15,318.29 2 0
github.com/spiffe/spike/app/nexus/internal/initialization/recovery/recovery.go:318.29,320.4 1 0
github.com/spiffe/spike/app/nexus/internal/initialization/recovery/recovery.go:323.2,325.35 2 0
github.com/spiffe/spike/app/nexus/internal/initialization/recovery/recovery.go:325.35,329.24 3 0
github.com/spiffe/spike/app/nexus/internal/initialization/recovery/recovery.go:329.24,334.4 4 0
github.com/spiffe/spike/app/nexus/internal/initialization/recovery/recovery.go:336.3,336.48 1 0
github.com/spiffe/spike/app/nexus/internal/initialization/recovery/recovery.go:336.48,341.4 4 0
github.com/spiffe/spike/app/nexus/internal/initialization/recovery/recovery.go:343.3,344.26 2 0
github.com/spiffe/spike/app/nexus/internal/initialization/recovery/recovery.go:344.26,349.4 4 0
github.com/spiffe/spike/app/nexus/internal/initialization/recovery/recovery.go:351.3,357.24 5 0
github.com/spiffe/spike/app/nexus/internal/initialization/recovery/recovery.go:360.2,363.15 2 0
github.com/spiffe/spike/app/nexus/internal/initialization/recovery/root_key.go:46.77,52.15 4 1
github.com/spiffe/spike/app/nexus/internal/initialization/recovery/root_key.go:52.15,53.28 1 1
github.com/spiffe/spike/app/nexus/internal/initialization/recovery/root_key.go:53.28,56.4 2 1
github.com/spiffe/spike/app/nexus/internal/initialization/recovery/root_key.go:60.2,60.33 1 1
github.com/spiffe/spike/app/nexus/internal/initialization/recovery/root_key.go:60.33,72.26 4 1
github.com/spiffe/spike/app/nexus/internal/initialization/recovery/root_key.go:72.26,76.4 3 0
github.com/spiffe/spike/app/nexus/internal/initialization/recovery/root_key.go:78.3,78.33 1 1
github.com/spiffe/spike/app/nexus/internal/initialization/recovery/root_key.go:84.2,86.23 3 1
github.com/spiffe/spike/app/nexus/internal/initialization/recovery/root_key.go:86.23,89.28 1 0
github.com/spiffe/spike/app/nexus/internal/initialization/recovery/root_key.go:89.28,92.4 2 0
github.com/spiffe/spike/app/nexus/internal/initialization/recovery/root_key.go:94.3,96.32 3 0
github.com/spiffe/spike/app/nexus/internal/initialization/recovery/root_key.go:99.2,99.26 1 1
github.com/spiffe/spike/app/nexus/internal/initialization/recovery/root_key.go:99.26,102.28 1 0
github.com/spiffe/spike/app/nexus/internal/initialization/recovery/root_key.go:102.28,105.4 2 0
github.com/spiffe/spike/app/nexus/internal/initialization/recovery/root_key.go:107.3,109.31 3 0
github.com/spiffe/spike/app/nexus/internal/initialization/recovery/root_key.go:112.2,112.26 1 1
github.com/spiffe/spike/app/nexus/internal/initialization/recovery/root_key.go:112.26,114.24 2 1
github.com/spiffe/spike/app/nexus/internal/initialization/recovery/root_key.go:114.24,123.4 5 0
github.com/spiffe/spike/app/nexus/internal/initialization/recovery/root_key.go:125.3,125.45 1 1
github.com/spiffe/spike/app/nexus/internal/initialization/recovery/root_key.go:125.45,131.4 4 0
github.com/spiffe/spike/app/nexus/internal/initialization/recovery/root_key.go:133.3,138.17 4 1
github.com/spiffe/spike/app/nexus/internal/initialization/recovery/root_key.go:141.2,141.38 1 0
github.com/spiffe/spike/app/nexus/internal/initialization/recovery/shard.go:36.33,37.19 1 0
github.com/spiffe/spike/app/nexus/internal/initialization/recovery/shard.go:37.19,41.3 3 0
github.com/spiffe/spike/app/nexus/internal/initialization/recovery/shard.go:43.2,45.16 3 0
github.com/spiffe/spike/app/nexus/internal/initialization/recovery/shard.go:45.16,49.3 3 0
github.com/spiffe/spike/app/nexus/internal/initialization/recovery/shard.go:51.2,58.20 3 0
github.com/spiffe/spike/app/nexus/internal/initialization/recovery/shard.go:58.20,60.3 1 0
github.com/spiffe/spike/app/nexus/internal/initialization/recovery/shard.go:62.2,62.20 1 0
github.com/spiffe/spike/app/nexus/internal/initialization/recovery/shard.go:62.20,66.3 3 0
github.com/spiffe/spike/app/nexus/internal/initialization/recovery/shard.go:68.2,68.18 1 0
github.com/spiffe/spike/app/nexus/internal/initialization/recovery/test_helper.go:10.52,12.16 2 1
github.com/spiffe/spike/app/nexus/internal/initialization/recovery/test_helper.go:12.16,14.3 1 0
github.com/spiffe/spike/app/nexus/internal/initialization/recovery/test_helper.go:17.2,18.47 2 1
github.com/spiffe/spike/app/nexus/internal/initialization/recovery/test_helper.go:18.47,20.3 1 1
github.com/spiffe/spike/app/nexus/internal/initialization/recovery/test_helper.go:22.2,24.36 1 1
github.com/spiffe/spike/app/nexus/internal/initialization/recovery/transform.go:29.3,33.16 3 1
github.com/spiffe/spike/app/nexus/internal/initialization/recovery/transform.go:33.16,37.3 3 1
github.com/spiffe/spike/app/nexus/internal/initialization/recovery/transform.go:39.2,39.18 1 1
github.com/spiffe/spike/app/nexus/internal/initialization/recovery/update.go:49.3,52.47 2 0
github.com/spiffe/spike/app/nexus/internal/initialization/recovery/update.go:52.47,56.20 2 0
github.com/spiffe/spike/app/nexus/internal/initialization/recovery/update.go:56.20,60.12 4 0
github.com/spiffe/spike/app/nexus/internal/initialization/recovery/update.go:63.3,63.26 1 0
github.com/spiffe/spike/app/nexus/internal/initialization/recovery/update.go:63.26,65.12 2 0
github.com/spiffe/spike/app/nexus/internal/initialization/recovery/update.go:68.3,78.33 5 0
github.com/spiffe/spike/app/nexus/internal/initialization/recovery/update.go:78.33,80.22 2 0
github.com/spiffe/spike/app/nexus/internal/initialization/recovery/update.go:80.22,84.13 4 0
github.com/spiffe/spike/app/nexus/internal/initialization/recovery/update.go:87.4,87.68 1 0
github.com/spiffe/spike/app/nexus/internal/initialization/recovery/update.go:87.68,89.10 2 0
github.com/spiffe/spike/app/nexus/internal/initialization/recovery/update.go:93.3,93.24 1 0
github.com/spiffe/spike/app/nexus/internal/initialization/recovery/update.go:93.24,97.12 4 0
github.com/spiffe/spike/app/nexus/internal/initialization/recovery/update.go:100.3,103.24 3 0
github.com/spiffe/spike/app/nexus/internal/initialization/recovery/update.go:103.24,111.30 6 0
github.com/spiffe/spike/app/nexus/internal/initialization/recovery/update.go:111.30,113.5 1 0
github.com/spiffe/spike/app/nexus/internal/initialization/recovery/update.go:114.4,114.12 1 0
github.com/spiffe/spike/app/nexus/internal/initialization/recovery/update.go:117.3,117.48 1 0
github.com/spiffe/spike/app/nexus/internal/initialization/recovery/update.go:117.48,127.30 6 0
github.com/spiffe/spike/app/nexus/internal/initialization/recovery/update.go:127.30,129.5 1 0
github.com/spiffe/spike/app/nexus/internal/initialization/recovery/update.go:130.4,130.12 1 0
github.com/spiffe/spike/app/nexus/internal/initialization/recovery/update.go:133.3,147.29 9 0
github.com/spiffe/spike/app/nexus/internal/initialization/recovery/update.go:147.29,149.4 1 0
github.com/spiffe/spike/app/nexus/internal/initialization/recovery/update.go:151.3,151.21 1 0
github.com/spiffe/spike/app/nexus/internal/initialization/recovery/update.go:151.21,155.12 4 0
github.com/spiffe/spike/app/nexus/internal/initialization/recovery/update.go:161.3,170.21 4 0
github.com/spiffe/spike/app/nexus/internal/initialization/recovery/update.go:170.21,174.12 4 0
github.com/spiffe/spike/app/nexus/internal/initialization/recovery/url.go:32.67,34.16 2 1
github.com/spiffe/spike/app/nexus/internal/initialization/recovery/url.go:34.16,38.3 3 1
github.com/spiffe/spike/app/nexus/internal/initialization/recovery/url.go:39.2,39.15 1 1
github.com/spiffe/spike/app/nexus/internal/route/acl/policy/delete.go:69.23,79.54 4 0
github.com/spiffe/spike/app/nexus/internal/route/acl/policy/delete.go:79.54,81.3 1 0
github.com/spiffe/spike/app/nexus/internal/route/acl/policy/delete.go:83.2,86.22 3 0
github.com/spiffe/spike/app/nexus/internal/route/acl/policy/delete.go:86.22,88.3 1 0
github.com/spiffe/spike/app/nexus/internal/route/acl/policy/delete.go:90.2,90.64 1 0
github.com/spiffe/spike/app/nexus/internal/route/acl/policy/delete_intercept.go:42.23,46.54 2 0
github.com/spiffe/spike/app/nexus/internal/route/acl/policy/delete_intercept.go:46.54,48.3 1 0
github.com/spiffe/spike/app/nexus/internal/route/acl/policy/delete_intercept.go:50.2,53.58 3 0
github.com/spiffe/spike/app/nexus/internal/route/acl/policy/delete_intercept.go:53.58,58.21 3 0
github.com/spiffe/spike/app/nexus/internal/route/acl/policy/delete_intercept.go:58.21,60.4 1 0
github.com/spiffe/spike/app/nexus/internal/route/acl/policy/delete_intercept.go:61.3,61.23 1 0
github.com/spiffe/spike/app/nexus/internal/route/acl/policy/delete_intercept.go:64.2,68.14 2 0
github.com/spiffe/spike/app/nexus/internal/route/acl/policy/delete_intercept.go:68.14,72.21 2 0
github.com/spiffe/spike/app/nexus/internal/route/acl/policy/delete_intercept.go:72.21,74.4 1 0
github.com/spiffe/spike/app/nexus/internal/route/acl/policy/delete_intercept.go:75.3,75.49 1 0
github.com/spiffe/spike/app/nexus/internal/route/acl/policy/delete_intercept.go:78.2,78.12 1 0
github.com/spiffe/spike/app/nexus/internal/route/acl/policy/get.go:83.23,92.54 4 0
github.com/spiffe/spike/app/nexus/internal/route/acl/policy/get.go:92.54,94.3 1 0
github.com/spiffe/spike/app/nexus/internal/route/acl/policy/get.go:96.2,99.22 3 0
github.com/spiffe/spike/app/nexus/internal/route/acl/policy/get.go:99.22,101.3 1 0
github.com/spiffe/spike/app/nexus/internal/route/acl/policy/get.go:103.2,103.76 1 0
github.com/spiffe/spike/app/nexus/internal/route/acl/policy/get_intercept.go:42.23,46.54 2 0
github.com/spiffe/spike/app/nexus/internal/route/acl/policy/get_intercept.go:46.54,48.3 1 0
github.com/spiffe/spike/app/nexus/internal/route/acl/policy/get_intercept.go:50.2,53.26 3 0
github.com/spiffe/spike/app/nexus/internal/route/acl/policy/get_intercept.go:53.26,57.21 2 0
github.com/spiffe/spike/app/nexus/internal/route/acl/policy/get_intercept.go:57.21,59.4 1 0
github.com/spiffe/spike/app/nexus/internal/route/acl/policy/get_intercept.go:60.3,61.23 2 0
github.com/spiffe/spike/app/nexus/internal/route/acl/policy/get_intercept.go:64.2,68.14 2 0
github.com/spiffe/spike/app/nexus/internal/route/acl/policy/get_intercept.go:68.14,72.21 2 0
github.com/spiffe/spike/app/nexus/internal/route/acl/policy/get_intercept.go:72.21,74.4 1 0
github.com/spiffe/spike/app/nexus/internal/route/acl/policy/get_intercept.go:75.3,75.49 1 0
github.com/spiffe/spike/app/nexus/internal/route/acl/policy/get_intercept.go:78.2,78.12 1 0
github.com/spiffe/spike/app/nexus/internal/route/acl/policy/list.go:59.23,68.54 4 0
github.com/spiffe/spike/app/nexus/internal/route/acl/policy/list.go:68.54,70.3 1 0
github.com/spiffe/spike/app/nexus/internal/route/acl/policy/list.go:72.2,80.9 5 0
github.com/spiffe/spike/app/nexus/internal/route/acl/policy/list.go:81.29,82.75 1 0
github.com/spiffe/spike/app/nexus/internal/route/acl/policy/list.go:83.25,84.67 1 0
github.com/spiffe/spike/app/nexus/internal/route/acl/policy/list.go:85.10,86.43 1 0
github.com/spiffe/spike/app/nexus/internal/route/acl/policy/list.go:89.2,89.20 1 0
github.com/spiffe/spike/app/nexus/internal/route/acl/policy/list.go:89.20,91.3 1 0
github.com/spiffe/spike/app/nexus/internal/route/acl/policy/list.go:93.2,94.29 2 0
github.com/spiffe/spike/app/nexus/internal/route/acl/policy/list.go:94.29,99.3 1 0
github.com/spiffe/spike/app/nexus/internal/route/acl/policy/list.go:101.2,101.77 1 0
github.com/spiffe/spike/app/nexus/internal/route/acl/policy/list_intercept.go:19.50,24.2 1 0
github.com/spiffe/spike/app/nexus/internal/route/acl/policy/list_intercept.go:47.23,50.2 1 0
github.com/spiffe/spike/app/nexus/internal/route/acl/policy/put.go:66.23,76.54 4 0
github.com/spiffe/spike/app/nexus/internal/route/acl/policy/put.go:76.54,78.3 1 0
github.com/spiffe/spike/app/nexus/internal/route/acl/policy/put.go:80.2,86.22 2 0
github.com/spiffe/spike/app/nexus/internal/route/acl/policy/put.go:86.22,88.3 1 0
github.com/spiffe/spike/app/nexus/internal/route/acl/policy/put.go:90.2,90.74 1 0
github.com/spiffe/spike/app/nexus/internal/route/acl/policy/put_intercept.go:20.51,25.2 1 0
github.com/spiffe/spike/app/nexus/internal/route/acl/policy/put_intercept.go:52.23,57.16 2 0
github.com/spiffe/spike/app/nexus/internal/route/acl/policy/put_intercept.go:57.16,59.3 1 0
github.com/spiffe/spike/app/nexus/internal/route/acl/policy/put_intercept.go:61.2,66.54 5 0
github.com/spiffe/spike/app/nexus/internal/route/acl/policy/put_intercept.go:66.54,70.21 2 0
github.com/spiffe/spike/app/nexus/internal/route/acl/policy/put_intercept.go:70.21,72.4 1 0
github.com/spiffe/spike/app/nexus/internal/route/acl/policy/put_intercept.go:73.3,73.47 1 0
github.com/spiffe/spike/app/nexus/internal/route/acl/policy/put_intercept.go:76.2,76.76 1 0
github.com/spiffe/spike/app/nexus/internal/route/acl/policy/put_intercept.go:76.76,80.20 2 0
github.com/spiffe/spike/app/nexus/internal/route/acl/policy/put_intercept.go:80.20,82.4 1 0
github.com/spiffe/spike/app/nexus/internal/route/acl/policy/put_intercept.go:83.3,83.47 1 0
github.com/spiffe/spike/app/nexus/internal/route/acl/policy/put_intercept.go:86.2,86.68 1 0
github.com/spiffe/spike/app/nexus/internal/route/acl/policy/put_intercept.go:86.68,90.21 2 0
github.com/spiffe/spike/app/nexus/internal/route/acl/policy/put_intercept.go:90.21,92.4 1 0
github.com/spiffe/spike/app/nexus/internal/route/acl/policy/put_intercept.go:93.3,93.47 1 0
github.com/spiffe/spike/app/nexus/internal/route/acl/policy/put_intercept.go:96.2,96.27 1 0
github.com/spiffe/spike/app/nexus/internal/route/acl/policy/put_intercept.go:96.27,100.21 2 0
github.com/spiffe/spike/app/nexus/internal/route/acl/policy/put_intercept.go:100.21,102.4 1 0
github.com/spiffe/spike/app/nexus/internal/route/acl/policy/put_intercept.go:103.3,103.47 1 0
github.com/spiffe/spike/app/nexus/internal/route/acl/policy/put_intercept.go:105.2,105.35 1 0
github.com/spiffe/spike/app/nexus/internal/route/acl/policy/put_intercept.go:105.35,106.48 1 0
github.com/spiffe/spike/app/nexus/internal/route/acl/policy/put_intercept.go:106.48,110.22 2 0
github.com/spiffe/spike/app/nexus/internal/route/acl/policy/put_intercept.go:110.22,112.5 1 0
github.com/spiffe/spike/app/nexus/internal/route/acl/policy/put_intercept.go:113.4,113.48 1 0
github.com/spiffe/spike/app/nexus/internal/route/acl/policy/put_intercept.go:117.2,117.12 1 0
github.com/spiffe/spike/app/nexus/internal/route/base/impl.go:32.71,33.9 1 0
github.com/spiffe/spike/app/nexus/internal/route/base/impl.go:34.55,35.31 1 0
github.com/spiffe/spike/app/nexus/internal/route/base/impl.go:36.51,37.31 1 0
github.com/spiffe/spike/app/nexus/internal/route/base/impl.go:38.54,39.34 1 0
github.com/spiffe/spike/app/nexus/internal/route/base/impl.go:40.56,41.36 1 0
github.com/spiffe/spike/app/nexus/internal/route/base/impl.go:42.52,43.31 1 0
github.com/spiffe/spike/app/nexus/internal/route/base/impl.go:44.54,45.31 1 0
github.com/spiffe/spike/app/nexus/internal/route/base/impl.go:46.50,47.31 1 0
github.com/spiffe/spike/app/nexus/internal/route/base/impl.go:48.53,49.34 1 0
github.com/spiffe/spike/app/nexus/internal/route/base/impl.go:50.51,51.34 1 0
github.com/spiffe/spike/app/nexus/internal/route/base/impl.go:52.59,53.39 1 0
github.com/spiffe/spike/app/nexus/internal/route/base/impl.go:54.63,55.31 1 0
github.com/spiffe/spike/app/nexus/internal/route/base/impl.go:56.63,57.31 1 0
github.com/spiffe/spike/app/nexus/internal/route/base/impl.go:58.61,59.29 1 0
github.com/spiffe/spike/app/nexus/internal/route/base/impl.go:60.61,61.29 1 0
github.com/spiffe/spike/app/nexus/internal/route/base/impl.go:62.63,63.31 1 0
github.com/spiffe/spike/app/nexus/internal/route/base/impl.go:64.10,65.22 1 0
github.com/spiffe/spike/app/nexus/internal/route/base/impl.go:84.73,85.9 1 0
github.com/spiffe/spike/app/nexus/internal/route/base/impl.go:86.63,87.31 1 0
github.com/spiffe/spike/app/nexus/internal/route/base/impl.go:88.63,89.31 1 0
github.com/spiffe/spike/app/nexus/internal/route/base/impl.go:90.61,91.29 1 0
github.com/spiffe/spike/app/nexus/internal/route/base/impl.go:92.61,93.29 1 0
github.com/spiffe/spike/app/nexus/internal/route/base/impl.go:94.10,95.22 1 0
github.com/spiffe/spike/app/nexus/internal/route/base/route.go:35.23,40.51 1 0
github.com/spiffe/spike/app/nexus/internal/route/base/route.go:40.51,52.49 6 0
github.com/spiffe/spike/app/nexus/internal/route/base/route.go:52.49,54.5 1 0
github.com/spiffe/spike/app/nexus/internal/route/base/route.go:56.4,56.23 1 0
github.com/spiffe/spike/app/nexus/internal/route/base/route.go:56.23,58.5 1 0
github.com/spiffe/spike/app/nexus/internal/route/base/route.go:63.4,63.40 1 0
github.com/spiffe/spike/app/nexus/internal/route/bootstrap/verify.go:57.23,66.54 4 0
github.com/spiffe/spike/app/nexus/internal/route/bootstrap/verify.go:66.54,68.3 1 0
github.com/spiffe/spike/app/nexus/internal/route/bootstrap/verify.go:71.2,72.14 2 0
github.com/spiffe/spike/app/nexus/internal/route/bootstrap/verify.go:72.14,77.3 1 0
github.com/spiffe/spike/app/nexus/internal/route/bootstrap/verify.go:80.2,81.23 2 0
github.com/spiffe/spike/app/nexus/internal/route/bootstrap/verify.go:81.23,86.3 1 0
github.com/spiffe/spike/app/nexus/internal/route/bootstrap/verify.go:89.2,96.3 3 0
github.com/spiffe/spike/app/nexus/internal/route/bootstrap/verify_intercept.go:53.23,56.16 2 0
github.com/spiffe/spike/app/nexus/internal/route/bootstrap/verify_intercept.go:56.16,58.3 1 0
github.com/spiffe/spike/app/nexus/internal/route/bootstrap/verify_intercept.go:60.2,60.45 1 0
github.com/spiffe/spike/app/nexus/internal/route/bootstrap/verify_intercept.go:60.45,65.21 2 0
github.com/spiffe/spike/app/nexus/internal/route/bootstrap/verify_intercept.go:65.21,67.4 1 0
github.com/spiffe/spike/app/nexus/internal/route/bootstrap/verify_intercept.go:68.3,68.47 1 0
github.com/spiffe/spike/app/nexus/internal/route/bootstrap/verify_intercept.go:74.2,74.64 1 0
github.com/spiffe/spike/app/nexus/internal/route/bootstrap/verify_intercept.go:74.64,79.21 2 0
github.com/spiffe/spike/app/nexus/internal/route/bootstrap/verify_intercept.go:79.21,81.4 1 0
github.com/spiffe/spike/app/nexus/internal/route/bootstrap/verify_intercept.go:82.3,82.47 1 0
github.com/spiffe/spike/app/nexus/internal/route/bootstrap/verify_intercept.go:85.2,85.12 1 0
github.com/spiffe/spike/app/nexus/internal/route/cipher/crypto.go:32.33,34.16 2 0
github.com/spiffe/spike/app/nexus/internal/route/cipher/crypto.go:34.16,37.3 2 0
github.com/spiffe/spike/app/nexus/internal/route/cipher/crypto.go:39.2,39.23 1 0
github.com/spiffe/spike/app/nexus/internal/route/cipher/crypto.go:55.33,57.16 2 0
github.com/spiffe/spike/app/nexus/internal/route/cipher/crypto.go:57.16,62.21 2 0
github.com/spiffe/spike/app/nexus/internal/route/cipher/crypto.go:62.21,64.4 1 0
github.com/spiffe/spike/app/nexus/internal/route/cipher/crypto.go:65.3,65.60 1 0
github.com/spiffe/spike/app/nexus/internal/route/cipher/crypto.go:68.2,68.23 1 0
github.com/spiffe/spike/app/nexus/internal/route/cipher/crypto.go:83.33,85.59 2 0
github.com/spiffe/spike/app/nexus/internal/route/cipher/crypto.go:85.59,91.3 2 0
github.com/spiffe/spike/app/nexus/internal/route/cipher/crypto.go:93.2,93.19 1 0
github.com/spiffe/spike/app/nexus/internal/route/cipher/crypto.go:109.33,111.59 2 0
github.com/spiffe/spike/app/nexus/internal/route/cipher/crypto.go:111.59,113.21 2 0
github.com/spiffe/spike/app/nexus/internal/route/cipher/crypto.go:113.21,116.4 1 0
github.com/spiffe/spike/app/nexus/internal/route/cipher/crypto.go:117.3,117.65 1 0
github.com/spiffe/spike/app/nexus/internal/route/cipher/crypto.go:120.2,120.19 1 0
github.com/spiffe/spike/app/nexus/internal/route/cipher/crypto.go:137.41,139.16 2 0
github.com/spiffe/spike/app/nexus/internal/route/cipher/crypto.go:139.16,141.3 1 0
github.com/spiffe/spike/app/nexus/internal/route/cipher/crypto.go:143.2,144.31 2 0
github.com/spiffe/spike/app/nexus/internal/route/cipher/crypto.go:161.41,165.16 2 0
github.com/spiffe/spike/app/nexus/internal/route/cipher/crypto.go:165.16,167.3 1 0
github.com/spiffe/spike/app/nexus/internal/route/cipher/crypto.go:169.2,170.31 2 0
github.com/spiffe/spike/app/nexus/internal/route/cipher/decrypt.go:58.23,66.22 5 0
github.com/spiffe/spike/app/nexus/internal/route/cipher/decrypt.go:66.22,68.58 1 0
github.com/spiffe/spike/app/nexus/internal/route/cipher/decrypt.go:68.58,70.4 1 0
github.com/spiffe/spike/app/nexus/internal/route/cipher/decrypt.go:71.3,71.49 1 0
github.com/spiffe/spike/app/nexus/internal/route/cipher/decrypt.go:75.2,75.57 1 0
github.com/spiffe/spike/app/nexus/internal/route/cipher/decrypt.go:75.57,79.3 1 0
github.com/spiffe/spike/app/nexus/internal/route/cipher/decrypt.go:80.2,80.43 1 0
github.com/spiffe/spike/app/nexus/internal/route/cipher/decrypt_intercept.go:53.23,57.16 1 0
github.com/spiffe/spike/app/nexus/internal/route/cipher/decrypt_intercept.go:57.16,59.3 1 0
github.com/spiffe/spike/app/nexus/internal/route/cipher/decrypt_intercept.go:62.2,64.16 1 0
github.com/spiffe/spike/app/nexus/internal/route/cipher/decrypt_intercept.go:64.16,66.3 1 0
github.com/spiffe/spike/app/nexus/internal/route/cipher/decrypt_intercept.go:69.2,71.16 1 0
github.com/spiffe/spike/app/nexus/internal/route/cipher/decrypt_intercept.go:71.16,73.3 1 0
github.com/spiffe/spike/app/nexus/internal/route/cipher/decrypt_intercept.go:76.2,77.55 2 0
github.com/spiffe/spike/app/nexus/internal/route/cipher/decrypt_intercept.go:77.55,79.3 1 0
github.com/spiffe/spike/app/nexus/internal/route/cipher/decrypt_intercept.go:81.2,81.14 1 0
github.com/spiffe/spike/app/nexus/internal/route/cipher/decrypt_intercept.go:81.14,87.3 1 0
github.com/spiffe/spike/app/nexus/internal/route/cipher/decrypt_intercept.go:89.2,89.14 1 0
github.com/spiffe/spike/app/nexus/internal/route/cipher/decrypt_intercept.go:89.14,93.21 2 0
github.com/spiffe/spike/app/nexus/internal/route/cipher/decrypt_intercept.go:93.21,95.4 1 0
github.com/spiffe/spike/app/nexus/internal/route/cipher/decrypt_intercept.go:96.3,96.49 1 0
github.com/spiffe/spike/app/nexus/internal/route/cipher/decrypt_intercept.go:99.2,99.12 1 0
github.com/spiffe/spike/app/nexus/internal/route/cipher/encrypt.go:56.23,65.22 5 0
github.com/spiffe/spike/app/nexus/internal/route/cipher/encrypt.go:65.22,67.58 1 0
github.com/spiffe/spike/app/nexus/internal/route/cipher/encrypt.go:67.58,69.4 1 0
github.com/spiffe/spike/app/nexus/internal/route/cipher/encrypt.go:70.3,70.49 1 0
github.com/spiffe/spike/app/nexus/internal/route/cipher/encrypt.go:74.2,74.57 1 0
github.com/spiffe/spike/app/nexus/internal/route/cipher/encrypt.go:74.57,78.3 1 0
github.com/spiffe/spike/app/nexus/internal/route/cipher/encrypt.go:79.2,79.43 1 0
github.com/spiffe/spike/app/nexus/internal/route/cipher/encrypt_intercept.go:53.23,57.16 1 0
github.com/spiffe/spike/app/nexus/internal/route/cipher/encrypt_intercept.go:57.16,59.3 1 0
github.com/spiffe/spike/app/nexus/internal/route/cipher/encrypt_intercept.go:62.2,63.55 2 0
github.com/spiffe/spike/app/nexus/internal/route/cipher/encrypt_intercept.go:63.55,65.3 1 0
github.com/spiffe/spike/app/nexus/internal/route/cipher/encrypt_intercept.go:67.2,67.14 1 0
github.com/spiffe/spike/app/nexus/internal/route/cipher/encrypt_intercept.go:67.14,73.3 1 0
github.com/spiffe/spike/app/nexus/internal/route/cipher/encrypt_intercept.go:75.2,75.14 1 0
github.com/spiffe/spike/app/nexus/internal/route/cipher/encrypt_intercept.go:75.14,79.21 2 0
github.com/spiffe/spike/app/nexus/internal/route/cipher/encrypt_intercept.go:79.21,81.4 1 0
github.com/spiffe/spike/app/nexus/internal/route/cipher/encrypt_intercept.go:82.3,82.49 1 0
github.com/spiffe/spike/app/nexus/internal/route/cipher/encrypt_intercept.go:85.2,85.12 1 0
github.com/spiffe/spike/app/nexus/internal/route/cipher/handle.go:32.23,40.16 2 0
github.com/spiffe/spike/app/nexus/internal/route/cipher/handle.go:40.16,42.3 1 0
github.com/spiffe/spike/app/nexus/internal/route/cipher/handle.go:45.2,46.22 2 0
github.com/spiffe/spike/app/nexus/internal/route/cipher/handle.go:46.22,48.3 1 0
github.com/spiffe/spike/app/nexus/internal/route/cipher/handle.go:51.2,54.20 2 0
github.com/spiffe/spike/app/nexus/internal/route/cipher/handle.go:54.20,56.3 1 0
github.com/spiffe/spike/app/nexus/internal/route/cipher/handle.go:59.2,67.21 3 0
github.com/spiffe/spike/app/nexus/internal/route/cipher/handle.go:67.21,69.3 1 0
github.com/spiffe/spike/app/nexus/internal/route/cipher/handle.go:71.2,72.23 2 0
github.com/spiffe/spike/app/nexus/internal/route/cipher/handle.go:72.23,74.3 1 0
github.com/spiffe/spike/app/nexus/internal/route/cipher/handle.go:76.2,76.46 1 0
github.com/spiffe/spike/app/nexus/internal/route/cipher/handle.go:96.23,99.16 2 0
github.com/spiffe/spike/app/nexus/internal/route/cipher/handle.go:99.16,101.3 1 0
github.com/spiffe/spike/app/nexus/internal/route/cipher/handle.go:104.2,105.20 2 0
github.com/spiffe/spike/app/nexus/internal/route/cipher/handle.go:105.20,107.3 1 0
github.com/spiffe/spike/app/nexus/internal/route/cipher/handle.go:110.2,111.21 2 0
github.com/spiffe/spike/app/nexus/internal/route/cipher/handle.go:111.21,113.3 1 0
github.com/spiffe/spike/app/nexus/internal/route/cipher/handle.go:116.2,117.22 2 0
github.com/spiffe/spike/app/nexus/internal/route/cipher/handle.go:117.22,119.3 1 0
github.com/spiffe/spike/app/nexus/internal/route/cipher/handle.go:121.2,124.23 2 0
github.com/spiffe/spike/app/nexus/internal/route/cipher/handle.go:124.23,126.3 1 0
github.com/spiffe/spike/app/nexus/internal/route/cipher/handle.go:128.2,128.41 1 0
github.com/spiffe/spike/app/nexus/internal/route/cipher/handle.go:148.23,151.16 2 0
github.com/spiffe/spike/app/nexus/internal/route/cipher/handle.go:151.16,153.3 1 0
github.com/spiffe/spike/app/nexus/internal/route/cipher/handle.go:156.2,157.20 2 0
github.com/spiffe/spike/app/nexus/internal/route/cipher/handle.go:157.20,159.3 1 0
github.com/spiffe/spike/app/nexus/internal/route/cipher/handle.go:162.2,168.21 3 0
github.com/spiffe/spike/app/nexus/internal/route/cipher/handle.go:168.21,170.3 1 0
github.com/spiffe/spike/app/nexus/internal/route/cipher/handle.go:173.2,174.22 2 0
github.com/spiffe/spike/app/nexus/internal/route/cipher/handle.go:174.22,176.3 1 0
github.com/spiffe/spike/app/nexus/internal/route/cipher/handle.go:178.2,179.23 2 0
github.com/spiffe/spike/app/nexus/internal/route/cipher/handle.go:179.23,181.3 1 0
github.com/spiffe/spike/app/nexus/internal/route/cipher/handle.go:183.2,183.54 1 0
github.com/spiffe/spike/app/nexus/internal/route/cipher/handle.go:203.23,206.16 2 0
github.com/spiffe/spike/app/nexus/internal/route/cipher/handle.go:206.16,208.3 1 0
github.com/spiffe/spike/app/nexus/internal/route/cipher/handle.go:211.2,212.20 2 0
github.com/spiffe/spike/app/nexus/internal/route/cipher/handle.go:212.20,214.3 1 0
github.com/spiffe/spike/app/nexus/internal/route/cipher/handle.go:217.2,218.21 2 0
github.com/spiffe/spike/app/nexus/internal/route/cipher/handle.go:218.21,220.3 1 0
github.com/spiffe/spike/app/nexus/internal/route/cipher/handle.go:223.2,224.22 2 0
github.com/spiffe/spike/app/nexus/internal/route/cipher/handle.go:224.22,226.3 1 0
github.com/spiffe/spike/app/nexus/internal/route/cipher/handle.go:228.2,231.23 2 0
github.com/spiffe/spike/app/nexus/internal/route/cipher/handle.go:231.23,233.3 1 0
github.com/spiffe/spike/app/nexus/internal/route/cipher/handle.go:235.2,235.49 1 0
github.com/spiffe/spike/app/nexus/internal/route/cipher/net.go:27.23,29.46 2 0
github.com/spiffe/spike/app/nexus/internal/route/cipher/net.go:29.46,31.3 1 0
github.com/spiffe/spike/app/nexus/internal/route/cipher/net.go:32.2,32.12 1 0
github.com/spiffe/spike/app/nexus/internal/route/cipher/net.go:47.23,53.2 1 0
github.com/spiffe/spike/app/nexus/internal/route/cipher/net.go:70.23,72.63 2 0
github.com/spiffe/spike/app/nexus/internal/route/cipher/net.go:72.63,74.3 1 0
github.com/spiffe/spike/app/nexus/internal/route/cipher/net.go:75.2,75.42 1 0
github.com/spiffe/spike/app/nexus/internal/route/cipher/net.go:75.42,77.3 1 0
github.com/spiffe/spike/app/nexus/internal/route/cipher/net.go:78.2,78.47 1 0
github.com/spiffe/spike/app/nexus/internal/route/cipher/net.go:78.47,80.3 1 0
github.com/spiffe/spike/app/nexus/internal/route/cipher/net.go:81.2,81.12 1 0
github.com/spiffe/spike/app/nexus/internal/route/cipher/net.go:97.23,105.2 1 0
github.com/spiffe/spike/app/nexus/internal/route/cipher/read.go:30.55,32.16 2 0
github.com/spiffe/spike/app/nexus/internal/route/cipher/read.go:32.16,34.3 1 0
github.com/spiffe/spike/app/nexus/internal/route/cipher/read.go:36.2,41.25 2 0
github.com/spiffe/spike/app/nexus/internal/route/cipher/read.go:41.25,43.3 1 0
github.com/spiffe/spike/app/nexus/internal/route/cipher/read.go:45.2,45.21 1 0
github.com/spiffe/spike/app/nexus/internal/route/cipher/read.go:68.47,74.26 4 0
github.com/spiffe/spike/app/nexus/internal/route/cipher/read.go:74.26,81.3 4 0
github.com/spiffe/spike/app/nexus/internal/route/cipher/read.go:83.2,86.35 2 0
github.com/spiffe/spike/app/nexus/internal/route/cipher/read.go:86.35,93.3 4 0
github.com/spiffe/spike/app/nexus/internal/route/cipher/read.go:96.2,99.36 4 0
github.com/spiffe/spike/app/nexus/internal/route/cipher/read.go:99.36,106.3 4 0
github.com/spiffe/spike/app/nexus/internal/route/cipher/read.go:109.2,110.20 2 0
github.com/spiffe/spike/app/nexus/internal/route/cipher/read.go:110.20,118.3 5 0
github.com/spiffe/spike/app/nexus/internal/route/cipher/read.go:120.2,120.40 1 0
github.com/spiffe/spike/app/nexus/internal/route/cipher/read.go:135.33,137.16 2 0
github.com/spiffe/spike/app/nexus/internal/route/cipher/read.go:137.16,139.3 1 0
github.com/spiffe/spike/app/nexus/internal/route/cipher/read.go:141.2,141.23 1 0
github.com/spiffe/spike/app/nexus/internal/route/cipher/read.go:156.55,158.16 2 0
github.com/spiffe/spike/app/nexus/internal/route/cipher/read.go:158.16,160.3 1 0
github.com/spiffe/spike/app/nexus/internal/route/cipher/read.go:162.2,167.25 2 0
github.com/spiffe/spike/app/nexus/internal/route/cipher/read.go:167.25,169.3 1 0
github.com/spiffe/spike/app/nexus/internal/route/cipher/read.go:171.2,171.21 1 0
github.com/spiffe/spike/app/nexus/internal/route/cipher/state.go:30.38,33.14 2 0
github.com/spiffe/spike/app/nexus/internal/route/cipher/state.go:33.14,39.3 2 0
github.com/spiffe/spike/app/nexus/internal/route/cipher/state.go:41.2,41.15 1 0
github.com/spiffe/spike/app/nexus/internal/route/cipher/state.go:58.38,60.14 2 0
github.com/spiffe/spike/app/nexus/internal/route/cipher/state.go:60.14,62.21 2 0
github.com/spiffe/spike/app/nexus/internal/route/cipher/state.go:62.21,64.4 1 0
github.com/spiffe/spike/app/nexus/internal/route/cipher/state.go:65.3,65.60 1 0
github.com/spiffe/spike/app/nexus/internal/route/cipher/state.go:68.2,68.15 1 0
github.com/spiffe/spike/app/nexus/internal/route/cipher/validation.go:30.39,35.54 2 0
github.com/spiffe/spike/app/nexus/internal/route/cipher/validation.go:35.54,37.3 1 0
github.com/spiffe/spike/app/nexus/internal/route/cipher/validation.go:39.2,39.26 1 0
github.com/spiffe/spike/app/nexus/internal/route/cipher/validation.go:54.23,55.35 1 1
github.com/spiffe/spike/app/nexus/internal/route/cipher/validation.go:55.35,57.21 2 1
github.com/spiffe/spike/app/nexus/internal/route/cipher/validation.go:57.21,59.4 1 0
github.com/spiffe/spike/app/nexus/internal/route/cipher/validation.go:60.3,60.61 1 1
github.com/spiffe/spike/app/nexus/internal/route/cipher/validation.go:62.2,62.12 1 1
github.com/spiffe/spike/app/nexus/internal/route/cipher/validation.go:77.23,78.37 1 1
github.com/spiffe/spike/app/nexus/internal/route/cipher/validation.go:78.37,80.21 2 1
github.com/spiffe/spike/app/nexus/internal/route/cipher/validation.go:80.21,82.4 1 0
github.com/spiffe/spike/app/nexus/internal/route/cipher/validation.go:83.3,83.47 1 1
github.com/spiffe/spike/app/nexus/internal/route/cipher/validation.go:85.2,85.12 1 1
github.com/spiffe/spike/app/nexus/internal/route/cipher/validation.go:101.23,102.56 1 1
github.com/spiffe/spike/app/nexus/internal/route/cipher/validation.go:102.56,104.21 2 1
github.com/spiffe/spike/app/nexus/internal/route/cipher/validation.go:104.21,106.4 1 0
github.com/spiffe/spike/app/nexus/internal/route/cipher/validation.go:107.3,107.47 1 1
github.com/spiffe/spike/app/nexus/internal/route/cipher/validation.go:109.2,109.12 1 1
github.com/spiffe/spike/app/nexus/internal/route/cipher/validation.go:125.23,126.54 1 1
github.com/spiffe/spike/app/nexus/internal/route/cipher/validation.go:126.54,128.21 2 1
github.com/spiffe/spike/app/nexus/internal/route/cipher/validation.go:128.21,130.4 1 0
github.com/spiffe/spike/app/nexus/internal/route/cipher/validation.go:131.3,131.39 1 1
github.com/spiffe/spike/app/nexus/internal/route/cipher/validation.go:133.2,133.12 1 1
github.com/spiffe/spike/app/nexus/internal/route/operator/recover.go:47.23,56.54 4 0
github.com/spiffe/spike/app/nexus/internal/route/operator/recover.go:56.54,58.3 1 0
github.com/spiffe/spike/app/nexus/internal/route/operator/recover.go:60.2,63.15 2 0
github.com/spiffe/spike/app/nexus/internal/route/operator/recover.go:63.15,64.25 1 0
github.com/spiffe/spike/app/nexus/internal/route/operator/recover.go:64.25,66.4 1 0
github.com/spiffe/spike/app/nexus/internal/route/operator/recover.go:69.2,69.44 1 0
github.com/spiffe/spike/app/nexus/internal/route/operator/recover.go:69.44,73.3 1 0
github.com/spiffe/spike/app/nexus/internal/route/operator/recover.go:76.2,78.33 2 0
github.com/spiffe/spike/app/nexus/internal/route/operator/recover.go:78.33,79.23 1 0
github.com/spiffe/spike/app/nexus/internal/route/operator/recover.go:79.23,83.4 3 0
github.com/spiffe/spike/app/nexus/internal/route/operator/recover.go:89.3,92.19 2 0
github.com/spiffe/spike/app/nexus/internal/route/operator/recover.go:92.19,96.4 1 0
github.com/spiffe/spike/app/nexus/internal/route/operator/recover.go:99.3,100.28 2 0
github.com/spiffe/spike/app/nexus/internal/route/operator/recover.go:100.28,101.14 1 0
github.com/spiffe/spike/app/nexus/internal/route/operator/recover.go:101.14,103.10 2 0
github.com/spiffe/spike/app/nexus/internal/route/operator/recover.go:106.3,106.13 1 0
github.com/spiffe/spike/app/nexus/internal/route/operator/recover.go:106.13,110.4 1 0
github.com/spiffe/spike/app/nexus/internal/route/operator/recover.go:113.3,113.45 1 0
github.com/spiffe/spike/app/nexus/internal/route/operator/recover.go:113.45,117.4 1 0
github.com/spiffe/spike/app/nexus/internal/route/operator/recover.go:120.2,123.15 2 0
github.com/spiffe/spike/app/nexus/internal/route/operator/recover.go:123.15,125.3 1 0
github.com/spiffe/spike/app/nexus/internal/route/operator/recover.go:126.2,126.23 1 0
github.com/spiffe/spike/app/nexus/internal/route/operator/recover.go:126.23,128.3 1 0
github.com/spiffe/spike/app/nexus/internal/route/operator/recover.go:129.2,129.12 1 0
github.com/spiffe/spike/app/nexus/internal/route/operator/recover_intercept.go:44.23,48.2 1 0
github.com/spiffe/spike/app/nexus/internal/route/operator/restore.go:61.23,66.45 3 1
github.com/spiffe/spike/app/nexus/internal/route/operator/restore.go:66.45,69.3 2 1
github.com/spiffe/spike/app/nexus/internal/route/operator/restore.go:71.2,75.54 2 1
github.com/spiffe/spike/app/nexus/internal/route/operator/restore.go:75.54,77.3 1 1
github.com/spiffe/spike/app/nexus/internal/route/operator/restore.go:79.2,88.14 6 0
github.com/spiffe/spike/app/nexus/internal/route/operator/restore.go:88.14,99.3 1 0
github.com/spiffe/spike/app/nexus/internal/route/operator/restore.go:101.2,101.31 1 0
github.com/spiffe/spike/app/nexus/internal/route/operator/restore.go:101.31,102.34 1 0
github.com/spiffe/spike/app/nexus/internal/route/operator/restore.go:102.34,103.12 1 0
github.com/spiffe/spike/app/nexus/internal/route/operator/restore.go:107.3,115.4 1 0
github.com/spiffe/spike/app/nexus/internal/route/operator/restore.go:118.2,131.14 4 0
github.com/spiffe/spike/app/nexus/internal/route/operator/restore.go:131.14,134.25 2 0
github.com/spiffe/spike/app/nexus/internal/route/operator/restore.go:134.25,137.4 2 0
github.com/spiffe/spike/app/nexus/internal/route/operator/restore.go:140.2,148.3 1 0
github.com/spiffe/spike/app/nexus/internal/route/operator/restore_intercept.go:48.23,52.16 2 0
github.com/spiffe/spike/app/nexus/internal/route/operator/restore_intercept.go:52.16,54.3 1 0
github.com/spiffe/spike/app/nexus/internal/route/operator/restore_intercept.go:57.2,57.65 1 0
github.com/spiffe/spike/app/nexus/internal/route/operator/restore_intercept.go:57.65,61.21 2 0
github.com/spiffe/spike/app/nexus/internal/route/operator/restore_intercept.go:61.21,63.4 1 0
github.com/spiffe/spike/app/nexus/internal/route/operator/restore_intercept.go:64.3,64.36 1 0
github.com/spiffe/spike/app/nexus/internal/route/operator/restore_intercept.go:67.2,68.34 2 0
github.com/spiffe/spike/app/nexus/internal/route/operator/restore_intercept.go:68.34,69.13 1 0
github.com/spiffe/spike/app/nexus/internal/route/operator/restore_intercept.go:69.13,71.9 2 0
github.com/spiffe/spike/app/nexus/internal/route/operator/restore_intercept.go:74.2,74.13 1 0
github.com/spiffe/spike/app/nexus/internal/route/operator/restore_intercept.go:74.13,78.21 2 0
github.com/spiffe/spike/app/nexus/internal/route/operator/restore_intercept.go:78.21,80.4 1 0
github.com/spiffe/spike/app/nexus/internal/route/operator/restore_intercept.go:81.3,81.36 1 0
github.com/spiffe/spike/app/nexus/internal/route/operator/restore_intercept.go:83.2,83.12 1 0
github.com/spiffe/spike/app/nexus/internal/route/operator/test_helper.go:15.20,19.2 3 1
github.com/spiffe/spike/app/nexus/internal/route/operator/test_helper.go:21.63,24.23 2 1
github.com/spiffe/spike/app/nexus/internal/route/operator/test_helper.go:24.23,26.3 1 1
github.com/spiffe/spike/app/nexus/internal/route/operator/test_helper.go:28.2,29.14 2 1
github.com/spiffe/spike/app/nexus/internal/route/secret/delete.go:57.23,66.54 4 0
github.com/spiffe/spike/app/nexus/internal/route/secret/delete.go:66.54,68.3 1 0
github.com/spiffe/spike/app/nexus/internal/route/secret/delete.go:70.2,72.24 3 0
github.com/spiffe/spike/app/nexus/internal/route/secret/delete.go:72.24,74.3 1 0
github.com/spiffe/spike/app/nexus/internal/route/secret/delete.go:76.2,77.22 2 0
github.com/spiffe/spike/app/nexus/internal/route/secret/delete.go:77.22,79.3 1 0
github.com/spiffe/spike/app/nexus/internal/route/secret/delete.go:81.2,81.64 1 0
github.com/spiffe/spike/app/nexus/internal/route/secret/delete_intercept.go:39.23,47.2 1 0
github.com/spiffe/spike/app/nexus/internal/route/secret/get.go:67.23,76.54 4 0
github.com/spiffe/spike/app/nexus/internal/route/secret/get.go:76.54,78.3 1 0
github.com/spiffe/spike/app/nexus/internal/route/secret/get.go:80.2,87.18 5 0
github.com/spiffe/spike/app/nexus/internal/route/secret/get.go:87.18,93.3 3 0
github.com/spiffe/spike/app/nexus/internal/route/secret/get.go:95.2,95.18 1 0
github.com/spiffe/spike/app/nexus/internal/route/secret/get.go:95.18,97.3 1 0
github.com/spiffe/spike/app/nexus/internal/route/secret/get.go:99.2,101.17 1 0
github.com/spiffe/spike/app/nexus/internal/route/secret/get_intercept.go:40.23,48.2 1 0
github.com/spiffe/spike/app/nexus/internal/route/secret/guard.go:48.23,53.54 2 0
github.com/spiffe/spike/app/nexus/internal/route/secret/guard.go:53.54,55.3 1 0
github.com/spiffe/spike/app/nexus/internal/route/secret/guard.go:58.2,59.14 2 0
github.com/spiffe/spike/app/nexus/internal/route/secret/guard.go:59.14,61.21 2 0
github.com/spiffe/spike/app/nexus/internal/route/secret/guard.go:61.21,63.4 1 0
github.com/spiffe/spike/app/nexus/internal/route/secret/guard.go:64.3,64.41 1 0
github.com/spiffe/spike/app/nexus/internal/route/secret/guard.go:68.2,69.20 2 0
github.com/spiffe/spike/app/nexus/internal/route/secret/guard.go:69.20,72.21 3 0
github.com/spiffe/spike/app/nexus/internal/route/secret/guard.go:72.21,74.4 1 0
github.com/spiffe/spike/app/nexus/internal/route/secret/guard.go:75.3,75.17 1 0
github.com/spiffe/spike/app/nexus/internal/route/secret/guard.go:78.2,78.12 1 0
github.com/spiffe/spike/app/nexus/internal/route/secret/list.go:58.23,67.16 4 0
github.com/spiffe/spike/app/nexus/internal/route/secret/list.go:67.16,69.3 1 0
github.com/spiffe/spike/app/nexus/internal/route/secret/list.go:71.2,73.3 1 0
github.com/spiffe/spike/app/nexus/internal/route/secret/list_intercept.go:44.23,48.16 2 0
github.com/spiffe/spike/app/nexus/internal/route/secret/list_intercept.go:48.16,50.3 1 0
github.com/spiffe/spike/app/nexus/internal/route/secret/list_intercept.go:52.2,56.14 2 0
github.com/spiffe/spike/app/nexus/internal/route/secret/list_intercept.go:56.14,61.21 2 0
github.com/spiffe/spike/app/nexus/internal/route/secret/list_intercept.go:61.21,63.4 1 0
github.com/spiffe/spike/app/nexus/internal/route/secret/list_intercept.go:64.3,64.41 1 0
github.com/spiffe/spike/app/nexus/internal/route/secret/list_intercept.go:67.2,67.12 1 0
github.com/spiffe/spike/app/nexus/internal/route/secret/map.go:35.33,37.42 2 1
github.com/spiffe/spike/app/nexus/internal/route/secret/map.go:37.42,43.3 1 1
github.com/spiffe/spike/app/nexus/internal/route/secret/map.go:45.2,56.13 1 1
github.com/spiffe/spike/app/nexus/internal/route/secret/metadata_get.go:81.23,92.54 4 0
github.com/spiffe/spike/app/nexus/internal/route/secret/metadata_get.go:92.54,94.3 1 0
github.com/spiffe/spike/app/nexus/internal/route/secret/metadata_get.go:96.2,100.19 4 0
github.com/spiffe/spike/app/nexus/internal/route/secret/metadata_get.go:100.19,102.3 1 0
github.com/spiffe/spike/app/nexus/internal/route/secret/metadata_get.go:104.2,104.67 1 0
github.com/spiffe/spike/app/nexus/internal/route/secret/metadata_get_intercept.go:45.23,49.54 2 0
github.com/spiffe/spike/app/nexus/internal/route/secret/metadata_get_intercept.go:49.54,51.3 1 0
github.com/spiffe/spike/app/nexus/internal/route/secret/metadata_get_intercept.go:53.2,55.20 3 0
github.com/spiffe/spike/app/nexus/internal/route/secret/metadata_get_intercept.go:55.20,61.21 3 0
github.com/spiffe/spike/app/nexus/internal/route/secret/metadata_get_intercept.go:61.21,63.4 1 0
github.com/spiffe/spike/app/nexus/internal/route/secret/metadata_get_intercept.go:64.3,64.17 1 0
github.com/spiffe/spike/app/nexus/internal/route/secret/metadata_get_intercept.go:67.2,71.14 2 0
github.com/spiffe/spike/app/nexus/internal/route/secret/metadata_get_intercept.go:71.14,78.21 4 0
github.com/spiffe/spike/app/nexus/internal/route/secret/metadata_get_intercept.go:78.21,80.4 1 0
github.com/spiffe/spike/app/nexus/internal/route/secret/metadata_get_intercept.go:81.3,81.17 1 0
github.com/spiffe/spike/app/nexus/internal/route/secret/metadata_get_intercept.go:84.2,84.12 1 0
github.com/spiffe/spike/app/nexus/internal/route/secret/put.go:53.23,63.54 4 0
github.com/spiffe/spike/app/nexus/internal/route/secret/put.go:63.54,65.3 1 0
github.com/spiffe/spike/app/nexus/internal/route/secret/put.go:67.2,71.22 4 0
github.com/spiffe/spike/app/nexus/internal/route/secret/put.go:71.22,73.3 1 0
github.com/spiffe/spike/app/nexus/internal/route/secret/put.go:75.2,75.61 1 0
github.com/spiffe/spike/app/nexus/internal/route/secret/put_intercept.go:48.23,52.54 2 0
github.com/spiffe/spike/app/nexus/internal/route/secret/put_intercept.go:52.54,54.3 1 0
github.com/spiffe/spike/app/nexus/internal/route/secret/put_intercept.go:56.2,59.48 3 0
github.com/spiffe/spike/app/nexus/internal/route/secret/put_intercept.go:59.48,65.21 3 0
github.com/spiffe/spike/app/nexus/internal/route/secret/put_intercept.go:65.21,67.4 1 0
github.com/spiffe/spike/app/nexus/internal/route/secret/put_intercept.go:68.3,68.17 1 0
github.com/spiffe/spike/app/nexus/internal/route/secret/put_intercept.go:71.2,72.24 2 0
github.com/spiffe/spike/app/nexus/internal/route/secret/put_intercept.go:72.24,74.21 2 0
github.com/spiffe/spike/app/nexus/internal/route/secret/put_intercept.go:74.21,80.22 3 0
github.com/spiffe/spike/app/nexus/internal/route/secret/put_intercept.go:80.22,82.5 1 0
github.com/spiffe/spike/app/nexus/internal/route/secret/put_intercept.go:83.4,83.18 1 0
github.com/spiffe/spike/app/nexus/internal/route/secret/put_intercept.go:87.2,91.14 2 0
github.com/spiffe/spike/app/nexus/internal/route/secret/put_intercept.go:91.14,98.21 4 0
github.com/spiffe/spike/app/nexus/internal/route/secret/put_intercept.go:98.21,100.4 1 0
github.com/spiffe/spike/app/nexus/internal/route/secret/put_intercept.go:101.3,101.17 1 0
github.com/spiffe/spike/app/nexus/internal/route/secret/put_intercept.go:103.2,103.12 1 0
github.com/spiffe/spike/app/nexus/internal/route/secret/undelete.go:55.23,66.54 4 0
github.com/spiffe/spike/app/nexus/internal/route/secret/undelete.go:66.54,68.3 1 0
github.com/spiffe/spike/app/nexus/internal/route/secret/undelete.go:70.2,72.24 3 0
github.com/spiffe/spike/app/nexus/internal/route/secret/undelete.go:72.24,74.3 1 0
github.com/spiffe/spike/app/nexus/internal/route/secret/undelete.go:76.2,77.24 2 0
github.com/spiffe/spike/app/nexus/internal/route/secret/undelete.go:77.24,81.3 1 0
github.com/spiffe/spike/app/nexus/internal/route/secret/undelete.go:83.2,83.66 1 0
github.com/spiffe/spike/app/nexus/internal/route/secret/undelete_intercept.go:43.23,51.2 1 0
github.com/spiffe/spike/app/nexus/internal/state/backend/lite/initialize.go:48.3,50.22 2 1
github.com/spiffe/spike/app/nexus/internal/state/backend/lite/initialize.go:50.22,53.3 2 0
github.com/spiffe/spike/app/nexus/internal/state/backend/lite/initialize.go:55.2,56.19 2 1
github.com/spiffe/spike/app/nexus/internal/state/backend/lite/initialize.go:56.19,59.3 2 0
github.com/spiffe/spike/app/nexus/internal/state/backend/lite/initialize.go:61.2,63.8 1 1
github.com/spiffe/spike/app/nexus/internal/state/backend/lite/initialize.go:75.42,77.2 1 1
github.com/spiffe/spike/app/nexus/internal/state/backend/memory/memory.go:50.67,58.2 1 1
github.com/spiffe/spike/app/nexus/internal/state/backend/memory/memory.go:72.67,75.2 1 1
github.com/spiffe/spike/app/nexus/internal/state/backend/memory/memory.go:90.62,93.2 1 1
github.com/spiffe/spike/app/nexus/internal/state/backend/memory/memory.go:111.23,121.2 4 1
github.com/spiffe/spike/app/nexus/internal/state/backend/memory/memory.go:140.36,145.63 4 1
github.com/spiffe/spike/app/nexus/internal/state/backend/memory/memory.go:145.63,147.3 1 1
github.com/spiffe/spike/app/nexus/internal/state/backend/memory/memory.go:147.8,147.23 1 1
github.com/spiffe/spike/app/nexus/internal/state/backend/memory/memory.go:147.23,149.3 1 0
github.com/spiffe/spike/app/nexus/internal/state/backend/memory/memory.go:151.2,151.23 1 1
github.com/spiffe/spike/app/nexus/internal/state/backend/memory/memory.go:169.3,179.29 5 1
github.com/spiffe/spike/app/nexus/internal/state/backend/memory/memory.go:179.29,181.17 2 1
github.com/spiffe/spike/app/nexus/internal/state/backend/memory/memory.go:181.17,182.12 1 0
github.com/spiffe/spike/app/nexus/internal/state/backend/memory/memory.go:184.3,184.24 1 1
github.com/spiffe/spike/app/nexus/internal/state/backend/memory/memory.go:187.2,187.20 1 1
github.com/spiffe/spike/app/nexus/internal/state/backend/memory/memory.go:206.23,210.21 3 1
github.com/spiffe/spike/app/nexus/internal/state/backend/memory/memory.go:210.21,214.3 3 1
github.com/spiffe/spike/app/nexus/internal/state/backend/memory/memory.go:216.2,217.12 2 1
github.com/spiffe/spike/app/nexus/internal/state/backend/memory/memory.go:235.39,240.13 4 1
github.com/spiffe/spike/app/nexus/internal/state/backend/memory/memory.go:240.13,242.3 1 1
github.com/spiffe/spike/app/nexus/internal/state/backend/memory/memory.go:244.2,244.20 1 1
github.com/spiffe/spike/app/nexus/internal/state/backend/memory/memory.go:261.50,267.37 4 1
github.com/spiffe/spike/app/nexus/internal/state/backend/memory/memory.go:267.37,269.3 1 1
github.com/spiffe/spike/app/nexus/internal/state/backend/memory/memory.go:271.2,271.20 1 1
github.com/spiffe/spike/app/nexus/internal/state/backend/memory/memory.go:286.80,292.2 4 1
github.com/spiffe/spike/app/nexus/internal/state/backend/memory/memory.go:302.41,304.2 1 1
github.com/spiffe/spike/app/nexus/internal/state/backend/memory/test_helper.go:14.49,16.50 2 1
github.com/spiffe/spike/app/nexus/internal/state/backend/memory/test_helper.go:16.50,18.3 1 0
github.com/spiffe/spike/app/nexus/internal/state/backend/memory/test_helper.go:20.2,21.22 2 1
github.com/spiffe/spike/app/nexus/internal/state/backend/memory/test_helper.go:21.22,23.3 1 0
github.com/spiffe/spike/app/nexus/internal/state/backend/memory/test_helper.go:25.2,26.19 2 1
github.com/spiffe/spike/app/nexus/internal/state/backend/memory/test_helper.go:26.19,28.3 1 0
github.com/spiffe/spike/app/nexus/internal/state/backend/memory/test_helper.go:30.2,30.12 1 1
github.com/spiffe/spike/app/nexus/internal/state/backend/noop/noop.go:33.62,35.2 1 1
github.com/spiffe/spike/app/nexus/internal/state/backend/noop/noop.go:47.67,49.2 1 1
github.com/spiffe/spike/app/nexus/internal/state/backend/noop/noop.go:65.36,67.2 1 1
github.com/spiffe/spike/app/nexus/internal/state/backend/noop/noop.go:82.3,84.2 1 1
github.com/spiffe/spike/app/nexus/internal/state/backend/noop/noop.go:100.23,102.2 1 1
github.com/spiffe/spike/app/nexus/internal/state/backend/noop/noop.go:117.23,119.2 1 1
github.com/spiffe/spike/app/nexus/internal/state/backend/noop/noop.go:135.39,137.2 1 1
github.com/spiffe/spike/app/nexus/internal/state/backend/noop/noop.go:152.50,154.2 1 1
github.com/spiffe/spike/app/nexus/internal/state/backend/noop/noop.go:167.79,169.2 1 1
github.com/spiffe/spike/app/nexus/internal/state/backend/noop/noop.go:179.41,181.2 1 1
github.com/spiffe/spike/app/nexus/internal/state/backend/sqlite/construct.go:37.69,39.16 2 0
github.com/spiffe/spike/app/nexus/internal/state/backend/sqlite/construct.go:39.16,42.3 2 0
github.com/spiffe/spike/app/nexus/internal/state/backend/sqlite/construct.go:44.2,45.22 2 0
github.com/spiffe/spike/app/nexus/internal/state/backend/sqlite/construct.go:45.22,49.3 3 0
github.com/spiffe/spike/app/nexus/internal/state/backend/sqlite/construct.go:52.2,52.38 1 0
github.com/spiffe/spike/app/nexus/internal/state/backend/sqlite/construct.go:52.38,56.3 3 0
github.com/spiffe/spike/app/nexus/internal/state/backend/sqlite/construct.go:58.2,59.19 2 0
github.com/spiffe/spike/app/nexus/internal/state/backend/sqlite/construct.go:59.19,63.3 3 0
github.com/spiffe/spike/app/nexus/internal/state/backend/sqlite/construct.go:65.2,66.19 2 0
github.com/spiffe/spike/app/nexus/internal/state/backend/sqlite/construct.go:66.19,70.3 3 0
github.com/spiffe/spike/app/nexus/internal/state/backend/sqlite/construct.go:72.2,75.8 1 0
github.com/spiffe/spike/app/nexus/internal/state/backend/sqlite/persist/cipher.go:16.45,18.2 1 0
github.com/spiffe/spike/app/nexus/internal/state/backend/sqlite/persist/crypto.go:26.80,28.59 2 0
github.com/spiffe/spike/app/nexus/internal/state/backend/sqlite/persist/crypto.go:28.59,31.3 2 0
github.com/spiffe/spike/app/nexus/internal/state/backend/sqlite/persist/crypto.go:32.2,33.31 2 0
github.com/spiffe/spike/app/nexus/internal/state/backend/sqlite/persist/crypto.go:49.33,51.16 2 1
github.com/spiffe/spike/app/nexus/internal/state/backend/sqlite/persist/crypto.go:51.16,54.3 2 1
github.com/spiffe/spike/app/nexus/internal/state/backend/sqlite/persist/crypto.go:55.2,55.23 1 1
github.com/spiffe/spike/app/nexus/internal/state/backend/sqlite/persist/field_nonce.go:46.85,48.9 2 1
github.com/spiffe/spike/app/nexus/internal/state/backend/sqlite/persist/field_nonce.go:48.9,52.3 3 0
github.com/spiffe/spike/app/nexus/internal/state/backend/sqlite/persist/field_nonce.go:54.2,54.33 1 1
github.com/spiffe/spike/app/nexus/internal/state/backend/sqlite/persist/field_nonce.go:54.33,61.3 3 0
github.com/spiffe/spike/app/nexus/internal/state/backend/sqlite/persist/field_nonce.go:63.2,64.27 2 1
github.com/spiffe/spike/app/nexus/internal/state/backend/sqlite/persist/field_nonce.go:64.27,66.3 1 1
github.com/spiffe/spike/app/nexus/internal/state/backend/sqlite/persist/field_nonce.go:67.2,67.21 1 1
github.com/spiffe/spike/app/nexus/internal/state/backend/sqlite/persist/field_nonce.go:86.33,88.22 2 1
github.com/spiffe/spike/app/nexus/internal/state/backend/sqlite/persist/field_nonce.go:88.22,90.3 1 0
github.com/spiffe/spike/app/nexus/internal/state/backend/sqlite/persist/field_nonce.go:92.2,92.48 1 1
github.com/spiffe/spike/app/nexus/internal/state/backend/sqlite/persist/field_nonce.go:111.33,113.22 2 1
github.com/spiffe/spike/app/nexus/internal/state/backend/sqlite/persist/field_nonce.go:113.22,115.3 1 0
github.com/spiffe/spike/app/nexus/internal/state/backend/sqlite/persist/field_nonce.go:117.2,117.44 1 1
github.com/spiffe/spike/app/nexus/internal/state/backend/sqlite/persist/initialize.go:43.73,51.17 5 1
github.com/spiffe/spike/app/nexus/internal/state/backend/sqlite/persist/initialize.go:51.17,53.3 1 0
github.com/spiffe/spike/app/nexus/internal/state/backend/sqlite/persist/initialize.go:55.2,55.42 1 1
github.com/spiffe/spike/app/nexus/internal/state/backend/sqlite/persist/initialize.go:55.42,58.3 2 0
github.com/spiffe/spike/app/nexus/internal/state/backend/sqlite/persist/initialize.go:60.2,69.16 3 1
github.com/spiffe/spike/app/nexus/internal/state/backend/sqlite/persist/initialize.go:69.16,72.3 2 0
github.com/spiffe/spike/app/nexus/internal/state/backend/sqlite/persist/initialize.go:75.2,80.41 4 1
github.com/spiffe/spike/app/nexus/internal/state/backend/sqlite/persist/initialize.go:80.41,83.3 2 0
github.com/spiffe/spike/app/nexus/internal/state/backend/sqlite/persist/initialize.go:86.2,86.60 1 1
github.com/spiffe/spike/app/nexus/internal/state/backend/sqlite/persist/initialize.go:86.60,88.22 2 0
github.com/spiffe/spike/app/nexus/internal/state/backend/sqlite/persist/initialize.go:88.22,90.4 1 0
github.com/spiffe/spike/app/nexus/internal/state/backend/sqlite/persist/initialize.go:91.3,91.19 1 0
github.com/spiffe/spike/app/nexus/internal/state/backend/sqlite/persist/initialize.go:94.2,95.12 2 1
github.com/spiffe/spike/app/nexus/internal/state/backend/sqlite/persist/initialize.go:112.66,114.24 2 1
github.com/spiffe/spike/app/nexus/internal/state/backend/sqlite/persist/initialize.go:114.24,116.3 1 1
github.com/spiffe/spike/app/nexus/internal/state/backend/sqlite/persist/initialize.go:117.2,117.16 1 1
github.com/spiffe/spike/app/nexus/internal/state/backend/sqlite/persist/initialize.go:117.16,119.3 1 0
github.com/spiffe/spike/app/nexus/internal/state/backend/sqlite/persist/initialize.go:120.2,120.12 1 1
github.com/spiffe/spike/app/nexus/internal/state/backend/sqlite/persist/nonce.go:29.64,33.59 3 0
github.com/spiffe/spike/app/nexus/internal/state/backend/sqlite/persist/nonce.go:33.59,36.3 2 0
github.com/spiffe/spike/app/nexus/internal/state/backend/sqlite/persist/nonce.go:38.2,38.19 1 0
github.com/spiffe/spike/app/nexus/internal/state/backend/sqlite/persist/nonce.go:56.33,57.40 1 1
github.com/spiffe/spike/app/nexus/internal/state/backend/sqlite/persist/nonce.go:57.40,64.3 3 0
github.com/spiffe/spike/app/nexus/internal/state/backend/sqlite/persist/nonce.go:66.2,67.24 2 1
github.com/spiffe/spike/app/nexus/internal/state/backend/sqlite/persist/options.go:44.32,54.2 1 1
github.com/spiffe/spike/app/nexus/internal/state/backend/sqlite/persist/parse.go:35.3,36.17 1 0
github.com/spiffe/spike/app/nexus/internal/state/backend/sqlite/persist/parse.go:36.17,38.3 1 0
github.com/spiffe/spike/app/nexus/internal/state/backend/sqlite/persist/parse.go:40.2,43.58 2 0
github.com/spiffe/spike/app/nexus/internal/state/backend/sqlite/persist/parse.go:43.58,45.3 1 0
github.com/spiffe/spike/app/nexus/internal/state/backend/sqlite/persist/parse.go:46.2,46.62 1 0
github.com/spiffe/spike/app/nexus/internal/state/backend/sqlite/persist/parse.go:46.62,48.3 1 0
github.com/spiffe/spike/app/nexus/internal/state/backend/sqlite/persist/parse.go:49.2,49.66 1 0
github.com/spiffe/spike/app/nexus/internal/state/backend/sqlite/persist/parse.go:49.66,51.3 1 0
github.com/spiffe/spike/app/nexus/internal/state/backend/sqlite/persist/parse.go:52.2,52.65 1 0
github.com/spiffe/spike/app/nexus/internal/state/backend/sqlite/persist/parse.go:52.65,54.3 1 0
github.com/spiffe/spike/app/nexus/internal/state/backend/sqlite/persist/parse.go:55.2,55.60 1 0
github.com/spiffe/spike/app/nexus/internal/state/backend/sqlite/persist/parse.go:55.60,57.3 1 0
github.com/spiffe/spike/app/nexus/internal/state/backend/sqlite/persist/parse.go:58.2,58.60 1 0
github.com/spiffe/spike/app/nexus/internal/state/backend/sqlite/persist/parse.go:58.60,60.3 1 0
github.com/spiffe/spike/app/nexus/internal/state/backend/sqlite/persist/parse.go:61.2,61.81 1 0
github.com/spiffe/spike/app/nexus/internal/state/backend/sqlite/persist/parse.go:61.81,63.3 1 0
github.com/spiffe/spike/app/nexus/internal/state/backend/sqlite/persist/parse.go:66.2,66.30 1 0
github.com/spiffe/spike/app/nexus/internal/state/backend/sqlite/persist/parse.go:66.30,68.3 1 0
github.com/spiffe/spike/app/nexus/internal/state/backend/sqlite/persist/parse.go:69.2,69.35 1 0
github.com/spiffe/spike/app/nexus/internal/state/backend/sqlite/persist/parse.go:69.35,71.3 1 0
github.com/spiffe/spike/app/nexus/internal/state/backend/sqlite/persist/parse.go:72.2,72.34 1 0
github.com/spiffe/spike/app/nexus/internal/state/backend/sqlite/persist/parse.go:72.34,74.3 1 0
github.com/spiffe/spike/app/nexus/internal/state/backend/sqlite/persist/parse.go:75.2,75.35 1 0
github.com/spiffe/spike/app/nexus/internal/state/backend/sqlite/persist/parse.go:75.35,77.3 1 0
github.com/spiffe/spike/app/nexus/internal/state/backend/sqlite/persist/parse.go:78.2,78.34 1 0
github.com/spiffe/spike/app/nexus/internal/state/backend/sqlite/persist/parse.go:78.34,80.3 1 0
github.com/spiffe/spike/app/nexus/internal/state/backend/sqlite/persist/parse.go:81.2,81.34 1 0
github.com/spiffe/spike/app/nexus/internal/state/backend/sqlite/persist/parse.go:81.34,83.3 1 0
github.com/spiffe/spike/app/nexus/internal/state/backend/sqlite/persist/parse.go:84.2,84.37 1 0
github.com/spiffe/spike/app/nexus/internal/state/backend/sqlite/persist/parse.go:84.37,86.3 1 0
github.com/spiffe/spike/app/nexus/internal/state/backend/sqlite/persist/parse.go:89.2,89.55 1 0
github.com/spiffe/spike/app/nexus/internal/state/backend/sqlite/persist/parse.go:89.55,97.3 3 0
github.com/spiffe/spike/app/nexus/internal/state/backend/sqlite/persist/parse.go:99.2,99.24 1 0
github.com/spiffe/spike/app/nexus/internal/state/backend/sqlite/persist/policy.go:37.23,48.21 6 0
github.com/spiffe/spike/app/nexus/internal/state/backend/sqlite/persist/policy.go:48.21,51.3 2 0
github.com/spiffe/spike/app/nexus/internal/state/backend/sqlite/persist/policy.go:53.2,54.25 2 0
github.com/spiffe/spike/app/nexus/internal/state/backend/sqlite/persist/policy.go:54.25,55.17 1 0
github.com/spiffe/spike/app/nexus/internal/state/backend/sqlite/persist/policy.go:55.17,57.26 2 0
github.com/spiffe/spike/app/nexus/internal/state/backend/sqlite/persist/policy.go:57.26,60.5 2 0
github.com/spiffe/spike/app/nexus/internal/state/backend/sqlite/persist/policy.go:64.2,65.20 2 0
github.com/spiffe/spike/app/nexus/internal/state/backend/sqlite/persist/policy.go:65.20,68.3 2 0
github.com/spiffe/spike/app/nexus/internal/state/backend/sqlite/persist/policy.go:70.2,70.48 1 0
github.com/spiffe/spike/app/nexus/internal/state/backend/sqlite/persist/policy.go:70.48,73.3 2 0
github.com/spiffe/spike/app/nexus/internal/state/backend/sqlite/persist/policy.go:75.2,76.12 2 0
github.com/spiffe/spike/app/nexus/internal/state/backend/sqlite/persist/policy.go:94.23,105.21 6 0
github.com/spiffe/spike/app/nexus/internal/state/backend/sqlite/persist/policy.go:105.21,108.3 2 0
github.com/spiffe/spike/app/nexus/internal/state/backend/sqlite/persist/policy.go:110.2,111.25 2 0
github.com/spiffe/spike/app/nexus/internal/state/backend/sqlite/persist/policy.go:111.25,112.17 1 0
github.com/spiffe/spike/app/nexus/internal/state/backend/sqlite/persist/policy.go:112.17,114.26 2 0
github.com/spiffe/spike/app/nexus/internal/state/backend/sqlite/persist/policy.go:114.26,117.5 2 0
github.com/spiffe/spike/app/nexus/internal/state/backend/sqlite/persist/policy.go:122.2,123.33 2 0
github.com/spiffe/spike/app/nexus/internal/state/backend/sqlite/persist/policy.go:123.33,125.43 2 0
github.com/spiffe/spike/app/nexus/internal/state/backend/sqlite/persist/policy.go:125.43,127.4 1 0
github.com/spiffe/spike/app/nexus/internal/state/backend/sqlite/persist/policy.go:128.3,128.50 1 0
github.com/spiffe/spike/app/nexus/internal/state/backend/sqlite/persist/policy.go:132.2,133.21 2 0
github.com/spiffe/spike/app/nexus/internal/state/backend/sqlite/persist/policy.go:133.21,135.3 1 0
github.com/spiffe/spike/app/nexus/internal/state/backend/sqlite/persist/policy.go:136.2,139.19 2 0
github.com/spiffe/spike/app/nexus/internal/state/backend/sqlite/persist/policy.go:139.19,145.3 3 0
github.com/spiffe/spike/app/nexus/internal/state/backend/sqlite/persist/policy.go:147.2,151.20 2 0
github.com/spiffe/spike/app/nexus/internal/state/backend/sqlite/persist/policy.go:151.20,157.3 3 0
github.com/spiffe/spike/app/nexus/internal/state/backend/sqlite/persist/policy.go:158.2,161.20 2 0
github.com/spiffe/spike/app/nexus/internal/state/backend/sqlite/persist/policy.go:161.20,167.3 3 0
github.com/spiffe/spike/app/nexus/internal/state/backend/sqlite/persist/policy.go:169.2,180.20 2 0
[...]
github.com/spiffe/spike/app/spike/internal/cmd/policy/query.go:135.2,135.20 1 1
github.com/spiffe/spike/app/spike/internal/cmd/policy/query.go:135.20,137.3 1 1
github.com/spiffe/spike/app/spike/internal/cmd/policy/query.go:139.2,139.27 1 1
github.com/spiffe/spike/app/spike/internal/cmd/policy/query.go:139.27,141.37 2 1
github.com/spiffe/spike/app/spike/internal/cmd/policy/query.go:141.37,142.13 1 1
github.com/spiffe/spike/app/spike/internal/cmd/policy/query.go:142.13,144.5 1 1
github.com/spiffe/spike/app/spike/internal/cmd/policy/query.go:145.4,145.27 1 1
github.com/spiffe/spike/app/spike/internal/cmd/policy/query.go:147.3,150.25 3 1
github.com/spiffe/spike/app/spike/internal/cmd/policy/query.go:154.2,155.20 2 1
github.com/spiffe/spike/app/spike/internal/cmd/policy/query.go:155.20,156.53 1 1
github.com/spiffe/spike/app/spike/internal/cmd/policy/query.go:156.53,158.18 2 1
github.com/spiffe/spike/app/spike/internal/cmd/policy/query.go:158.18,160.5 1 1
github.com/spiffe/spike/app/spike/internal/cmd/policy/query.go:164.2,171.20 2 1
github.com/spiffe/spike/app/spike/internal/cmd/policy/test_helper.go:18.50,23.28 3 1
github.com/spiffe/spike/app/spike/internal/cmd/policy/test_helper.go:23.28,27.65 2 1
github.com/spiffe/spike/app/spike/internal/cmd/policy/test_helper.go:27.65,28.12 1 1
github.com/spiffe/spike/app/spike/internal/cmd/policy/test_helper.go:31.3,32.22 2 1
github.com/spiffe/spike/app/spike/internal/cmd/policy/test_helper.go:35.2,35.19 1 1
github.com/spiffe/spike/app/spike/internal/cmd/policy/validation.go:29.31,31.16 2 0
github.com/spiffe/spike/app/spike/internal/cmd/policy/validation.go:31.16,33.3 1 0
github.com/spiffe/spike/app/spike/internal/cmd/policy/validation.go:35.2,35.21 1 0
github.com/spiffe/spike/app/spike/internal/cmd/policy/validation.go:35.21,36.36 1 0
github.com/spiffe/spike/app/spike/internal/cmd/policy/validation.go:36.36,37.27 1 0
github.com/spiffe/spike/app/spike/internal/cmd/policy/validation.go:37.27,39.5 1 0
github.com/spiffe/spike/app/spike/internal/cmd/policy/validation.go:43.2,43.19 1 0
github.com/spiffe/spike/app/spike/internal/cmd/secret/delete.go:53.18,68.48 1 1
github.com/spiffe/spike/app/spike/internal/cmd/secret/delete.go:68.48,71.21 2 0
github.com/spiffe/spike/app/spike/internal/cmd/secret/delete.go:71.21,74.5 2 0
github.com/spiffe/spike/app/spike/internal/cmd/secret/delete.go:76.4,81.30 4 0
github.com/spiffe/spike/app/spike/internal/cmd/secret/delete.go:81.30,84.5 2 0
github.com/spiffe/spike/app/spike/internal/cmd/secret/delete.go:86.4,86.22 1 0
github.com/spiffe/spike/app/spike/internal/cmd/secret/delete.go:86.22,88.5 1 0
github.com/spiffe/spike/app/spike/internal/cmd/secret/delete.go:91.4,92.34 2 0
github.com/spiffe/spike/app/spike/internal/cmd/secret/delete.go:92.34,94.19 2 0
github.com/spiffe/spike/app/spike/internal/cmd/secret/delete.go:94.19,97.6 2 0
github.com/spiffe/spike/app/spike/internal/cmd/secret/delete.go:99.5,99.20 1 0
github.com/spiffe/spike/app/spike/internal/cmd/secret/delete.go:99.20,102.6 2 0
github.com/spiffe/spike/app/spike/internal/cmd/secret/delete.go:105.4,106.34 2 0
github.com/spiffe/spike/app/spike/internal/cmd/secret/delete.go:106.34,108.19 2 0
github.com/spiffe/spike/app/spike/internal/cmd/secret/delete.go:108.19,110.6 1 0
github.com/spiffe/spike/app/spike/internal/cmd/secret/delete.go:112.4,112.17 1 0
github.com/spiffe/spike/app/spike/internal/cmd/secret/delete.go:112.17,114.5 1 0
github.com/spiffe/spike/app/spike/internal/cmd/secret/delete.go:116.4,117.39 2 0
github.com/spiffe/spike/app/spike/internal/cmd/secret/delete.go:117.39,119.5 1 0
github.com/spiffe/spike/app/spike/internal/cmd/secret/delete.go:121.4,121.21 1 0
github.com/spiffe/spike/app/spike/internal/cmd/secret/delete.go:125.2,128.18 2 1
github.com/spiffe/spike/app/spike/internal/cmd/secret/get.go:54.18,59.48 1 1
github.com/spiffe/spike/app/spike/internal/cmd/secret/get.go:59.48,62.21 2 0
github.com/spiffe/spike/app/spike/internal/cmd/secret/get.go:62.21,65.5 2 0
github.com/spiffe/spike/app/spike/internal/cmd/secret/get.go:67.4,73.24 5 0
github.com/spiffe/spike/app/spike/internal/cmd/secret/get.go:73.24,76.5 2 0
github.com/spiffe/spike/app/spike/internal/cmd/secret/get.go:78.4,78.30 1 0
github.com/spiffe/spike/app/spike/internal/cmd/secret/get.go:78.30,81.5 2 0
github.com/spiffe/spike/app/spike/internal/cmd/secret/get.go:83.4,84.39 2 0
github.com/spiffe/spike/app/spike/internal/cmd/secret/get.go:84.39,86.5 1 0
github.com/spiffe/spike/app/spike/internal/cmd/secret/get.go:88.4,88.21 1 0
github.com/spiffe/spike/app/spike/internal/cmd/secret/get.go:88.21,91.5 2 0
github.com/spiffe/spike/app/spike/internal/cmd/secret/get.go:93.4,93.26 1 0
github.com/spiffe/spike/app/spike/internal/cmd/secret/get.go:93.26,96.5 2 0
github.com/spiffe/spike/app/spike/internal/cmd/secret/get.go:98.4,100.22 3 0
github.com/spiffe/spike/app/spike/internal/cmd/secret/get.go:100.22,102.5 1 0
github.com/spiffe/spike/app/spike/internal/cmd/secret/get.go:105.4,105.36 1 0
github.com/spiffe/spike/app/spike/internal/cmd/secret/get.go:105.36,107.25 2 0
github.com/spiffe/spike/app/spike/internal/cmd/secret/get.go:107.25,108.19 1 0
github.com/spiffe/spike/app/spike/internal/cmd/secret/get.go:108.19,111.7 2 0
github.com/spiffe/spike/app/spike/internal/cmd/secret/get.go:111.12,111.25 1 0
github.com/spiffe/spike/app/spike/internal/cmd/secret/get.go:111.25,114.12 3 0
github.com/spiffe/spike/app/spike/internal/cmd/secret/get.go:117.5,117.15 1 0
github.com/spiffe/spike/app/spike/internal/cmd/secret/get.go:117.15,119.6 1 0
github.com/spiffe/spike/app/spike/internal/cmd/secret/get.go:120.5,120.11 1 0
github.com/spiffe/spike/app/spike/internal/cmd/secret/get.go:124.4,125.17 2 0
github.com/spiffe/spike/app/spike/internal/cmd/secret/get.go:125.17,127.5 1 0
github.com/spiffe/spike/app/spike/internal/cmd/secret/get.go:127.10,129.16 2 0
github.com/spiffe/spike/app/spike/internal/cmd/secret/get.go:129.16,132.6 2 0
github.com/spiffe/spike/app/spike/internal/cmd/secret/get.go:133.5,133.23 1 0
github.com/spiffe/spike/app/spike/internal/cmd/secret/get.go:136.4,136.24 1 0
github.com/spiffe/spike/app/spike/internal/cmd/secret/get.go:137.21,139.26 2 0
github.com/spiffe/spike/app/spike/internal/cmd/secret/get.go:139.26,142.6 2 0
github.com/spiffe/spike/app/spike/internal/cmd/secret/get.go:143.5,143.34 1 0
github.com/spiffe/spike/app/spike/internal/cmd/secret/get.go:145.21,147.26 2 0
github.com/spiffe/spike/app/spike/internal/cmd/secret/get.go:147.26,150.6 2 0
github.com/spiffe/spike/app/spike/internal/cmd/secret/get.go:151.5,151.34 1 0
github.com/spiffe/spike/app/spike/internal/cmd/secret/get.go:156.2,159.15 3 1
github.com/spiffe/spike/app/spike/internal/cmd/secret/list.go:51.18,55.48 1 1
github.com/spiffe/spike/app/spike/internal/cmd/secret/list.go:55.48,58.21 2 0
github.com/spiffe/spike/app/spike/internal/cmd/secret/list.go:58.21,61.5 2 0
github.com/spiffe/spike/app/spike/internal/cmd/secret/list.go:63.4,64.24 2 0
github.com/spiffe/spike/app/spike/internal/cmd/secret/list.go:64.24,67.5 2 0
github.com/spiffe/spike/app/spike/internal/cmd/secret/list.go:69.4,72.39 3 0
github.com/spiffe/spike/app/spike/internal/cmd/secret/list.go:72.39,74.5 1 0
github.com/spiffe/spike/app/spike/internal/cmd/secret/list.go:76.4,78.24 2 0
github.com/spiffe/spike/app/spike/internal/cmd/secret/list.go:79.21,80.20 1 0
github.com/spiffe/spike/app/spike/internal/cmd/secret/list.go:80.20,83.6 2 0
github.com/spiffe/spike/app/spike/internal/cmd/secret/list.go:84.5,85.26 2 0
github.com/spiffe/spike/app/spike/internal/cmd/secret/list.go:85.26,88.6 2 0
github.com/spiffe/spike/app/spike/internal/cmd/secret/list.go:89.5,89.32 1 0
github.com/spiffe/spike/app/spike/internal/cmd/secret/list.go:91.21,92.20 1 0
github.com/spiffe/spike/app/spike/internal/cmd/secret/list.go:92.20,95.6 2 0
github.com/spiffe/spike/app/spike/internal/cmd/secret/list.go:96.5,97.26 2 0
github.com/spiffe/spike/app/spike/internal/cmd/secret/list.go:97.26,100.6 2 0
github.com/spiffe/spike/app/spike/internal/cmd/secret/list.go:101.5,101.30 1 0
github.com/spiffe/spike/app/spike/internal/cmd/secret/list.go:103.12,104.20 1 0
github.com/spiffe/spike/app/spike/internal/cmd/secret/list.go:104.20,107.6 2 0
github.com/spiffe/spike/app/spike/internal/cmd/secret/list.go:108.5,108.31 1 0
github.com/spiffe/spike/app/spike/internal/cmd/secret/list.go:108.31,110.6 1 0
github.com/spiffe/spike/app/spike/internal/cmd/secret/list.go:115.2,117.16 2 1
github.com/spiffe/spike/app/spike/internal/cmd/secret/metadata_get.go:53.18,63.48 2 1
github.com/spiffe/spike/app/spike/internal/cmd/secret/metadata_get.go:63.48,66.21 2 0
github.com/spiffe/spike/app/spike/internal/cmd/secret/metadata_get.go:66.21,69.5 2 0
github.com/spiffe/spike/app/spike/internal/cmd/secret/metadata_get.go:71.4,72.24 2 0
github.com/spiffe/spike/app/spike/internal/cmd/secret/metadata_get.go:72.24,75.5 2 0
github.com/spiffe/spike/app/spike/internal/cmd/secret/metadata_get.go:77.4,83.39 5 0
github.com/spiffe/spike/app/spike/internal/cmd/secret/metadata_get.go:83.39,85.5 1 0
github.com/spiffe/spike/app/spike/internal/cmd/secret/metadata_get.go:87.4,87.21 1 0
github.com/spiffe/spike/app/spike/internal/cmd/secret/metadata_get.go:87.21,90.5 2 0
github.com/spiffe/spike/app/spike/internal/cmd/secret/metadata_get.go:92.4,92.24 1 0
github.com/spiffe/spike/app/spike/internal/cmd/secret/metadata_get.go:93.21,95.26 2 0
github.com/spiffe/spike/app/spike/internal/cmd/secret/metadata_get.go:95.26,98.6 2 0
github.com/spiffe/spike/app/spike/internal/cmd/secret/metadata_get.go:99.5,99.32 1 0
github.com/spiffe/spike/app/spike/internal/cmd/secret/metadata_get.go:101.21,103.26 2 0
github.com/spiffe/spike/app/spike/internal/cmd/secret/metadata_get.go:103.26,106.6 2 0
github.com/spiffe/spike/app/spike/internal/cmd/secret/metadata_get.go:107.5,107.30 1 0
github.com/spiffe/spike/app/spike/internal/cmd/secret/metadata_get.go:109.12,110.37 1 0
github.com/spiffe/spike/app/spike/internal/cmd/secret/metadata_get.go:115.2,120.12 4 1
github.com/spiffe/spike/app/spike/internal/cmd/secret/new.go:54.18,69.2 8 1
github.com/spiffe/spike/app/spike/internal/cmd/secret/print.go:21.37,23.2 1 1
github.com/spiffe/spike/app/spike/internal/cmd/secret/print.go:49.3,50.27 1 1
github.com/spiffe/spike/app/spike/internal/cmd/secret/print.go:50.27,52.3 1 1
github.com/spiffe/spike/app/spike/internal/cmd/secret/print.go:54.2,56.17 3 1
github.com/spiffe/spike/app/spike/internal/cmd/secret/print.go:56.17,65.3 8 1
github.com/spiffe/spike/app/spike/internal/cmd/secret/print.go:67.2,67.32 1 1
github.com/spiffe/spike/app/spike/internal/cmd/secret/print.go:67.32,71.55 3 1
github.com/spiffe/spike/app/spike/internal/cmd/secret/print.go:71.55,74.38 3 1
github.com/spiffe/spike/app/spike/internal/cmd/secret/print.go:74.38,77.5 1 1
github.com/spiffe/spike/app/spike/internal/cmd/secret/print.go:78.4,78.20 1 1
github.com/spiffe/spike/app/spike/internal/cmd/secret/put.go:56.18,61.48 1 1
github.com/spiffe/spike/app/spike/internal/cmd/secret/put.go:61.48,64.21 2 0
github.com/spiffe/spike/app/spike/internal/cmd/secret/put.go:64.21,67.5 2 0
github.com/spiffe/spike/app/spike/internal/cmd/secret/put.go:69.4,73.30 3 0
github.com/spiffe/spike/app/spike/internal/cmd/secret/put.go:73.30,76.5 2 0
github.com/spiffe/spike/app/spike/internal/cmd/secret/put.go:78.4,80.31 3 0
github.com/spiffe/spike/app/spike/internal/cmd/secret/put.go:80.31,81.35 1 0
github.com/spiffe/spike/app/spike/internal/cmd/secret/put.go:81.35,83.14 2 0
github.com/spiffe/spike/app/spike/internal/cmd/secret/put.go:85.5,86.28 2 0
github.com/spiffe/spike/app/spike/internal/cmd/secret/put.go:89.4,89.24 1 0
github.com/spiffe/spike/app/spike/internal/cmd/secret/put.go:89.24,92.5 2 0
github.com/spiffe/spike/app/spike/internal/cmd/secret/put.go:94.4,95.39 2 0
github.com/spiffe/spike/app/spike/internal/cmd/secret/put.go:95.39,97.5 1 0
github.com/spiffe/spike/app/spike/internal/cmd/secret/put.go:99.4,99.21 1 0
github.com/spiffe/spike/app/spike/internal/cmd/secret/put.go:103.2,103.15 1 1
github.com/spiffe/spike/app/spike/internal/cmd/secret/undelete.go:51.18,66.48 1 1
github.com/spiffe/spike/app/spike/internal/cmd/secret/undelete.go:66.48,69.21 2 0
github.com/spiffe/spike/app/spike/internal/cmd/secret/undelete.go:69.21,72.5 2 0
github.com/spiffe/spike/app/spike/internal/cmd/secret/undelete.go:74.4,78.30 3 0
github.com/spiffe/spike/app/spike/internal/cmd/secret/undelete.go:78.30,81.5 2 0
github.com/spiffe/spike/app/spike/internal/cmd/secret/undelete.go:83.4,84.22 2 0
github.com/spiffe/spike/app/spike/internal/cmd/secret/undelete.go:84.22,86.5 1 0
github.com/spiffe/spike/app/spike/internal/cmd/secret/undelete.go:89.4,91.34 3 0
github.com/spiffe/spike/app/spike/internal/cmd/secret/undelete.go:91.34,94.19 2 0
github.com/spiffe/spike/app/spike/internal/cmd/secret/undelete.go:94.19,97.6 2 0
github.com/spiffe/spike/app/spike/internal/cmd/secret/undelete.go:99.5,99.20 1 0
github.com/spiffe/spike/app/spike/internal/cmd/secret/undelete.go:99.20,102.6 2 0
github.com/spiffe/spike/app/spike/internal/cmd/secret/undelete.go:104.5,104.29 1 0
github.com/spiffe/spike/app/spike/internal/cmd/secret/undelete.go:107.4,108.39 2 0
github.com/spiffe/spike/app/spike/internal/cmd/secret/undelete.go:108.39,110.5 1 0
github.com/spiffe/spike/app/spike/internal/cmd/secret/undelete.go:112.4,112.21 1 0
github.com/spiffe/spike/app/spike/internal/cmd/secret/undelete.go:116.2,119.20 2 1
github.com/spiffe/spike/app/spike/internal/cmd/secret/validation.go:27.40,29.2 1 1
github.com/spiffe/spike/app/spike/internal/stdout/error.go:54.69,55.16 1 1
github.com/spiffe/spike/app/spike/internal/stdout/error.go:55.16,57.3 1 1
github.com/spiffe/spike/app/spike/internal/stdout/error.go:60.2,60.9 1 1
github.com/spiffe/spike/app/spike/internal/stdout/error.go:61.42,63.14 2 0
github.com/spiffe/spike/app/spike/internal/stdout/error.go:64.47,66.14 2 1
github.com/spiffe/spike/app/spike/internal/stdout/error.go:67.49,69.14 2 1
github.com/spiffe/spike/app/spike/internal/stdout/error.go:70.40,72.14 2 1
github.com/spiffe/spike/app/spike/internal/stdout/error.go:73.42,75.14 2 1
github.com/spiffe/spike/app/spike/internal/stdout/error.go:76.45,78.14 2 1
github.com/spiffe/spike/app/spike/internal/stdout/error.go:79.46,81.14 2 1
github.com/spiffe/spike/app/spike/internal/stdout/error.go:82.47,84.14 2 1
github.com/spiffe/spike/app/spike/internal/stdout/error.go:85.51,87.14 2 1
github.com/spiffe/spike/app/spike/internal/stdout/error.go:91.2,92.15 2 1
github.com/spiffe/spike/app/spike/internal/stdout/error.go:93.26,94.32 1 1
github.com/spiffe/spike/app/spike/internal/stdout/error.go:94.32,96.4 1 1
github.com/spiffe/spike/app/spike/internal/stdout/error.go:97.26,98.32 1 1
github.com/spiffe/spike/app/spike/internal/stdout/error.go:98.32,100.4 1 1
github.com/spiffe/spike/app/spike/internal/stdout/error.go:104.2,105.13 2 0
github.com/spiffe/spike/app/spike/internal/stdout/error_impl.go:23.47,25.21 2 1
github.com/spiffe/spike/app/spike/internal/stdout/error_impl.go:25.21,27.3 1 1
github.com/spiffe/spike/app/spike/internal/stdout/error_impl.go:28.2,28.11 1 1
github.com/spiffe/spike/app/spike/internal/stdout/error_impl.go:40.72,41.9 1 1
github.com/spiffe/spike/app/spike/internal/stdout/error_impl.go:42.43,44.14 2 1
github.com/spiffe/spike/app/spike/internal/stdout/error_impl.go:45.42,47.14 2 1
github.com/spiffe/spike/app/spike/internal/stdout/error_impl.go:48.42,50.14 2 1
github.com/spiffe/spike/app/spike/internal/stdout/error_impl.go:51.49,53.14 2 1
github.com/spiffe/spike/app/spike/internal/stdout/error_impl.go:55.2,55.14 1 1
github.com/spiffe/spike/app/spike/internal/stdout/error_impl.go:67.72,68.9 1 1
github.com/spiffe/spike/app/spike/internal/stdout/error_impl.go:69.51,71.14 2 1
github.com/spiffe/spike/app/spike/internal/stdout/error_impl.go:72.51,74.14 2 1
github.com/spiffe/spike/app/spike/internal/stdout/error_impl.go:75.53,77.14 2 1
github.com/spiffe/spike/app/spike/internal/stdout/error_impl.go:78.61,80.14 2 1
github.com/spiffe/spike/app/spike/internal/stdout/error_impl.go:82.2,82.14 1 1
github.com/spiffe/spike/app/spike/internal/stdout/stdout.go:31.22,38.16 6 0
github.com/spiffe/spike/app/spike/internal/stdout/stdout.go:38.16,42.3 1 0
github.com/spiffe/spike/app/spike/internal/stdout/stdout.go:42.8,54.3 1 0
github.com/spiffe/spike/app/spike/internal/stdout/stdout.go:56.2,56.54 1 0
github.com/spiffe/spike/app/spike/internal/stdout/stdout.go:56.54,58.3 1 0
github.com/spiffe/spike/app/spike/internal/trust/spiffeid.go:21.44,23.41 2 1
github.com/spiffe/spike/app/spike/internal/trust/spiffeid.go:23.41,27.3 3 1
github.com/spiffe/spike/app/spike/internal/trust/spiffeid.go:34.51,36.40 2 1
github.com/spiffe/spike/app/spike/internal/trust/spiffeid.go:36.40,40.3 3 1
github.com/spiffe/spike/app/spike/internal/trust/spiffeid.go:47.51,49.40 2 1
github.com/spiffe/spike/app/spike/internal/trust/spiffeid.go:49.40,53.3 3 1
github.com/spiffe/spike/ci/test/main.go:18.42,21.26 3 0
github.com/spiffe/spike/ci/test/main.go:21.26,24.3 2 0
github.com/spiffe/spike/ci/test/main.go:25.2,25.25 1 0
github.com/spiffe/spike/ci/test/main.go:28.13,36.16 5 0
github.com/spiffe/spike/ci/test/main.go:36.16,38.3 1 0
github.com/spiffe/spike/ci/test/main.go:39.2,39.36 1 0
github.com/spiffe/spike/ci/test/main.go:39.36,41.3 1 0
github.com/spiffe/spike/ci/test/main.go:43.2,44.16 2 0
github.com/spiffe/spike/ci/test/main.go:44.16,46.3 1 0
github.com/spiffe/spike/ci/test/main.go:47.2,48.16 2 0
github.com/spiffe/spike/ci/test/main.go:48.16,51.3 2 0
github.com/spiffe/spike/ci/test/main.go:53.2,54.16 2 0
github.com/spiffe/spike/ci/test/main.go:54.16,56.3 1 0
github.com/spiffe/spike/ci/test/main.go:57.2,58.16 2 0
github.com/spiffe/spike/ci/test/main.go:58.16,61.3 2 0
github.com/spiffe/spike/ci/test/main.go:63.2,64.16 2 0
github.com/spiffe/spike/ci/test/main.go:64.16,66.3 1 0
github.com/spiffe/spike/ci/test/main.go:68.2,73.16 3 0
github.com/spiffe/spike/ci/test/main.go:73.16,75.3 1 0
github.com/spiffe/spike/ci/test/main.go:76.2,76.36 1 0
github.com/spiffe/spike/ci/test/main.go:76.36,78.3 1 0
github.com/spiffe/spike/ci/test/main.go:80.2,81.16 2 0
github.com/spiffe/spike/ci/test/main.go:81.16,83.3 1 0
github.com/spiffe/spike/ci/test/main.go:84.2,85.16 2 0
github.com/spiffe/spike/ci/test/main.go:85.16,88.3 2 0
github.com/spiffe/spike/ci/test/main.go:90.2,91.16 2 0
github.com/spiffe/spike/ci/test/main.go:91.16,93.3 1 0
github.com/spiffe/spike/ci/test/main.go:97.2,98.16 2 0
github.com/spiffe/spike/ci/test/main.go:98.16,100.3 1 0
github.com/spiffe/spike/ci/test/main.go:102.2,103.16 2 0
github.com/spiffe/spike/ci/test/main.go:103.16,105.3 1 0
github.com/spiffe/spike/ci/test/main.go:109.2,110.16 2 0
github.com/spiffe/spike/ci/test/main.go:110.16,112.3 1 0
github.com/spiffe/spike/ci/test/main.go:114.2,115.16 2 0
github.com/spiffe/spike/ci/test/main.go:115.16,117.3 1 0
github.com/spiffe/spike/ci/test/main.go:119.2,119.39 1 0
github.com/spiffe/spike/internal/net/factory.go:31.62,36.26 2 0
github.com/spiffe/spike/internal/net/factory.go:36.26,38.3 1 0
github.com/spiffe/spike/internal/net/factory.go:40.2,40.25 1 0
github.com/spiffe/spike/internal/net/handle.go:44.29,47.4 1 0
github.com/spiffe/spike/internal/net/handle.go:47.4,64.17 6 0
github.com/spiffe/spike/internal/net/handle.go:64.17,67.4 2 0
github.com/spiffe/spike/internal/net/handle.go:67.9,71.4 3 0
github.com/spiffe/spike/internal/net/handle.go:73.3,74.23 2 0
github.com/spiffe/spike/internal/net/response.go:37.23,43.2 2 0
github.com/spiffe/spike/internal/net/response.go:66.23,72.2 2 0
github.com/spiffe/spike/internal/out/out.go:28.46,29.29 1 0
github.com/spiffe/spike/internal/out/out.go:29.29,31.3 1 0
github.com/spiffe/spike/internal/out/out.go:33.2,39.3 1 0
github.com/spiffe/spike/internal/out/out.go:49.33,52.16 2 0
github.com/spiffe/spike/internal/out/out.go:52.16,55.3 2 0
github.com/spiffe/spike/internal/out/out.go:56.2,56.33 1 0
github.com/spiffe/spike/internal/out/out.go:56.33,58.3 1 0
github.com/spiffe/spike/internal/out/out.go:59.2,59.75 1 0
github.com/spiffe/spike/internal/out/out.go:69.43,72.2 2 0
